#
# There is insufficient memory for the Java Runtime Environment to continue.
# Native memory allocation (mmap) failed to map 88080384 bytes for Failed to commit area from 0x0000000088c00000 to 0x000000008e000000 of length 88080384.
# Possible reasons:
#   The system is out of physical RAM or swap space
#   The process is running with CompressedOops enabled, and the Java Heap may be blocking the growth of the native heap
# Possible solutions:
#   Reduce memory load on the system
#   Increase physical memory or swap space
#   Check if swap backing store is full
#   Decrease Java heap size (-Xmx/-Xms)
#   Decrease number of Java threads
#   Decrease Java thread stack sizes (-Xss)
#   Set larger code cache with -XX:ReservedCodeCacheSize=
#   JVM is running with Unscaled Compressed Oops mode in which the Java heap is
#     placed in the first 4GB address space. The Java Heap base address is the
#     maximum limit for the native heap growth. Please use -XX:HeapBaseMinAddress
#     to set the Java Heap base and to place the Java Heap above 4GB virtual address.
# This output file may be truncated or incomplete.
#
#  Out of Memory Error (./src/hotspot/os/windows/os_windows.cpp:3301), pid=9252, tid=8660
#
# JRE version: OpenJDK Runtime Environment (11.0.10) (build 11.0.10+0-b96-7249189)
# Java VM: OpenJDK 64-Bit Server VM (11.0.10+0-b96-7249189, mixed mode, tiered, compressed oops, g1 gc, windows-amd64)
# No core dump will be written. Minidumps are not enabled by default on client versions of Windows
#

---------------  S U M M A R Y ------------

Command Line: --add-opens=java.base/java.util=ALL-UNNAMED --add-opens=java.base/java.lang=ALL-UNNAMED --add-opens=java.base/java.lang.invoke=ALL-UNNAMED --add-opens=java.base/java.util=ALL-UNNAMED --add-opens=java.prefs/java.util.prefs=ALL-UNNAMED --add-opens=java.prefs/java.util.prefs=ALL-UNNAMED --add-opens=java.base/java.nio.charset=ALL-UNNAMED --add-opens=java.base/java.net=ALL-UNNAMED --add-opens=java.base/java.util.concurrent.atomic=ALL-UNNAMED -Xmx2048m -Dfile.encoding=UTF-8 -Duser.country=US -Duser.language=en -Duser.variant org.gradle.launcher.daemon.bootstrap.GradleDaemon 7.0.2

Host: Intel(R) Core(TM) i3-4030U CPU @ 1.90GHz, 4 cores, 5G,  Windows 10 , 64 bit Build 18362 (10.0.18362.329)
Time: Tue Oct 26 08:08:33 2021 SE Asia Standard Time elapsed time: 57.794178 seconds (0d 0h 0m 57s)

---------------  T H R E A D  ---------------

Current thread (0x000001f5fb440800):  VMThread "VM Thread" [stack: 0x0000007937300000,0x0000007937400000] [id=8660]

Stack: [0x0000007937300000,0x0000007937400000]
[error occurred during error reporting (printing stack bounds), id 0xc0000005, EXCEPTION_ACCESS_VIOLATION (0xc0000005) at pc=0x000001f5e4bf0f2d]

Native frames: (J=compiled Java code, j=interpreted, Vv=VM code, C=native code)
V  [jvm.dll+0x5ecfaa]
V  [jvm.dll+0x722bd5]
V  [jvm.dll+0x72412d]
V  [jvm.dll+0x724745]
V  [jvm.dll+0x7246fb]
V  [jvm.dll+0x5ec348]
V  [jvm.dll+0x5ecad8]
C  [ntdll.dll+0xa11ff]
C  [ntdll.dll+0x6a289]
C  [ntdll.dll+0x9fe6e]
C  0x000001f5e4bf0f2d

VM_Operation (0x0000007939ff84e0): G1CollectForAllocation, mode: safepoint, requested by thread 0x000001f581feb000


---------------  P R O C E S S  ---------------

Threads class SMR info:
_java_thread_list=0x000001f580c40a20, length=53, elements={
0x000001f5df93c800, 0x000001f5fb445000, 0x000001f5fb448800, 0x000001f5fb452800,
0x000001f5fb462800, 0x000001f5fb466000, 0x000001f5fb46f000, 0x000001f5fb471000,
0x000001f5fb472800, 0x000001f5fbf11800, 0x000001f58030d000, 0x000001f58030e000,
0x000001f58030c000, 0x000001f58030e800, 0x000001f580310800, 0x000001f58030f800,
0x000001f580311000, 0x000001f580312000, 0x000001f580313000, 0x000001f5fc7fd800,
0x000001f5fc7fc000, 0x000001f5fc7fc800, 0x000001f5fc7f7800, 0x000001f5fc7f8800,
0x000001f5fc7fe000, 0x000001f5fc7ff000, 0x000001f5fc7f9800, 0x000001f5fc7fb000,
0x000001f5fc800000, 0x000001f5fc7fa000, 0x000001f5fc804000, 0x000001f5fc805000,
0x000001f5fc803000, 0x000001f5fc801800, 0x000001f5fc802800, 0x000001f581fe9000,
0x000001f581feb800, 0x000001f581fea000, 0x000001f581fe7000, 0x000001f581feb000,
0x000001f581fe8800, 0x000001f581fec800, 0x000001f581ff3000, 0x000001f581ff0000,
0x000001f581ff4000, 0x000001f581ff1800, 0x000001f581fee000, 0x000001f581ff0800,
0x000001f581ff4800, 0x000001f581fef000, 0x000001f581ff5800, 0x000001f5868d4800,
0x000001f5868d1000
}

Java Threads: ( => current thread )
  0x000001f5df93c800 JavaThread "main" [_thread_blocked, id=6224, stack(0x0000007936d00000,0x0000007936e00000)]
  0x000001f5fb445000 JavaThread "Reference Handler" daemon [_thread_blocked, id=4504, stack(0x0000007937400000,0x0000007937500000)]
  0x000001f5fb448800 JavaThread "Finalizer" daemon [_thread_blocked, id=8688, stack(0x0000007937500000,0x0000007937600000)]
  0x000001f5fb452800 JavaThread "Signal Dispatcher" daemon [_thread_blocked, id=1956, stack(0x0000007937600000,0x0000007937700000)]
  0x000001f5fb462800 JavaThread "Attach Listener" daemon [_thread_blocked, id=10212, stack(0x0000007937700000,0x0000007937800000)]
  0x000001f5fb466000 JavaThread "Service Thread" daemon [_thread_blocked, id=520, stack(0x0000007937800000,0x0000007937900000)]
  0x000001f5fb46f000 JavaThread "C2 CompilerThread0" daemon [_thread_in_native, id=7948, stack(0x0000007937900000,0x0000007937a00000)]
  0x000001f5fb471000 JavaThread "C1 CompilerThread0" daemon [_thread_blocked, id=9512, stack(0x0000007937a00000,0x0000007937b00000)]
  0x000001f5fb472800 JavaThread "Sweeper thread" daemon [_thread_blocked, id=8924, stack(0x0000007937b00000,0x0000007937c00000)]
  0x000001f5fbf11800 JavaThread "Common-Cleaner" daemon [_thread_blocked, id=2740, stack(0x0000007937c00000,0x0000007937d00000)]
  0x000001f58030d000 JavaThread "Daemon health stats" [_thread_blocked, id=4488, stack(0x0000007938100000,0x0000007938200000)]
  0x000001f58030e000 JavaThread "Incoming local TCP Connector on port 65322" [_thread_in_native, id=4696, stack(0x0000007937f00000,0x0000007938000000)]
  0x000001f58030c000 JavaThread "Daemon periodic checks" [_thread_blocked, id=6556, stack(0x0000007938200000,0x0000007938300000)]
  0x000001f58030e800 JavaThread "Daemon" [_thread_blocked, id=1524, stack(0x0000007938300000,0x0000007938400000)]
  0x000001f580310800 JavaThread "Handler for socket connection from /127.0.0.1:65322 to /127.0.0.1:65323" [_thread_in_native, id=5972, stack(0x0000007938400000,0x0000007938500000)]
  0x000001f58030f800 JavaThread "Cancel handler" [_thread_blocked, id=9908, stack(0x0000007938500000,0x0000007938600000)]
  0x000001f580311000 JavaThread "Daemon worker" [_thread_blocked, id=4596, stack(0x0000007938600000,0x0000007938700000)]
  0x000001f580312000 JavaThread "Asynchronous log dispatcher for DefaultDaemonConnection: socket connection from /127.0.0.1:65322 to /127.0.0.1:65323" [_thread_blocked, id=8684, stack(0x0000007938700000,0x0000007938800000)]
  0x000001f580313000 JavaThread "Stdin handler" [_thread_blocked, id=8464, stack(0x0000007938800000,0x0000007938900000)]
  0x000001f5fc7fd800 JavaThread "Daemon client event forwarder" [_thread_blocked, id=1580, stack(0x0000007938900000,0x0000007938a00000)]
  0x000001f5fc7fc000 JavaThread "Cache worker for file hash cache (C:\Program Files\Android\gradle-7.2\caches\7.0.2\fileHashes)" [_thread_blocked, id=3920, stack(0x0000007938a00000,0x0000007938b00000)]
  0x000001f5fc7fc800 JavaThread "File lock request listener" [_thread_in_native, id=5624, stack(0x0000007938b00000,0x0000007938c00000)]
  0x000001f5fc7f7800 JavaThread "Cache worker for journal cache (C:\Program Files\Android\gradle-7.2\caches\journal-1)" [_thread_blocked, id=8480, stack(0x0000007938e00000,0x0000007938f00000)]
  0x000001f5fc7f8800 JavaThread "Cache worker for file hash cache (C:\Users\User\AndroidStudioProjects\JubitorRemake\.gradle\7.0.2\fileHashes)" [_thread_blocked, id=9356, stack(0x0000007938f00000,0x0000007939000000)]
  0x000001f5fc7fe000 JavaThread "File watcher server" daemon [_thread_blocked, id=2440, stack(0x0000007939000000,0x0000007939100000)]
  0x000001f5fc7ff000 JavaThread "File watcher consumer" daemon [_thread_blocked, id=9648, stack(0x0000007939100000,0x0000007939200000)]
  0x000001f5fc7f9800 JavaThread "Cache worker for checksums cache (C:\Users\User\AndroidStudioProjects\JubitorRemake\.gradle\checksums)" [_thread_blocked, id=10124, stack(0x0000007939200000,0x0000007939300000)]
  0x000001f5fc7fb000 JavaThread "Cache worker for cache directory md-supplier (C:\Program Files\Android\gradle-7.2\caches\7.0.2\md-supplier)" [_thread_blocked, id=5468, stack(0x0000007939300000,0x0000007939400000)]
  0x000001f5fc800000 JavaThread "Cache worker for cache directory md-rule (C:\Program Files\Android\gradle-7.2\caches\7.0.2\md-rule)" [_thread_blocked, id=9640, stack(0x0000007939400000,0x0000007939500000)]
  0x000001f5fc7fa000 JavaThread "Cache worker for execution history cache (C:\Program Files\Android\gradle-7.2\caches\7.0.2\executionHistory)" [_thread_blocked, id=1204, stack(0x0000007939500000,0x0000007939600000)]
  0x000001f5fc804000 JavaThread "jar transforms" [_thread_blocked, id=8300, stack(0x0000007939600000,0x0000007939700000)]
  0x000001f5fc805000 JavaThread "jar transforms Thread 2" [_thread_blocked, id=8584, stack(0x0000007939800000,0x0000007939900000)]
  0x000001f5fc803000 JavaThread "Cache worker for file content cache (C:\Program Files\Android\gradle-7.2\caches\7.0.2\fileContent)" [_thread_blocked, id=844, stack(0x0000007939900000,0x0000007939a00000)]
  0x000001f5fc801800 JavaThread "Cache worker for dependencies-accessors (C:\Users\User\AndroidStudioProjects\JubitorRemake\.gradle\7.0.2\dependencies-accessors)" [_thread_blocked, id=2920, stack(0x0000007939a00000,0x0000007939b00000)]
  0x000001f5fc802800 JavaThread "jar transforms Thread 3" [_thread_blocked, id=6632, stack(0x0000007939700000,0x0000007939800000)]
  0x000001f581fe9000 JavaThread "Cache worker for Build Output Cleanup Cache (C:\Users\User\AndroidStudioProjects\JubitorRemake\.gradle\buildOutputCleanup)" [_thread_blocked, id=3324, stack(0x0000007939b00000,0x0000007939c00000)]
  0x000001f581feb800 JavaThread "Build operations" [_thread_blocked, id=8752, stack(0x0000007939c00000,0x0000007939d00000)]
  0x000001f581fea000 JavaThread "Build operations Thread 2" [_thread_blocked, id=8680, stack(0x0000007939d00000,0x0000007939e00000)]
  0x000001f581fe7000 JavaThread "Build operations Thread 3" [_thread_blocked, id=1168, stack(0x0000007939e00000,0x0000007939f00000)]
  0x000001f581feb000 JavaThread "Build operations Thread 4" [_thread_blocked, id=7456, stack(0x0000007939f00000,0x000000793a000000)]
  0x000001f581fe8800 JavaThread "jar transforms Thread 4" [_thread_blocked, id=10096, stack(0x000000793a000000,0x000000793a100000)]
  0x000001f581fec800 JavaThread "Memory manager" [_thread_blocked, id=6472, stack(0x000000793a100000,0x000000793a200000)]
  0x000001f581ff3000 JavaThread "build event listener" [_thread_blocked, id=6264, stack(0x000000793a400000,0x000000793a500000)]
  0x000001f581ff0000 JavaThread "pool-3-thread-1" [_thread_blocked, id=1792, stack(0x000000793a500000,0x000000793a600000)]
  0x000001f581ff4000 JavaThread "build event listener" [_thread_blocked, id=2724, stack(0x000000793a600000,0x000000793a700000)]
  0x000001f581ff1800 JavaThread "Execution worker for ':'" [_thread_blocked, id=1464, stack(0x000000793a700000,0x000000793a800000)]
  0x000001f581fee000 JavaThread "Execution worker for ':' Thread 2" [_thread_blocked, id=8744, stack(0x000000793a800000,0x000000793a900000)]
  0x000001f581ff0800 JavaThread "Execution worker for ':' Thread 3" [_thread_blocked, id=6928, stack(0x000000793a900000,0x000000793aa00000)]
  0x000001f581ff4800 JavaThread "Cache worker for execution history cache (C:\Users\User\AndroidStudioProjects\JubitorRemake\.gradle\7.0.2\executionHistory)" [_thread_blocked, id=6808, stack(0x000000793aa00000,0x000000793ab00000)]
  0x000001f581fef000 JavaThread "WorkerExecutor Queue" [_thread_blocked, id=8832, stack(0x000000793ab00000,0x000000793ac00000)]
  0x000001f581ff5800 JavaThread "pool-4-thread-1" [_thread_blocked, id=6876, stack(0x000000793ac00000,0x000000793ad00000)]
  0x000001f5868d4800 JavaThread "stderr" [_thread_in_native, id=8288, stack(0x000000793ad00000,0x000000793ae00000)]
  0x000001f5868d1000 JavaThread "stdout" [_thread_in_native, id=9076, stack(0x000000793ae00000,0x000000793af00000)]

Other Threads:
=>0x000001f5fb440800 VMThread "VM Thread" [stack: 0x0000007937300000,0x0000007937400000] [id=8660]
  0x000001f5fbf19800 WatcherThread [stack: 0x0000007937d00000,0x0000007937e00000] [id=4240]
  0x000001f5df956000 GCTaskThread "GC Thread#0" [stack: 0x0000007936e00000,0x0000007936f00000] [id=3028]
  0x000001f5fc890000 GCTaskThread "GC Thread#1" [stack: 0x0000007938000000,0x0000007938100000] [id=9320]
  0x000001f5fcbef800 GCTaskThread "GC Thread#2" [stack: 0x0000007938c00000,0x0000007938d00000] [id=4568]
  0x000001f5fdc0e800 GCTaskThread "GC Thread#3" [stack: 0x0000007938d00000,0x0000007938e00000] [id=6780]
  0x000001f5df986800 ConcurrentGCThread "G1 Main Marker" [stack: 0x0000007936f00000,0x0000007937000000] [id=5220]
  0x000001f5df988800 ConcurrentGCThread "G1 Conc#0" [stack: 0x0000007937000000,0x0000007937100000] [id=4636]
  0x000001f5df9fb800 ConcurrentGCThread "G1 Refine#0" [stack: 0x0000007937100000,0x0000007937200000] [id=7488]
  0x000001f5df9fc800 ConcurrentGCThread "G1 Young RemSet Sampling" [stack: 0x0000007937200000,0x0000007937300000] [id=8984]

Threads with active compile tasks:
C2 CompilerThread0  58056 10685 %     4       com.android.tools.r8.internal.T6::a @ 1511 (6044 bytes)

VM state:at safepoint (normal execution)

VM Mutex/Monitor currently owned by a thread:  ([mutex/lock_event])
[0x000001f5df938f40] Threads_lock - owner thread: 0x000001f5fb440800
[0x000001f5df9381c0] Heap_lock - owner thread: 0x000001f581feb000

Heap address: 0x0000000080000000, size: 2048 MB, Compressed Oops mode: 32-bit
Narrow klass base: 0x0000000000000000, Narrow klass shift: 3
Compressed class space size: 1073741824 Address: 0x0000000100000000

Heap:
 garbage-first heap   total 229376K, used 107762K [0x0000000080000000, 0x0000000100000000)
  region size 1024K, 3 young (3072K), 3 survivors (3072K)
 Metaspace       used 92798K, capacity 95095K, committed 95484K, reserved 1132544K
  class space    used 11976K, capacity 12817K, committed 12928K, reserved 1048576K
Heap Regions: E=young(eden), S=young(survivor), O=old, HS=humongous(starts), HC=humongous(continues), CS=collection set, F=free, A=archive, TAMS=top-at-mark-start (previous, next)
|   0|0x0000000080000000, 0x0000000080100000, 0x0000000080100000|100%|HS|  |TAMS 0x0000000080100000, 0x0000000080000000| Complete 
|   1|0x0000000080100000, 0x0000000080200000, 0x0000000080200000|100%|HC|  |TAMS 0x0000000080200000, 0x0000000080100000| Complete 
|   2|0x0000000080200000, 0x0000000080300000, 0x0000000080300000|100%|HC|  |TAMS 0x0000000080300000, 0x0000000080200000| Complete 
|   3|0x0000000080300000, 0x0000000080400000, 0x0000000080400000|100%| O|  |TAMS 0x0000000080400000, 0x0000000080300000| Updating 
|   4|0x0000000080400000, 0x0000000080500000, 0x0000000080500000|100%| O|  |TAMS 0x0000000080500000, 0x0000000080400000| Updating 
|   5|0x0000000080500000, 0x0000000080600000, 0x0000000080600000|100%| O|  |TAMS 0x0000000080600000, 0x0000000080500000| Updating 
|   6|0x0000000080600000, 0x0000000080700000, 0x0000000080700000|100%| O|  |TAMS 0x0000000080700000, 0x0000000080600000| Updating 
|   7|0x0000000080700000, 0x0000000080800000, 0x0000000080800000|100%| O|  |TAMS 0x0000000080800000, 0x0000000080700000| Updating 
|   8|0x0000000080800000, 0x0000000080900000, 0x0000000080900000|100%| O|  |TAMS 0x0000000080900000, 0x0000000080800000| Updating 
|   9|0x0000000080900000, 0x0000000080a00000, 0x0000000080a00000|100%| O|  |TAMS 0x0000000080a00000, 0x0000000080900000| Updating 
|  10|0x0000000080a00000, 0x0000000080b00000, 0x0000000080b00000|100%| O|  |TAMS 0x0000000080b00000, 0x0000000080a00000| Updating 
|  11|0x0000000080b00000, 0x0000000080c00000, 0x0000000080c00000|100%| O|  |TAMS 0x0000000080c00000, 0x0000000080b00000| Updating 
|  12|0x0000000080c00000, 0x0000000080d00000, 0x0000000080d00000|100%| O|  |TAMS 0x0000000080d00000, 0x0000000080c00000| Updating 
|  13|0x0000000080d00000, 0x0000000080e00000, 0x0000000080e00000|100%| O|  |TAMS 0x0000000080e00000, 0x0000000080d00000| Updating 
|  14|0x0000000080e00000, 0x0000000080f00000, 0x0000000080f00000|100%| O|  |TAMS 0x0000000080f00000, 0x0000000080e00000| Updating 
|  15|0x0000000080f00000, 0x0000000081000000, 0x0000000081000000|100%| O|  |TAMS 0x0000000081000000, 0x0000000080f00000| Updating 
|  16|0x0000000081000000, 0x0000000081100000, 0x0000000081100000|100%| O|  |TAMS 0x0000000081100000, 0x0000000081000000| Updating 
|  17|0x0000000081100000, 0x0000000081200000, 0x0000000081200000|100%| O|  |TAMS 0x0000000081200000, 0x0000000081100000| Updating 
|  18|0x0000000081200000, 0x0000000081300000, 0x0000000081300000|100%| O|  |TAMS 0x0000000081300000, 0x0000000081200000| Updating 
|  19|0x0000000081300000, 0x0000000081400000, 0x0000000081400000|100%|HS|  |TAMS 0x0000000081400000, 0x0000000081300000| Complete 
|  20|0x0000000081400000, 0x0000000081500000, 0x0000000081500000|100%| O|  |TAMS 0x0000000081500000, 0x0000000081400000| Updating 
|  21|0x0000000081500000, 0x0000000081600000, 0x0000000081600000|100%| O|  |TAMS 0x0000000081600000, 0x0000000081500000| Updating 
|  22|0x0000000081600000, 0x0000000081700000, 0x0000000081700000|100%| O|  |TAMS 0x0000000081700000, 0x0000000081600000| Updating 
|  23|0x0000000081700000, 0x0000000081800000, 0x0000000081800000|100%| O|  |TAMS 0x0000000081800000, 0x0000000081700000| Updating 
|  24|0x0000000081800000, 0x0000000081900000, 0x0000000081900000|100%| O|  |TAMS 0x0000000081900000, 0x0000000081800000| Updating 
|  25|0x0000000081900000, 0x0000000081a00000, 0x0000000081a00000|100%| O|  |TAMS 0x0000000081a00000, 0x0000000081900000| Updating 
|  26|0x0000000081a00000, 0x0000000081b00000, 0x0000000081b00000|100%| O|  |TAMS 0x0000000081b00000, 0x0000000081a00000| Updating 
|  27|0x0000000081b00000, 0x0000000081c00000, 0x0000000081c00000|100%|HS|  |TAMS 0x0000000081c00000, 0x0000000081b00000| Complete 
|  28|0x0000000081c00000, 0x0000000081d00000, 0x0000000081d00000|100%|HS|  |TAMS 0x0000000081d00000, 0x0000000081c00000| Complete 
|  29|0x0000000081d00000, 0x0000000081e00000, 0x0000000081e00000|100%|HC|  |TAMS 0x0000000081e00000, 0x0000000081d00000| Complete 
|  30|0x0000000081e00000, 0x0000000081f00000, 0x0000000081f00000|100%| O|  |TAMS 0x0000000081f00000, 0x0000000081e00000| Updating 
|  31|0x0000000081f00000, 0x0000000082000000, 0x0000000082000000|100%| O|  |TAMS 0x0000000082000000, 0x0000000081f00000| Updating 
|  32|0x0000000082000000, 0x0000000082100000, 0x0000000082100000|100%| O|  |TAMS 0x0000000082100000, 0x0000000082000000| Updating 
|  33|0x0000000082100000, 0x0000000082200000, 0x0000000082200000|100%| O|  |TAMS 0x0000000082200000, 0x0000000082100000| Updating 
|  34|0x0000000082200000, 0x0000000082300000, 0x0000000082300000|100%| O|  |TAMS 0x0000000082300000, 0x0000000082200000| Updating 
|  35|0x0000000082300000, 0x0000000082400000, 0x0000000082400000|100%| O|  |TAMS 0x0000000082400000, 0x0000000082300000| Updating 
|  36|0x0000000082400000, 0x0000000082500000, 0x0000000082500000|100%| O|  |TAMS 0x0000000082500000, 0x0000000082400000| Updating 
|  37|0x0000000082500000, 0x0000000082600000, 0x0000000082600000|100%| O|  |TAMS 0x0000000082600000, 0x0000000082500000| Updating 
|  38|0x0000000082600000, 0x0000000082700000, 0x0000000082700000|100%| O|  |TAMS 0x0000000082700000, 0x0000000082600000| Updating 
|  39|0x0000000082700000, 0x0000000082800000, 0x0000000082800000|100%| O|  |TAMS 0x0000000082800000, 0x0000000082700000| Updating 
|  40|0x0000000082800000, 0x0000000082900000, 0x0000000082900000|100%| O|  |TAMS 0x0000000082900000, 0x0000000082800000| Updating 
|  41|0x0000000082900000, 0x0000000082a00000, 0x0000000082a00000|100%| O|  |TAMS 0x0000000082a00000, 0x0000000082900000| Updating 
|  42|0x0000000082a00000, 0x0000000082b00000, 0x0000000082b00000|100%| O|  |TAMS 0x0000000082b00000, 0x0000000082a00000| Updating 
|  43|0x0000000082b00000, 0x0000000082c00000, 0x0000000082c00000|100%| O|  |TAMS 0x0000000082c00000, 0x0000000082b00000| Updating 
|  44|0x0000000082c00000, 0x0000000082d00000, 0x0000000082d00000|100%| O|  |TAMS 0x0000000082d00000, 0x0000000082c00000| Updating 
|  45|0x0000000082d00000, 0x0000000082e00000, 0x0000000082e00000|100%| O|  |TAMS 0x0000000082e00000, 0x0000000082d00000| Updating 
|  46|0x0000000082e00000, 0x0000000082f00000, 0x0000000082f00000|100%| O|  |TAMS 0x0000000082f00000, 0x0000000082e00000| Updating 
|  47|0x0000000082f00000, 0x0000000083000000, 0x0000000083000000|100%| O|  |TAMS 0x0000000083000000, 0x0000000082f00000| Updating 
|  48|0x0000000083000000, 0x0000000083100000, 0x0000000083100000|100%| O|  |TAMS 0x0000000083100000, 0x0000000083000000| Updating 
|  49|0x0000000083100000, 0x0000000083200000, 0x0000000083200000|100%| O|  |TAMS 0x0000000083200000, 0x0000000083100000| Updating 
|  50|0x0000000083200000, 0x0000000083300000, 0x0000000083300000|100%| O|  |TAMS 0x0000000083300000, 0x0000000083200000| Updating 
|  51|0x0000000083300000, 0x0000000083400000, 0x0000000083400000|100%| O|  |TAMS 0x0000000083400000, 0x0000000083300000| Updating 
|  52|0x0000000083400000, 0x0000000083500000, 0x0000000083500000|100%| O|  |TAMS 0x0000000083500000, 0x0000000083400000| Updating 
|  53|0x0000000083500000, 0x0000000083600000, 0x0000000083600000|100%| O|  |TAMS 0x0000000083600000, 0x0000000083500000| Updating 
|  54|0x0000000083600000, 0x0000000083700000, 0x0000000083700000|100%| O|  |TAMS 0x0000000083700000, 0x0000000083600000| Updating 
|  55|0x0000000083700000, 0x0000000083800000, 0x0000000083800000|100%| O|  |TAMS 0x0000000083800000, 0x0000000083700000| Updating 
|  56|0x0000000083800000, 0x0000000083900000, 0x0000000083900000|100%| O|  |TAMS 0x0000000083900000, 0x0000000083800000| Updating 
|  57|0x0000000083900000, 0x0000000083a00000, 0x0000000083a00000|100%| O|  |TAMS 0x0000000083a00000, 0x0000000083900000| Updating 
|  58|0x0000000083a00000, 0x0000000083b00000, 0x0000000083b00000|100%| O|  |TAMS 0x0000000083b00000, 0x0000000083a00000| Updating 
|  59|0x0000000083b00000, 0x0000000083c00000, 0x0000000083c00000|100%| O|  |TAMS 0x0000000083c00000, 0x0000000083b00000| Updating 
|  60|0x0000000083c00000, 0x0000000083d00000, 0x0000000083d00000|100%| O|  |TAMS 0x0000000083d00000, 0x0000000083c00000| Updating 
|  61|0x0000000083d00000, 0x0000000083e00000, 0x0000000083e00000|100%| O|  |TAMS 0x0000000083e00000, 0x0000000083d00000| Updating 
|  62|0x0000000083e00000, 0x0000000083f00000, 0x0000000083f00000|100%| O|  |TAMS 0x0000000083f00000, 0x0000000083e00000| Updating 
|  63|0x0000000083f00000, 0x0000000084000000, 0x0000000084000000|100%| O|  |TAMS 0x0000000084000000, 0x0000000083f00000| Updating 
|  64|0x0000000084000000, 0x0000000084100000, 0x0000000084100000|100%| O|  |TAMS 0x0000000084100000, 0x0000000084000000| Updating 
|  65|0x0000000084100000, 0x0000000084200000, 0x0000000084200000|100%| O|  |TAMS 0x0000000084200000, 0x0000000084100000| Updating 
|  66|0x0000000084200000, 0x0000000084300000, 0x0000000084300000|100%| O|  |TAMS 0x0000000084300000, 0x0000000084200000| Updating 
|  67|0x0000000084300000, 0x0000000084400000, 0x0000000084400000|100%| O|  |TAMS 0x0000000084400000, 0x0000000084300000| Updating 
|  68|0x0000000084400000, 0x0000000084500000, 0x0000000084500000|100%| O|  |TAMS 0x0000000084500000, 0x0000000084400000| Updating 
|  69|0x0000000084500000, 0x0000000084600000, 0x0000000084600000|100%| O|  |TAMS 0x0000000084600000, 0x0000000084500000| Updating 
|  70|0x0000000084600000, 0x0000000084700000, 0x0000000084700000|100%| O|  |TAMS 0x0000000084700000, 0x0000000084600000| Updating 
|  71|0x0000000084700000, 0x0000000084800000, 0x0000000084800000|100%| O|  |TAMS 0x0000000084800000, 0x0000000084700000| Updating 
|  72|0x0000000084800000, 0x0000000084900000, 0x0000000084900000|100%| O|  |TAMS 0x0000000084900000, 0x0000000084800000| Updating 
|  73|0x0000000084900000, 0x0000000084a00000, 0x0000000084a00000|100%| O|  |TAMS 0x0000000084a00000, 0x0000000084900000| Updating 
|  74|0x0000000084a00000, 0x0000000084b00000, 0x0000000084b00000|100%| O|  |TAMS 0x0000000084b00000, 0x0000000084a00000| Updating 
|  75|0x0000000084b00000, 0x0000000084c00000, 0x0000000084c00000|100%| O|  |TAMS 0x0000000084c00000, 0x0000000084b00000| Updating 
|  76|0x0000000084c00000, 0x0000000084d00000, 0x0000000084d00000|100%| O|  |TAMS 0x0000000084d00000, 0x0000000084c00000| Updating 
|  77|0x0000000084d00000, 0x0000000084e00000, 0x0000000084e00000|100%| O|  |TAMS 0x0000000084e00000, 0x0000000084d00000| Updating 
|  78|0x0000000084e00000, 0x0000000084f00000, 0x0000000084f00000|100%| O|  |TAMS 0x0000000084f00000, 0x0000000084e00000| Updating 
|  79|0x0000000084f00000, 0x0000000085000000, 0x0000000085000000|100%| O|  |TAMS 0x0000000085000000, 0x0000000084f00000| Updating 
|  80|0x0000000085000000, 0x0000000085100000, 0x0000000085100000|100%| O|  |TAMS 0x0000000085100000, 0x0000000085000000| Updating 
|  81|0x0000000085100000, 0x0000000085200000, 0x0000000085200000|100%| O|  |TAMS 0x0000000085200000, 0x0000000085100000| Updating 
|  82|0x0000000085200000, 0x0000000085300000, 0x0000000085300000|100%| O|  |TAMS 0x0000000085300000, 0x0000000085200000| Updating 
|  83|0x0000000085300000, 0x0000000085400000, 0x0000000085400000|100%| O|  |TAMS 0x0000000085400000, 0x0000000085300000| Updating 
|  84|0x0000000085400000, 0x0000000085500000, 0x0000000085500000|100%| O|  |TAMS 0x0000000085500000, 0x0000000085400000| Updating 
|  85|0x0000000085500000, 0x0000000085600000, 0x0000000085600000|100%| O|  |TAMS 0x0000000085600000, 0x0000000085500000| Updating 
|  86|0x0000000085600000, 0x0000000085700000, 0x0000000085700000|100%| O|  |TAMS 0x0000000085700000, 0x0000000085600000| Updating 
|  87|0x0000000085700000, 0x0000000085800000, 0x0000000085800000|100%| O|  |TAMS 0x0000000085800000, 0x0000000085700000| Updating 
|  88|0x0000000085800000, 0x0000000085900000, 0x0000000085900000|100%| O|  |TAMS 0x0000000085900000, 0x0000000085800000| Updating 
|  89|0x0000000085900000, 0x0000000085a00000, 0x0000000085a00000|100%| O|  |TAMS 0x0000000085a00000, 0x0000000085900000| Updating 
|  90|0x0000000085a00000, 0x0000000085b00000, 0x0000000085b00000|100%| O|  |TAMS 0x0000000085b00000, 0x0000000085a00000| Updating 
|  91|0x0000000085b00000, 0x0000000085c00000, 0x0000000085c00000|100%| O|  |TAMS 0x0000000085c00000, 0x0000000085b00000| Updating 
|  92|0x0000000085c00000, 0x0000000085d00000, 0x0000000085d00000|100%| O|  |TAMS 0x0000000085d00000, 0x0000000085c00000| Updating 
|  93|0x0000000085d00000, 0x0000000085e00000, 0x0000000085e00000|100%| O|  |TAMS 0x0000000085e00000, 0x0000000085d00000| Updating 
|  94|0x0000000085e00000, 0x0000000085f00000, 0x0000000085f00000|100%| O|  |TAMS 0x0000000085f00000, 0x0000000085e00000| Updating 
|  95|0x0000000085f00000, 0x0000000086000000, 0x0000000086000000|100%| O|  |TAMS 0x0000000086000000, 0x0000000085f00000| Updating 
|  96|0x0000000086000000, 0x0000000086100000, 0x0000000086100000|100%| O|  |TAMS 0x0000000086100000, 0x0000000086000000| Updating 
|  97|0x0000000086100000, 0x0000000086200000, 0x0000000086200000|100%| O|  |TAMS 0x0000000086129600, 0x0000000086100000| Updating 
|  98|0x0000000086200000, 0x0000000086300000, 0x0000000086300000|100%| O|  |TAMS 0x0000000086200000, 0x0000000086200000| Untracked 
|  99|0x0000000086300000, 0x0000000086400000, 0x0000000086400000|100%| O|  |TAMS 0x0000000086300000, 0x0000000086300000| Untracked 
| 100|0x0000000086400000, 0x0000000086500000, 0x0000000086500000|100%| O|  |TAMS 0x0000000086400000, 0x0000000086400000| Updating 
| 101|0x0000000086500000, 0x0000000086600000, 0x0000000086600000|100%| O|  |TAMS 0x0000000086500000, 0x0000000086500000| Untracked 
| 102|0x0000000086600000, 0x00000000866fd800, 0x0000000086700000| 99%| O|  |TAMS 0x0000000086600000, 0x0000000086600000| Untracked 
| 103|0x0000000086700000, 0x0000000086700000, 0x0000000086800000|  0%| F|  |TAMS 0x0000000086700000, 0x0000000086700000| Untracked 
| 104|0x0000000086800000, 0x0000000086800000, 0x0000000086900000|  0%| F|  |TAMS 0x0000000086800000, 0x0000000086800000| Untracked 
| 105|0x0000000086900000, 0x0000000086900000, 0x0000000086a00000|  0%| F|  |TAMS 0x0000000086900000, 0x0000000086900000| Untracked 
| 106|0x0000000086a00000, 0x0000000086a00000, 0x0000000086b00000|  0%| F|  |TAMS 0x0000000086a00000, 0x0000000086a00000| Untracked 
| 107|0x0000000086b00000, 0x0000000086b00000, 0x0000000086c00000|  0%| F|  |TAMS 0x0000000086b00000, 0x0000000086b00000| Untracked 
| 108|0x0000000086c00000, 0x0000000086c00000, 0x0000000086d00000|  0%| F|  |TAMS 0x0000000086c00000, 0x0000000086c00000| Untracked 
| 109|0x0000000086d00000, 0x0000000086d00000, 0x0000000086e00000|  0%| F|  |TAMS 0x0000000086d00000, 0x0000000086d00000| Untracked 
| 110|0x0000000086e00000, 0x0000000086e00000, 0x0000000086f00000|  0%| F|  |TAMS 0x0000000086e00000, 0x0000000086e00000| Untracked 
| 111|0x0000000086f00000, 0x0000000086f00000, 0x0000000087000000|  0%| F|  |TAMS 0x0000000086f00000, 0x0000000086f00000| Untracked 
| 112|0x0000000087000000, 0x0000000087000000, 0x0000000087100000|  0%| F|  |TAMS 0x0000000087000000, 0x0000000087000000| Untracked 
| 113|0x0000000087100000, 0x0000000087100000, 0x0000000087200000|  0%| F|  |TAMS 0x0000000087100000, 0x0000000087100000| Untracked 
| 114|0x0000000087200000, 0x0000000087200000, 0x0000000087300000|  0%| F|  |TAMS 0x0000000087200000, 0x0000000087200000| Untracked 
| 115|0x0000000087300000, 0x0000000087300000, 0x0000000087400000|  0%| F|  |TAMS 0x0000000087300000, 0x0000000087300000| Untracked 
| 116|0x0000000087400000, 0x0000000087400000, 0x0000000087500000|  0%| F|  |TAMS 0x0000000087400000, 0x0000000087400000| Untracked 
| 117|0x0000000087500000, 0x0000000087500000, 0x0000000087600000|  0%| F|  |TAMS 0x0000000087500000, 0x0000000087500000| Untracked 
| 118|0x0000000087600000, 0x0000000087600000, 0x0000000087700000|  0%| F|  |TAMS 0x0000000087600000, 0x0000000087600000| Untracked 
| 119|0x0000000087700000, 0x0000000087700000, 0x0000000087800000|  0%| F|  |TAMS 0x0000000087700000, 0x0000000087700000| Untracked 
| 120|0x0000000087800000, 0x000000008783f060, 0x0000000087900000| 24%| S|CS|TAMS 0x0000000087800000, 0x0000000087800000| Complete 
| 121|0x0000000087900000, 0x0000000087900000, 0x0000000087a00000|  0%| F|  |TAMS 0x0000000087900000, 0x0000000087900000| Untracked 
| 122|0x0000000087a00000, 0x0000000087b00000, 0x0000000087b00000|100%| S|CS|TAMS 0x0000000087a00000, 0x0000000087a00000| Complete 
| 123|0x0000000087b00000, 0x0000000087b00000, 0x0000000087c00000|  0%| F|  |TAMS 0x0000000087b00000, 0x0000000087b00000| Untracked 
| 124|0x0000000087c00000, 0x0000000087c00000, 0x0000000087d00000|  0%| F|  |TAMS 0x0000000087c00000, 0x0000000087c00000| Untracked 
| 125|0x0000000087d00000, 0x0000000087e00000, 0x0000000087e00000|100%| S|CS|TAMS 0x0000000087d00000, 0x0000000087d00000| Complete 
| 126|0x0000000087e00000, 0x0000000087e00000, 0x0000000087f00000|  0%| F|  |TAMS 0x0000000087e00000, 0x0000000087e00000| Untracked 
| 127|0x0000000087f00000, 0x0000000087f00000, 0x0000000088000000|  0%| F|  |TAMS 0x0000000087f00000, 0x0000000087f00000| Untracked 
| 128|0x0000000088000000, 0x0000000088000000, 0x0000000088100000|  0%| F|  |TAMS 0x0000000088000000, 0x0000000088000000| Untracked 
| 129|0x0000000088100000, 0x0000000088100000, 0x0000000088200000|  0%| F|  |TAMS 0x0000000088100000, 0x0000000088100000| Untracked 
| 130|0x0000000088200000, 0x0000000088200000, 0x0000000088300000|  0%| F|  |TAMS 0x0000000088200000, 0x0000000088200000| Untracked 
| 131|0x0000000088300000, 0x0000000088300000, 0x0000000088400000|  0%| F|  |TAMS 0x0000000088300000, 0x0000000088300000| Untracked 
| 132|0x0000000088400000, 0x0000000088400000, 0x0000000088500000|  0%| F|  |TAMS 0x0000000088400000, 0x0000000088400000| Untracked 
| 133|0x0000000088500000, 0x0000000088500000, 0x0000000088600000|  0%| F|  |TAMS 0x0000000088500000, 0x0000000088500000| Untracked 
| 134|0x0000000088600000, 0x0000000088600000, 0x0000000088700000|  0%| F|  |TAMS 0x0000000088600000, 0x0000000088600000| Untracked 
| 135|0x0000000088700000, 0x0000000088700000, 0x0000000088800000|  0%| F|  |TAMS 0x0000000088700000, 0x0000000088700000| Untracked 
| 136|0x0000000088800000, 0x0000000088800000, 0x0000000088900000|  0%| F|  |TAMS 0x0000000088800000, 0x0000000088800000| Untracked 
| 137|0x0000000088900000, 0x0000000088900000, 0x0000000088a00000|  0%| F|  |TAMS 0x0000000088900000, 0x0000000088900000| Untracked 
| 138|0x0000000088a00000, 0x0000000088a00000, 0x0000000088b00000|  0%| F|  |TAMS 0x0000000088a00000, 0x0000000088a00000| Untracked 
| 139|0x0000000088b00000, 0x0000000088b00000, 0x0000000088c00000|  0%| F|  |TAMS 0x0000000088b00000, 0x0000000088b00000| Untracked 

Card table byte_map: [0x000001f5f4610000,0x000001f5f4a10000] _byte_map_base: 0x000001f5f4210000

Marking Bits (Prev, Next): (CMBitMap*) 0x000001f5df97d870, (CMBitMap*) 0x000001f5df97d838
 Prev Bits: [0x000001f5f6e10000, 0x000001f5f8e10000)
 Next Bits: [0x000001f5f4e10000, 0x000001f5f6e10000)

Polling page: 0x000001f5df7b0000

Metaspace:

Usage:
  Non-class:     80.35 MB capacity,    78.93 MB ( 98%) used,     1.17 MB (  1%) free+waste,   260.81 KB ( <1%) overhead. 
      Class:     12.52 MB capacity,    11.70 MB ( 93%) used,   721.52 KB (  6%) free+waste,   119.31 KB ( <1%) overhead. 
       Both:     92.87 MB capacity,    90.62 MB ( 98%) used,     1.87 MB (  2%) free+waste,   380.13 KB ( <1%) overhead. 

Virtual space:
  Non-class space:       82.00 MB reserved,      80.62 MB ( 98%) committed 
      Class space:        1.00 GB reserved,      12.63 MB (  1%) committed 
             Both:        1.08 GB reserved,      93.25 MB (  8%) committed 

Chunk freelists:
   Non-Class:  86.00 KB
       Class:  47.00 KB
        Both:  133.00 KB

MaxMetaspaceSize: 17179869184.00 GB
CompressedClassSpaceSize: 1.00 GB

CodeHeap 'non-profiled nmethods': size=120064Kb used=5444Kb max_used=5444Kb free=114620Kb
 bounds [0x000001f5ec6b0000, 0x000001f5ecc10000, 0x000001f5f3bf0000]
CodeHeap 'profiled nmethods': size=120000Kb used=22876Kb max_used=22876Kb free=97123Kb
 bounds [0x000001f5e5180000, 0x000001f5e67e0000, 0x000001f5ec6b0000]
CodeHeap 'non-nmethods': size=5696Kb used=2299Kb max_used=2332Kb free=3396Kb
 bounds [0x000001f5e4bf0000, 0x000001f5e4e60000, 0x000001f5e5180000]
 total_blobs=11441 nmethods=10537 adapters=815
 compilation: enabled
              stopped_count=0, restarted_count=0
 full_count=0

Compilation events (20 events):
Event: 57.581 Thread 0x000001f5fb471000 10700       2       com.android.tools.r8.internal.fr::a (38 bytes)
Event: 57.581 Thread 0x000001f5fb471000 nmethod 10700 0x000001f5e67d4990 code [0x000001f5e67d4b60, 0x000001f5e67d4d88]
Event: 57.584 Thread 0x000001f5fb471000 10701       1       com.android.tools.r8.graph.z::getType (5 bytes)
Event: 57.584 Thread 0x000001f5fb471000 nmethod 10701 0x000001f5ecc00d10 code [0x000001f5ecc00ec0, 0x000001f5ecc00f78]
Event: 57.617 Thread 0x000001f5fb471000 10702       2       java.lang.invoke.DirectMethodHandle$Holder::invokeStatic (14 bytes)
Event: 57.617 Thread 0x000001f5fb471000 nmethod 10702 0x000001f5e67d4f90 code [0x000001f5e67d5160, 0x000001f5e67d5298]
Event: 57.618 Thread 0x000001f5fb471000 10703       2       com.android.tools.r8.graph.c::l (8 bytes)
Event: 57.618 Thread 0x000001f5fb471000 nmethod 10703 0x000001f5e67d5390 code [0x000001f5e67d5540, 0x000001f5e67d5638]
Event: 57.618 Thread 0x000001f5fb471000 10704       2       com.android.tools.r8.graph.e::A (8 bytes)
Event: 57.618 Thread 0x000001f5fb471000 nmethod 10704 0x000001f5e67d5710 code [0x000001f5e67d58c0, 0x000001f5e67d59d8]
Event: 57.619 Thread 0x000001f5fb471000 10705       2       com.android.tools.r8.graph.z::e (9 bytes)
Event: 57.619 Thread 0x000001f5fb471000 nmethod 10705 0x000001f5e67d5a90 code [0x000001f5e67d5c40, 0x000001f5e67d5d68]
Event: 57.619 Thread 0x000001f5fb471000 10706       2       com.android.tools.r8.internal.fr::d (100 bytes)
Event: 57.620 Thread 0x000001f5fb471000 nmethod 10706 0x000001f5e67d5e10 code [0x000001f5e67d5fe0, 0x000001f5e67d62d8]
Event: 57.620 Thread 0x000001f5fb471000 10707       2       com.android.tools.r8.internal.gr::d (68 bytes)
Event: 57.621 Thread 0x000001f5fb471000 nmethod 10707 0x000001f5e67d6490 code [0x000001f5e67d6660, 0x000001f5e67d6858]
Event: 57.621 Thread 0x000001f5fb471000 10709       2       com.android.tools.r8.graph.z::E0 (23 bytes)
Event: 57.622 Thread 0x000001f5fb471000 nmethod 10709 0x000001f5e67d6990 code [0x000001f5e67d6b40, 0x000001f5e67d6ca8]
Event: 57.622 Thread 0x000001f5fb471000 10710       2       com.android.tools.r8.ir.conversion.j::a (36 bytes)
Event: 57.622 Thread 0x000001f5fb471000 nmethod 10710 0x000001f5e67d6d90 code [0x000001f5e67d6f40, 0x000001f5e67d7068]

GC Heap History (20 events):
Event: 53.378 GC heap after
{Heap after GC invocations=34 (full 0):
 garbage-first heap   total 118784K, used 82648K [0x0000000080000000, 0x0000000100000000)
  region size 1024K, 3 young (3072K), 3 survivors (3072K)
 Metaspace       used 87405K, capacity 89519K, committed 89724K, reserved 1126400K
  class space    used 11243K, capacity 12005K, committed 12032K, reserved 1048576K
}
Event: 55.592 GC heap before
{Heap before GC invocations=35 (full 0):
 garbage-first heap   total 118784K, used 96984K [0x0000000080000000, 0x0000000100000000)
  region size 1024K, 18 young (18432K), 3 survivors (3072K)
 Metaspace       used 89899K, capacity 92181K, committed 92412K, reserved 1130496K
  class space    used 11605K, capacity 12410K, committed 12416K, reserved 1048576K
}
Event: 55.601 GC heap after
{Heap after GC invocations=36 (full 0):
 garbage-first heap   total 118784K, used 84347K [0x0000000080000000, 0x0000000100000000)
  region size 1024K, 2 young (2048K), 2 survivors (2048K)
 Metaspace       used 89899K, capacity 92181K, committed 92412K, reserved 1130496K
  class space    used 11605K, capacity 12410K, committed 12416K, reserved 1048576K
}
Event: 55.906 GC heap before
{Heap before GC invocations=36 (full 0):
 garbage-first heap   total 118784K, used 98683K [0x0000000080000000, 0x0000000100000000)
  region size 1024K, 16 young (16384K), 2 survivors (2048K)
 Metaspace       used 90152K, capacity 92456K, committed 92668K, reserved 1130496K
  class space    used 11617K, capacity 12415K, committed 12416K, reserved 1048576K
}
Event: 55.929 GC heap after
{Heap after GC invocations=37 (full 0):
 garbage-first heap   total 118784K, used 87619K [0x0000000080000000, 0x0000000100000000)
  region size 1024K, 2 young (2048K), 2 survivors (2048K)
 Metaspace       used 90152K, capacity 92456K, committed 92668K, reserved 1130496K
  class space    used 11617K, capacity 12415K, committed 12416K, reserved 1048576K
}
Event: 56.107 GC heap before
{Heap before GC invocations=37 (full 0):
 garbage-first heap   total 118784K, used 98883K [0x0000000080000000, 0x0000000100000000)
  region size 1024K, 13 young (13312K), 2 survivors (2048K)
 Metaspace       used 90515K, capacity 92757K, committed 93052K, reserved 1130496K
  class space    used 11662K, capacity 12448K, committed 12544K, reserved 1048576K
}
Event: 56.121 GC heap after
{Heap after GC invocations=38 (full 0):
 garbage-first heap   total 118784K, used 90062K [0x0000000080000000, 0x0000000100000000)
  region size 1024K, 2 young (2048K), 2 survivors (2048K)
 Metaspace       used 90515K, capacity 92757K, committed 93052K, reserved 1130496K
  class space    used 11662K, capacity 12448K, committed 12544K, reserved 1048576K
}
Event: 56.267 GC heap before
{Heap before GC invocations=38 (full 0):
 garbage-first heap   total 118784K, used 100302K [0x0000000080000000, 0x0000000100000000)
  region size 1024K, 12 young (12288K), 2 survivors (2048K)
 Metaspace       used 90920K, capacity 93222K, committed 93308K, reserved 1130496K
  class space    used 11727K, capacity 12539K, committed 12544K, reserved 1048576K
}
Event: 56.280 GC heap after
{Heap after GC invocations=39 (full 0):
 garbage-first heap   total 118784K, used 92261K [0x0000000080000000, 0x0000000100000000)
  region size 1024K, 2 young (2048K), 2 survivors (2048K)
 Metaspace       used 90920K, capacity 93222K, committed 93308K, reserved 1130496K
  class space    used 11727K, capacity 12539K, committed 12544K, reserved 1048576K
}
Event: 56.394 GC heap before
{Heap before GC invocations=39 (full 0):
 garbage-first heap   total 118784K, used 100453K [0x0000000080000000, 0x0000000100000000)
  region size 1024K, 10 young (10240K), 2 survivors (2048K)
 Metaspace       used 91171K, capacity 93443K, committed 93692K, reserved 1130496K
  class space    used 11766K, capacity 12570K, committed 12672K, reserved 1048576K
}
Event: 56.406 GC heap after
{Heap after GC invocations=40 (full 0):
 garbage-first heap   total 118784K, used 94150K [0x0000000080000000, 0x0000000100000000)
  region size 1024K, 2 young (2048K), 2 survivors (2048K)
 Metaspace       used 91171K, capacity 93443K, committed 93692K, reserved 1130496K
  class space    used 11766K, capacity 12570K, committed 12672K, reserved 1048576K
}
Event: 56.513 GC heap before
{Heap before GC invocations=40 (full 0):
 garbage-first heap   total 118784K, used 101318K [0x0000000080000000, 0x0000000100000000)
  region size 1024K, 9 young (9216K), 2 survivors (2048K)
 Metaspace       used 91318K, capacity 93571K, committed 93692K, reserved 1130496K
  class space    used 11782K, capacity 12570K, committed 12672K, reserved 1048576K
}
Event: 56.527 GC heap after
{Heap after GC invocations=41 (full 0):
 garbage-first heap   total 143360K, used 95700K [0x0000000080000000, 0x0000000100000000)
  region size 1024K, 2 young (2048K), 2 survivors (2048K)
 Metaspace       used 91318K, capacity 93571K, committed 93692K, reserved 1130496K
  class space    used 11782K, capacity 12570K, committed 12672K, reserved 1048576K
}
Event: 56.747 GC heap before
{Heap before GC invocations=42 (full 0):
 garbage-first heap   total 143360K, used 114132K [0x0000000080000000, 0x0000000100000000)
  region size 1024K, 20 young (20480K), 2 survivors (2048K)
 Metaspace       used 91390K, capacity 93673K, committed 93948K, reserved 1130496K
  class space    used 11785K, capacity 12602K, committed 12672K, reserved 1048576K
}
Event: 56.786 GC heap after
{Heap after GC invocations=43 (full 0):
 garbage-first heap   total 143360K, used 99054K [0x0000000080000000, 0x0000000100000000)
  region size 1024K, 3 young (3072K), 3 survivors (3072K)
 Metaspace       used 91390K, capacity 93673K, committed 93948K, reserved 1130496K
  class space    used 11785K, capacity 12602K, committed 12672K, reserved 1048576K
}
Event: 56.868 GC heap before
{Heap before GC invocations=43 (full 0):
 garbage-first heap   total 143360K, used 116462K [0x0000000080000000, 0x0000000100000000)
  region size 1024K, 20 young (20480K), 3 survivors (3072K)
 Metaspace       used 91432K, capacity 93737K, committed 93948K, reserved 1130496K
  class space    used 11789K, capacity 12602K, committed 12672K, reserved 1048576K
}
Event: 56.909 GC heap after
{Heap after GC invocations=44 (full 0):
 garbage-first heap   total 143360K, used 102565K [0x0000000080000000, 0x0000000100000000)
  region size 1024K, 3 young (3072K), 3 survivors (3072K)
 Metaspace       used 91432K, capacity 93737K, committed 93948K, reserved 1130496K
  class space    used 11789K, capacity 12602K, committed 12672K, reserved 1048576K
}
Event: 57.229 GC heap before
{Heap before GC invocations=44 (full 0):
 garbage-first heap   total 143360K, used 117925K [0x0000000080000000, 0x0000000100000000)
  region size 1024K, 18 young (18432K), 3 survivors (3072K)
 Metaspace       used 92012K, capacity 94313K, committed 94460K, reserved 1130496K
  class space    used 11870K, capacity 12666K, committed 12672K, reserved 1048576K
}
Event: 57.245 GC heap after
{Heap after GC invocations=45 (full 0):
 garbage-first heap   total 143360K, used 105607K [0x0000000080000000, 0x0000000100000000)
  region size 1024K, 3 young (3072K), 3 survivors (3072K)
 Metaspace       used 92012K, capacity 94313K, committed 94460K, reserved 1130496K
  class space    used 11870K, capacity 12666K, committed 12672K, reserved 1048576K
}
Event: 57.634 GC heap before
{Heap before GC invocations=45 (full 0):
 garbage-first heap   total 143360K, used 118919K [0x0000000080000000, 0x0000000100000000)
  region size 1024K, 17 young (17408K), 3 survivors (3072K)
 Metaspace       used 92798K, capacity 95095K, committed 95484K, reserved 1132544K
  class space    used 11976K, capacity 12817K, committed 12928K, reserved 1048576K
}

Deoptimization events (20 events):
Event: 56.139 Thread 0x000001f581feb800 DEOPT PACKING pc=0x000001f5ecbbf35c sp=0x0000007939cf9b30
Event: 56.139 Thread 0x000001f581feb800 DEOPT UNPACKING pc=0x000001f5e4c178af sp=0x0000007939cf9a60 mode 2
Event: 56.139 Thread 0x000001f581feb800 Uncommon trap: trap_request=0xffffff4d fr.pc=0x000001f5ecbbe9a4 relative=0x0000000000000084
Event: 56.139 Thread 0x000001f581feb800 Uncommon trap: reason=unstable_if action=reinterpret pc=0x000001f5ecbbe9a4 method=com.android.tools.r8.graph.c0.a(C[BI)I @ 7 c2
Event: 56.139 Thread 0x000001f581feb800 DEOPT PACKING pc=0x000001f5ecbbe9a4 sp=0x0000007939cf9ab0
Event: 56.139 Thread 0x000001f581feb800 DEOPT UNPACKING pc=0x000001f5e4c178af sp=0x0000007939cf9a48 mode 2
Event: 56.191 Thread 0x000001f581feb800 Uncommon trap: trap_request=0xffffff4d fr.pc=0x000001f5ecbbfb24 relative=0x0000000000000084
Event: 56.191 Thread 0x000001f581feb800 Uncommon trap: reason=unstable_if action=reinterpret pc=0x000001f5ecbbfb24 method=com.android.tools.r8.internal.Xe.d(I)Z @ 45 c2
Event: 56.191 Thread 0x000001f581feb800 DEOPT PACKING pc=0x000001f5ecbbfb24 sp=0x0000007939cf94e0
Event: 56.191 Thread 0x000001f581feb800 DEOPT UNPACKING pc=0x000001f5e4c178af sp=0x0000007939cf9470 mode 2
Event: 56.248 Thread 0x000001f581feb800 DEOPT PACKING pc=0x000001f5e6652dcb sp=0x0000007939cfa320
Event: 56.248 Thread 0x000001f581feb800 DEOPT UNPACKING pc=0x000001f5e4c176ce sp=0x0000007939cf9850 mode 0
Event: 56.284 Thread 0x000001f581feb000 DEOPT PACKING pc=0x000001f5e6652dcb sp=0x0000007939ff98d0
Event: 56.284 Thread 0x000001f581feb000 DEOPT UNPACKING pc=0x000001f5e4c176ce sp=0x0000007939ff8e20 mode 0
Event: 56.307 Thread 0x000001f581feb800 Uncommon trap: trap_request=0xffffff4d fr.pc=0x000001f5ecbe4df8 relative=0x0000000000001d18
Event: 56.307 Thread 0x000001f581feb800 Uncommon trap: reason=unstable_if action=reinterpret pc=0x000001f5ecbe4df8 method=com.android.tools.r8.internal.D9.e(Ljava/lang/String;)[Ljava/lang/String; @ 149 c2
Event: 56.307 Thread 0x000001f581feb800 DEOPT PACKING pc=0x000001f5ecbe4df8 sp=0x0000007939cf9990
Event: 56.307 Thread 0x000001f581feb800 DEOPT UNPACKING pc=0x000001f5e4c178af sp=0x0000007939cf9978 mode 2
Event: 56.662 Thread 0x000001f581fe7000 DEOPT PACKING pc=0x000001f5e6747d43 sp=0x0000007939ef9810
Event: 56.662 Thread 0x000001f581fe7000 DEOPT UNPACKING pc=0x000001f5e4c176ce sp=0x0000007939ef8fa0 mode 0

Classes redefined (0 events):
No events

Internal exceptions (20 events):
Event: 53.259 Thread 0x000001f581fef000 Exception <a 'java/lang/NoSuchMethodError'{0x0000000086346d48}: 'void java.lang.invoke.DirectMethodHandle$Holder.invokeStatic(java.lang.Object, long)'> (0x0000000086346d48) thrown at [./src/hotspot/share/interpreter/linkResolver.cpp, line 773]
Event: 53.259 Thread 0x000001f581fef000 Exception <a 'java/lang/NoSuchMethodError'{0x000000008634bf60}: 'java.lang.Object java.lang.invoke.DirectMethodHandle$Holder.invokeStatic(java.lang.Object, long)'> (0x000000008634bf60) thrown at [./src/hotspot/share/interpreter/linkResolver.cpp, line 773]
Event: 53.262 Thread 0x000001f581fef000 Exception <a 'java/lang/NoSuchMethodError'{0x000000008635a2c8}: 'java.lang.Object java.lang.invoke.DirectMethodHandle$Holder.invokeStaticInit(java.lang.Object, java.lang.Object, long, java.lang.Object)'> (0x000000008635a2c8) thrown at [./src/hotspot/share/interpreter/linkResolver.cpp, line 773]
Event: 53.263 Thread 0x000001f581fef000 Exception <a 'java/lang/NoSuchMethodError'{0x0000000086360460}: 'java.lang.Object java.lang.invoke.DirectMethodHandle$Holder.invokeStatic(java.lang.Object, java.lang.Object, long)'> (0x0000000086360460) thrown at [./src/hotspot/share/interpreter/linkResolver.cpp, line 773]
Event: 53.263 Thread 0x000001f581fef000 Exception <a 'java/lang/NoSuchMethodError'{0x0000000086366c20}: 'java.lang.Object java.lang.invoke.Invokers$Holder.linkToTargetMethod(java.lang.Object, long, java.lang.Object)'> (0x0000000086366c20) thrown at [./src/hotspot/share/interpreter/linkResolver.cpp, line 773]
Event: 54.883 Thread 0x000001f581fe7000 Exception <a 'java/lang/NoSuchMethodError'{0x0000000086db6c68}: 'java.lang.Object java.lang.invoke.DirectMethodHandle$Holder.invokeStatic(java.lang.Object, java.lang.Object, java.lang.Object, java.lang.Object, java.lang.Object, java.lang.Object, java.lang.Object, java.lang.Object, java.lang.Object, java.lang.Object, java.lang.Object, java.lang.Object, java.lang.Object, java.lang.Object, java.lang.Object, java.lang.Object, java.lang.Object, java.lang.Object, int, java.lang.Object)'> (0x0000000086db6c68) thr
Event: 54.884 Thread 0x000001f581fe7000 Exception <a 'java/lang/NoSuchMethodError'{0x0000000086dbccf0}: 'java.lang.Object java.lang.invoke.DirectMethodHandle$Holder.invokeStaticInit(java.lang.Object, java.lang.Object, java.lang.Object, java.lang.Object, java.lang.Object, java.lang.Object, java.lang.Object, java.lang.Object, java.lang.Object, java.lang.Object, java.lang.Object, java.lang.Object, java.lang.Object, java.lang.Object, java.lang.Object, java.lang.Object, java.lang.Object, java.lang.Object, int, java.lang.Object)'> (0x0000000086dbccf0)
Event: 55.012 Thread 0x000001f581fe7000 Exception <a 'java/lang/IncompatibleClassChangeError'{0x0000000086cfbb38}: Found class java.lang.Object, but interface was expected> (0x0000000086cfbb38) thrown at [./src/hotspot/share/interpreter/linkResolver.cpp, line 839]
Event: 55.012 Thread 0x000001f581feb000 Exception <a 'java/lang/IncompatibleClassChangeError'{0x0000000086cd9c90}: Found class java.lang.Object, but interface was expected> (0x0000000086cd9c90) thrown at [./src/hotspot/share/interpreter/linkResolver.cpp, line 839]
Event: 55.013 Thread 0x000001f581feb800 Exception <a 'java/lang/IncompatibleClassChangeError'{0x0000000086d60978}: Found class java.lang.Object, but interface was expected> (0x0000000086d60978) thrown at [./src/hotspot/share/interpreter/linkResolver.cpp, line 839]
Event: 55.760 Thread 0x000001f581fef000 Exception <a 'java/lang/NoSuchMethodError'{0x0000000086dc0d60}: 'int java.lang.invoke.DirectMethodHandle$Holder.invokeSpecialIFC(java.lang.Object, java.lang.Object, java.lang.Object)'> (0x0000000086dc0d60) thrown at [./src/hotspot/share/interpreter/linkResolver.cpp, line 773]
Event: 56.160 Thread 0x000001f581fe7000 Exception <a 'java/lang/NoSuchMethodError'{0x00000000871f1338}: 'int java.lang.invoke.DirectMethodHandle$Holder.invokeVirtual(java.lang.Object, java.lang.Object, java.lang.Object, java.lang.Object)'> (0x00000000871f1338) thrown at [./src/hotspot/share/interpreter/linkResolver.cpp, line 773]
Event: 56.234 Thread 0x000001f581feb000 Exception <a 'java/lang/NoSuchMethodError'{0x0000000086c16648}: 'void java.lang.invoke.DirectMethodHandle$Holder.invokeStatic(java.lang.Object, java.lang.Object, java.lang.Object, int)'> (0x0000000086c16648) thrown at [./src/hotspot/share/interpreter/linkResolver.cpp, line 773]
Event: 56.234 Thread 0x000001f581fe7000 Exception <a 'java/lang/NoSuchMethodError'{0x0000000086c2fb38}: 'void java.lang.invoke.DirectMethodHandle$Holder.invokeStatic(java.lang.Object, java.lang.Object, java.lang.Object, int)'> (0x0000000086c2fb38) thrown at [./src/hotspot/share/interpreter/linkResolver.cpp, line 773]
Event: 56.241 Thread 0x000001f581feb000 Exception <a 'java/lang/IncompatibleClassChangeError'{0x0000000086c1a018}: Found class java.lang.Object, but interface was expected> (0x0000000086c1a018) thrown at [./src/hotspot/share/interpreter/linkResolver.cpp, line 839]
Event: 56.247 Thread 0x000001f581feb000 Exception <a 'java/lang/NoSuchMethodError'{0x0000000086caf988}: 'int java.lang.invoke.DirectMethodHandle$Holder.invokeVirtual(java.lang.Object, java.lang.Object, java.lang.Object)'> (0x0000000086caf988) thrown at [./src/hotspot/share/interpreter/linkResolver.cpp, line 773]
Event: 57.534 Thread 0x000001f581feb000 Exception <a 'java/lang/NoSuchMethodError'{0x0000000088758450}: 'java.lang.Object java.lang.invoke.DirectMethodHandle$Holder.invokeStatic(java.lang.Object, int, java.lang.Object, java.lang.Object)'> (0x0000000088758450) thrown at [./src/hotspot/share/interpreter/linkResolver.cpp, line 773]
Event: 57.535 Thread 0x000001f581fe7000 Exception <a 'java/lang/NoSuchMethodError'{0x00000000880fb538}: 'java.lang.Object java.lang.invoke.DirectMethodHandle$Holder.invokeStatic(java.lang.Object, int, java.lang.Object, java.lang.Object)'> (0x00000000880fb538) thrown at [./src/hotspot/share/interpreter/linkResolver.cpp, line 773]
Event: 57.630 Thread 0x000001f581fe7000 Exception <a 'java/lang/NoSuchMethodError'{0x0000000087e9a9b0}: 'java.lang.Object java.lang.invoke.Invokers$Holder.linkToTargetMethod(java.lang.Object, java.lang.Object, java.lang.Object, java.lang.Object, java.lang.Object, java.lang.Object, java.lang.Object)'> (0x0000000087e9a9b0) thrown at [./src/hotspot/share/interpreter/linkResolver.cpp, line 773]
Event: 57.630 Thread 0x000001f581feb000 Exception <a 'java/lang/NoSuchMethodError'{0x0000000087eaac78}: 'java.lang.Object java.lang.invoke.Invokers$Holder.linkToTargetMethod(java.lang.Object, java.lang.Object, java.lang.Object, java.lang.Object, java.lang.Object, java.lang.Object, java.lang.Object)'> (0x0000000087eaac78) thrown at [./src/hotspot/share/interpreter/linkResolver.cpp, line 773]

Events (20 events):
Event: 57.630 loading class com/android/tools/r8/internal/t4 done
Event: 57.630 loading class com/android/tools/r8/internal/t4
Event: 57.630 loading class com/android/tools/r8/graph/V0
Event: 57.630 loading class com/android/tools/r8/internal/t4 done
Event: 57.630 loading class com/android/tools/r8/graph/V0 done
Event: 57.630 loading class com/android/tools/r8/graph/V0
Event: 57.630 loading class com/android/tools/r8/graph/V0 done
Event: 57.633 loading class com/android/tools/r8/graph/V0
Event: 57.633 loading class com/android/tools/r8/graph/V0 done
Event: 57.633 loading class com/android/tools/r8/internal/s4
Event: 57.633 loading class com/android/tools/r8/internal/s4 done
Event: 57.633 loading class com/android/tools/r8/internal/ht
Event: 57.633 loading class com/android/tools/r8/internal/ht done
Event: 57.633 loading class com/android/tools/r8/internal/s4
Event: 57.633 loading class com/android/tools/r8/internal/s4 done
Event: 57.633 loading class com/android/tools/r8/internal/t4
Event: 57.633 loading class com/android/tools/r8/internal/t4 done
Event: 57.633 loading class com/android/tools/r8/internal/s4
Event: 57.633 loading class com/android/tools/r8/internal/s4 done
Event: 57.634 Executing VM operation: G1CollectForAllocation


Dynamic libraries:
0x00007ff7dc330000 - 0x00007ff7dc33a000 	C:\Program Files\Android\Android Studio\jre\bin\java.exe
0x00007ffe31f00000 - 0x00007ffe320f0000 	C:\Windows\SYSTEM32\ntdll.dll
0x00007ffe30650000 - 0x00007ffe30702000 	C:\Windows\System32\KERNEL32.DLL
0x00007ffe2eee0000 - 0x00007ffe2f183000 	C:\Windows\System32\KERNELBASE.dll
0x00007ffe2f1c0000 - 0x00007ffe2f2ba000 	C:\Windows\System32\ucrtbase.dll
0x00007ffe23780000 - 0x00007ffe23799000 	C:\Program Files\Android\Android Studio\jre\bin\jli.dll
0x00007ffe315d0000 - 0x00007ffe31764000 	C:\Windows\System32\USER32.dll
0x00007ffe2f190000 - 0x00007ffe2f1b1000 	C:\Windows\System32\win32u.dll
0x00007ffe30100000 - 0x00007ffe30126000 	C:\Windows\System32\GDI32.dll
0x00007ffe2fa40000 - 0x00007ffe2fbd4000 	C:\Windows\System32\gdi32full.dll
0x00007ffe2fc60000 - 0x00007ffe2fcfe000 	C:\Windows\System32\msvcp_win.dll
0x00007ffe23760000 - 0x00007ffe23777000 	C:\Program Files\Android\Android Studio\jre\bin\VCRUNTIME140.dll
0x00007ffe20f70000 - 0x00007ffe211f5000 	C:\Windows\WinSxS\amd64_microsoft.windows.common-controls_6595b64144ccf1df_6.0.18362.592_none_e6c0b1911312be02\COMCTL32.dll
0x00007ffe31900000 - 0x00007ffe3199e000 	C:\Windows\System32\msvcrt.dll
0x00007ffe30870000 - 0x00007ffe30ba6000 	C:\Windows\System32\combase.dll
0x00007ffe2ffe0000 - 0x00007ffe30100000 	C:\Windows\System32\RPCRT4.dll
0x00007ffe2fbe0000 - 0x00007ffe2fc60000 	C:\Windows\System32\bcryptPrimitives.dll
0x00007ffe2ffb0000 - 0x00007ffe2ffde000 	C:\Windows\System32\IMM32.DLL
0x00007ffe0bf80000 - 0x00007ffe0c01d000 	C:\Program Files\Android\Android Studio\jre\bin\msvcp140.dll
0x00007ffdf6b00000 - 0x00007ffdf75cf000 	C:\Program Files\Android\Android Studio\jre\bin\server\jvm.dll
0x00007ffe31780000 - 0x00007ffe31823000 	C:\Windows\System32\ADVAPI32.dll
0x00007ffe305b0000 - 0x00007ffe30647000 	C:\Windows\System32\sechost.dll
0x00007ffe31770000 - 0x00007ffe31778000 	C:\Windows\System32\PSAPI.DLL
0x00007ffe22110000 - 0x00007ffe22119000 	C:\Windows\SYSTEM32\WSOCK32.dll
0x00007ffe31e50000 - 0x00007ffe31ebf000 	C:\Windows\System32\WS2_32.dll
0x00007ffe2cad0000 - 0x00007ffe2caf4000 	C:\Windows\SYSTEM32\WINMM.dll
0x00007ffe24410000 - 0x00007ffe2441a000 	C:\Windows\SYSTEM32\VERSION.dll
0x00007ffe2caa0000 - 0x00007ffe2cacd000 	C:\Windows\SYSTEM32\WINMMBASE.dll
0x00007ffe2ee90000 - 0x00007ffe2eeda000 	C:\Windows\System32\cfgmgr32.dll
0x00007ffe2ede0000 - 0x00007ffe2edf1000 	C:\Windows\System32\kernel.appcore.dll
0x00007ffe220f0000 - 0x00007ffe22101000 	C:\Program Files\Android\Android Studio\jre\bin\verify.dll
0x00007ffe2d5b0000 - 0x00007ffe2d7a4000 	C:\Windows\SYSTEM32\DBGHELP.DLL
0x00007ffe1f9e0000 - 0x00007ffe1fa0a000 	C:\Windows\SYSTEM32\dbgcore.DLL
0x00007ffe194f0000 - 0x00007ffe19519000 	C:\Program Files\Android\Android Studio\jre\bin\java.dll
0x00007ffe220e0000 - 0x00007ffe220eb000 	C:\Program Files\Android\Android Studio\jre\bin\jimage.dll
0x00007ffe0cee0000 - 0x00007ffe0cef8000 	C:\Program Files\Android\Android Studio\jre\bin\zip.dll
0x00007ffe30bb0000 - 0x00007ffe31295000 	C:\Windows\System32\SHELL32.dll
0x00007ffe30710000 - 0x00007ffe307b9000 	C:\Windows\System32\shcore.dll
0x00007ffe2f2c0000 - 0x00007ffe2fa3f000 	C:\Windows\System32\windows.storage.dll
0x00007ffe2ee50000 - 0x00007ffe2ee6f000 	C:\Windows\System32\profapi.dll
0x00007ffe2ee00000 - 0x00007ffe2ee4a000 	C:\Windows\System32\powrprof.dll
0x00007ffe2edd0000 - 0x00007ffe2ede0000 	C:\Windows\System32\UMPDC.dll
0x00007ffe31330000 - 0x00007ffe31382000 	C:\Windows\System32\shlwapi.dll
0x00007ffe2fd00000 - 0x00007ffe2fd17000 	C:\Windows\System32\cryptsp.dll
0x00007ffe0b0b0000 - 0x00007ffe0b0ca000 	C:\Program Files\Android\Android Studio\jre\bin\net.dll
0x00007ffe25a90000 - 0x00007ffe25b80000 	C:\Windows\SYSTEM32\WINHTTP.dll
0x00007ffe2e640000 - 0x00007ffe2e6a7000 	C:\Windows\system32\mswsock.dll
0x00007ffe0b090000 - 0x00007ffe0b0a4000 	C:\Program Files\Android\Android Studio\jre\bin\nio.dll
0x00007ffe14720000 - 0x00007ffe14747000 	C:\Program Files\Android\gradle-7.2\native\8bec1ad78214c89d9ad589b4d07fe93259594b29d510b10fafb7a158f7737e5d\windows-amd64\native-platform.dll
0x00007ffe0c180000 - 0x00007ffe0c2bd000 	C:\Program Files\Android\gradle-7.2\native\53dbd7edfb1c66fb8903c78663c9afc45aea4f116125fa6feffd364cf09443e8\windows-amd64\native-platform-file-events.dll
0x00007ffe1b240000 - 0x00007ffe1b24a000 	C:\Program Files\Android\Android Studio\jre\bin\management.dll
0x00007ffe19a60000 - 0x00007ffe19a6c000 	C:\Program Files\Android\Android Studio\jre\bin\management_ext.dll
0x00007ffe2e1b0000 - 0x00007ffe2e1e3000 	C:\Windows\system32\rsaenh.dll
0x00007ffe2fd80000 - 0x00007ffe2fda6000 	C:\Windows\System32\bcrypt.dll
0x00007ffe2ecf0000 - 0x00007ffe2ed15000 	C:\Windows\SYSTEM32\USERENV.dll
0x00007ffe2e810000 - 0x00007ffe2e81c000 	C:\Windows\SYSTEM32\CRYPTBASE.dll
0x00007ffe2e350000 - 0x00007ffe2e38a000 	C:\Windows\SYSTEM32\IPHLPAPI.DLL
0x00007ffe30130000 - 0x00007ffe30138000 	C:\Windows\System32\NSI.dll
0x00007ffe271a0000 - 0x00007ffe271b6000 	C:\Windows\SYSTEM32\dhcpcsvc6.DLL
0x00007ffe27380000 - 0x00007ffe2739c000 	C:\Windows\SYSTEM32\dhcpcsvc.DLL
0x00007ffe2e390000 - 0x00007ffe2e45a000 	C:\Windows\SYSTEM32\DNSAPI.dll

dbghelp: loaded successfully - version: 4.0.5 - missing functions: none
symbol engine: initialized successfully - sym options: 0x614 - pdb path: .;C:\Program Files\Android\Android Studio\jre\bin;C:\Windows\SYSTEM32;C:\Windows\WinSxS\amd64_microsoft.windows.common-controls_6595b64144ccf1df_6.0.18362.592_none_e6c0b1911312be02;C:\Program Files\Android\Android Studio\jre\bin\server;C:\Program Files\Android\gradle-7.2\native\8bec1ad78214c89d9ad589b4d07fe93259594b29d510b10fafb7a158f7737e5d\windows-amd64;C:\Program Files\Android\gradle-7.2\native\53dbd7edfb1c66fb8903c78663c9afc45aea4f116125fa6feffd364cf09443e8\windows-amd64

VM Arguments:
jvm_args: --add-opens=java.base/java.util=ALL-UNNAMED --add-opens=java.base/java.lang=ALL-UNNAMED --add-opens=java.base/java.lang.invoke=ALL-UNNAMED --add-opens=java.base/java.util=ALL-UNNAMED --add-opens=java.prefs/java.util.prefs=ALL-UNNAMED --add-opens=java.prefs/java.util.prefs=ALL-UNNAMED --add-opens=java.base/java.nio.charset=ALL-UNNAMED --add-opens=java.base/java.net=ALL-UNNAMED --add-opens=java.base/java.util.concurrent.atomic=ALL-UNNAMED -Xmx2048m -Dfile.encoding=UTF-8 -Duser.country=US -Duser.language=en -Duser.variant 
java_command: org.gradle.launcher.daemon.bootstrap.GradleDaemon 7.0.2
java_class_path (initial): C:\Program Files\Android\gradle-7.2\wrapper\dists\gradle-7.0.2-bin\857tjihv64xamwrf0h14cai3r\gradle-7.0.2\lib\gradle-launcher-7.0.2.jar
Launcher Type: SUN_STANDARD

[Global flags]
     intx CICompilerCount                          = 3                                         {product} {ergonomic}
     uint ConcGCThreads                            = 1                                         {product} {ergonomic}
     uint G1ConcRefinementThreads                  = 4                                         {product} {ergonomic}
   size_t G1HeapRegionSize                         = 1048576                                   {product} {ergonomic}
    uintx GCDrainStackTargetSize                   = 64                                        {product} {ergonomic}
   size_t InitialHeapSize                          = 100663296                                 {product} {ergonomic}
   size_t MarkStackSize                            = 4194304                                   {product} {ergonomic}
   size_t MaxHeapSize                              = 2147483648                                {product} {command line}
   size_t MaxNewSize                               = 1287651328                                {product} {ergonomic}
   size_t MinHeapDeltaBytes                        = 1048576                                   {product} {ergonomic}
    uintx NonNMethodCodeHeapSize                   = 5830732                                {pd product} {ergonomic}
    uintx NonProfiledCodeHeapSize                  = 122913754                              {pd product} {ergonomic}
    uintx ProfiledCodeHeapSize                     = 122913754                              {pd product} {ergonomic}
    uintx ReservedCodeCacheSize                    = 251658240                              {pd product} {ergonomic}
     bool SegmentedCodeCache                       = true                                      {product} {ergonomic}
     bool UseCompressedClassPointers               = true                                 {lp64_product} {ergonomic}
     bool UseCompressedOops                        = true                                 {lp64_product} {ergonomic}
     bool UseG1GC                                  = true                                      {product} {ergonomic}
     bool UseLargePagesIndividualAllocation        = false                                  {pd product} {ergonomic}

Logging:
Log output configuration:
 #0: stdout all=warning uptime,level,tags
 #1: stderr all=off uptime,level,tags

Environment Variables:
PATH=C:\Program Files (x86)\NVIDIA Corporation\PhysX\Common;C:\Program Files (x86)\Common Files\Oracle\Java\javapath;C:\Windows\system32;C:\Windows;C:\Windows\System32\Wbem;C:\Windows\System32\WindowsPowerShell\v1.0\;C:\Windows\System32\OpenSSH\;C:\Users\User\AppData\Local\Microsoft\WindowsApps;C:\Users\User\AppData\Local\GitHubDesktop\bin;C:\adb;C:\Program Files\nodejs\;C:\Users\User\AppData\Local\Microsoft\WindowsApps;C:\Users\User\AppData\Local\GitHubDesktop\bin;C:\Users\User\AppData\Roaming\npm
USERNAME=User
OS=Windows_NT
PROCESSOR_IDENTIFIER=Intel64 Family 6 Model 69 Stepping 1, GenuineIntel



---------------  S Y S T E M  ---------------

OS: Windows 10 , 64 bit Build 18362 (10.0.18362.329)
OS uptime: 0 days 7:38 hours

CPU:total 4 (initial active 4) (2 cores per cpu, 2 threads per core) family 6 model 69 stepping 1 microcode 0x24, cmov, cx8, fxsr, mmx, sse, sse2, sse3, ssse3, sse4.1, sse4.2, popcnt, avx, avx2, aes, clmul, erms, lzcnt, ht, tsc, tscinvbit, bmi1, bmi2, fma

Memory: 4k page, system-wide physical 6027M (276M free)
TotalPageFile size 6027M (AvailPageFile size 17M)
current process WorkingSet (physical memory assigned to process): 376M, peak: 379M
current process commit charge ("private bytes"): 443M, peak: 524M

vm_info: OpenJDK 64-Bit Server VM (11.0.10+0-b96-7249189) for windows-amd64 JRE (11.0.10+0-b96-7249189), built on Mar 31 2021 21:44:00 by "builder" with MS VC++ 14.0 (VS2015)

END.
