#
# There is insufficient memory for the Java Runtime Environment to continue.
# Native memory allocation (malloc) failed to allocate 32784 bytes for Chunk::new
# Possible reasons:
#   The system is out of physical RAM or swap space
#   The process is running with CompressedOops enabled, and the Java Heap may be blocking the growth of the native heap
# Possible solutions:
#   Reduce memory load on the system
#   Increase physical memory or swap space
#   Check if swap backing store is full
#   Decrease Java heap size (-Xmx/-Xms)
#   Decrease number of Java threads
#   Decrease Java thread stack sizes (-Xss)
#   Set larger code cache with -XX:ReservedCodeCacheSize=
#   JVM is running with Unscaled Compressed Oops mode in which the Java heap is
#     placed in the first 4GB address space. The Java Heap base address is the
#     maximum limit for the native heap growth. Please use -XX:HeapBaseMinAddress
#     to set the Java Heap base and to place the Java Heap above 4GB virtual address.
# This output file may be truncated or incomplete.
#
#  Out of Memory Error (./src/hotspot/share/memory/arena.cpp:197), pid=2144, tid=2688
#
# JRE version: OpenJDK Runtime Environment (11.0.10) (build 11.0.10+0-b96-7249189)
# Java VM: OpenJDK 64-Bit Server VM (11.0.10+0-b96-7249189, mixed mode, tiered, compressed oops, g1 gc, windows-amd64)
# No core dump will be written. Minidumps are not enabled by default on client versions of Windows
#

---------------  S U M M A R Y ------------

Command Line: --add-opens=java.base/java.util=ALL-UNNAMED --add-opens=java.base/java.lang=ALL-UNNAMED --add-opens=java.base/java.lang.invoke=ALL-UNNAMED --add-opens=java.base/java.util=ALL-UNNAMED --add-opens=java.prefs/java.util.prefs=ALL-UNNAMED --add-opens=java.prefs/java.util.prefs=ALL-UNNAMED --add-opens=java.base/java.nio.charset=ALL-UNNAMED --add-opens=java.base/java.net=ALL-UNNAMED --add-opens=java.base/java.util.concurrent.atomic=ALL-UNNAMED -Xmx2048m -Dfile.encoding=UTF-8 -Duser.country=US -Duser.language=en -Duser.variant org.gradle.launcher.daemon.bootstrap.GradleDaemon 7.0.2

Host: Intel(R) Core(TM) i3-4030U CPU @ 1.90GHz, 4 cores, 5G,  Windows 10 , 64 bit Build 18362 (10.0.18362.329)
Time: Tue Oct 26 08:09:50 2021 SE Asia Standard Time elapsed time: 38.424502 seconds (0d 0h 0m 38s)

---------------  T H R E A D  ---------------

Current thread (0x0000027efcb50800):  JavaThread "C2 CompilerThread0" daemon [_thread_in_native, id=2688, stack(0x000000db13600000,0x000000db13700000)]


Current CompileTask:
C2:  38424 9951       4       java.net.URLClassLoader$1::run (5 bytes)

Stack: [0x000000db13600000,0x000000db13700000]
Native frames: (J=compiled Java code, j=interpreted, Vv=VM code, C=native code)
V  [jvm.dll+0x5ecfaa]
V  [jvm.dll+0x722bd5]
V  [jvm.dll+0x72412d]
V  [jvm.dll+0x7247e3]
V  [jvm.dll+0x242928]
V  [jvm.dll+0xbc4fc]
V  [jvm.dll+0xbca0c]
V  [jvm.dll+0xbc608]
V  [jvm.dll+0x5cc470]
V  [jvm.dll+0x204443]
V  [jvm.dll+0x1fc692]
V  [jvm.dll+0x1fa77f]
V  [jvm.dll+0x18354c]
V  [jvm.dll+0x208ee7]
V  [jvm.dll+0x207731]
V  [jvm.dll+0x6eb1cf]
V  [jvm.dll+0x6e3d45]
V  [jvm.dll+0x5ebe96]
C  [ucrtbase.dll+0x20e72]
C  [KERNEL32.DLL+0x17bd4]
C  [ntdll.dll+0x6ced1]


---------------  P R O C E S S  ---------------

Threads class SMR info:
_java_thread_list=0x0000027eefe459e0, length=50, elements={
0x0000027ef1f5c800, 0x0000027efcb25800, 0x0000027efcb29800, 0x0000027efcb42000,
0x0000027efcb43800, 0x0000027efcb47000, 0x0000027efcb50800, 0x0000027efcb51800,
0x0000027efcb53800, 0x0000027efd5fa000, 0x0000027efee2e800, 0x0000027efd6e9000,
0x0000027e8fe76800, 0x0000027efeeb8800, 0x0000027efeea2800, 0x0000027efefa5800,
0x0000027efefa6800, 0x0000027efdbef800, 0x0000027efe766800, 0x0000027e8f78b000,
0x0000027e8f78d000, 0x0000027e8f78d800, 0x0000027e8f78c000, 0x0000027efe7e3000,
0x0000027efe7e0000, 0x0000027efe7e4000, 0x0000027efe7df000, 0x0000027efe7e0800,
0x0000027efe7e1800, 0x0000027efe7e2800, 0x0000027efe56e800, 0x0000027efe56b800,
0x0000027efe56d800, 0x0000027efe572800, 0x0000027efe570000, 0x0000027efe573800,
0x0000027efe574000, 0x0000027efe56f800, 0x0000027efe572000, 0x0000027efe576000,
0x0000027efe575000, 0x0000027efe576800, 0x0000027efe571000, 0x0000027efe577800,
0x0000027efe578800, 0x0000027efe57a000, 0x0000027efe579000, 0x0000027e9189b800,
0x0000027e91899000, 0x0000027e9189c800
}

Java Threads: ( => current thread )
  0x0000027ef1f5c800 JavaThread "main" [_thread_blocked, id=2488, stack(0x000000db12a00000,0x000000db12b00000)]
  0x0000027efcb25800 JavaThread "Reference Handler" daemon [_thread_blocked, id=1688, stack(0x000000db13100000,0x000000db13200000)]
  0x0000027efcb29800 JavaThread "Finalizer" daemon [_thread_blocked, id=1460, stack(0x000000db13200000,0x000000db13300000)]
  0x0000027efcb42000 JavaThread "Signal Dispatcher" daemon [_thread_blocked, id=2984, stack(0x000000db13300000,0x000000db13400000)]
  0x0000027efcb43800 JavaThread "Attach Listener" daemon [_thread_blocked, id=7748, stack(0x000000db13400000,0x000000db13500000)]
  0x0000027efcb47000 JavaThread "Service Thread" daemon [_thread_blocked, id=7656, stack(0x000000db13500000,0x000000db13600000)]
=>0x0000027efcb50800 JavaThread "C2 CompilerThread0" daemon [_thread_in_native, id=2688, stack(0x000000db13600000,0x000000db13700000)]
  0x0000027efcb51800 JavaThread "C1 CompilerThread0" daemon [_thread_blocked, id=692, stack(0x000000db13700000,0x000000db13800000)]
  0x0000027efcb53800 JavaThread "Sweeper thread" daemon [_thread_blocked, id=5816, stack(0x000000db13800000,0x000000db13900000)]
  0x0000027efd5fa000 JavaThread "Common-Cleaner" daemon [_thread_blocked, id=8208, stack(0x000000db13900000,0x000000db13a00000)]
  0x0000027efee2e800 JavaThread "Daemon health stats" [_thread_blocked, id=5800, stack(0x000000db13e00000,0x000000db13f00000)]
  0x0000027efd6e9000 JavaThread "Incoming local TCP Connector on port 65332" [_thread_in_native, id=2796, stack(0x000000db13c00000,0x000000db13d00000)]
  0x0000027e8fe76800 JavaThread "Daemon periodic checks" [_thread_blocked, id=4104, stack(0x000000db13f00000,0x000000db14000000)]
  0x0000027efeeb8800 JavaThread "Daemon" [_thread_blocked, id=3596, stack(0x000000db14200000,0x000000db14300000)]
  0x0000027efeea2800 JavaThread "Handler for socket connection from /127.0.0.1:65332 to /127.0.0.1:65333" [_thread_in_native, id=5988, stack(0x000000db14300000,0x000000db14400000)]
  0x0000027efefa5800 JavaThread "Cancel handler" [_thread_blocked, id=9428, stack(0x000000db14400000,0x000000db14500000)]
  0x0000027efefa6800 JavaThread "Daemon worker" [_thread_blocked, id=6820, stack(0x000000db14500000,0x000000db14600000)]
  0x0000027efdbef800 JavaThread "Asynchronous log dispatcher for DefaultDaemonConnection: socket connection from /127.0.0.1:65332 to /127.0.0.1:65333" [_thread_blocked, id=4556, stack(0x000000db14600000,0x000000db14700000)]
  0x0000027efe766800 JavaThread "Stdin handler" [_thread_blocked, id=5048, stack(0x000000db14700000,0x000000db14800000)]
  0x0000027e8f78b000 JavaThread "Daemon client event forwarder" [_thread_blocked, id=8544, stack(0x000000db14800000,0x000000db14900000)]
  0x0000027e8f78d000 JavaThread "Cache worker for file hash cache (C:\Program Files\Android\gradle-7.2\caches\7.0.2\fileHashes)" [_thread_blocked, id=8848, stack(0x000000db14900000,0x000000db14a00000)]
  0x0000027e8f78d800 JavaThread "File lock request listener" [_thread_in_native, id=516, stack(0x000000db14a00000,0x000000db14b00000)]
  0x0000027e8f78c000 JavaThread "Cache worker for journal cache (C:\Program Files\Android\gradle-7.2\caches\journal-1)" [_thread_blocked, id=2072, stack(0x000000db14b00000,0x000000db14c00000)]
  0x0000027efe7e3000 JavaThread "Cache worker for file hash cache (C:\Users\User\AndroidStudioProjects\JubitorRemake\.gradle\7.0.2\fileHashes)" [_thread_blocked, id=8408, stack(0x000000db14d00000,0x000000db14e00000)]
  0x0000027efe7e0000 JavaThread "File watcher server" daemon [_thread_in_native, id=6660, stack(0x000000db14e00000,0x000000db14f00000)]
  0x0000027efe7e4000 JavaThread "File watcher consumer" daemon [_thread_blocked, id=540, stack(0x000000db14f00000,0x000000db15000000)]
  0x0000027efe7df000 JavaThread "Cache worker for checksums cache (C:\Users\User\AndroidStudioProjects\JubitorRemake\.gradle\checksums)" [_thread_blocked, id=4944, stack(0x000000db15000000,0x000000db15100000)]
  0x0000027efe7e0800 JavaThread "Cache worker for cache directory md-supplier (C:\Program Files\Android\gradle-7.2\caches\7.0.2\md-supplier)" [_thread_blocked, id=7080, stack(0x000000db15100000,0x000000db15200000)]
  0x0000027efe7e1800 JavaThread "Cache worker for cache directory md-rule (C:\Program Files\Android\gradle-7.2\caches\7.0.2\md-rule)" [_thread_blocked, id=5416, stack(0x000000db15200000,0x000000db15300000)]
  0x0000027efe7e2800 JavaThread "Cache worker for execution history cache (C:\Program Files\Android\gradle-7.2\caches\7.0.2\executionHistory)" [_thread_blocked, id=7320, stack(0x000000db15300000,0x000000db15400000)]
  0x0000027efe56e800 JavaThread "jar transforms" [_thread_blocked, id=8504, stack(0x000000db15400000,0x000000db15500000)]
  0x0000027efe56b800 JavaThread "jar transforms Thread 2" [_thread_blocked, id=1408, stack(0x000000db15500000,0x000000db15600000)]
  0x0000027efe56d800 JavaThread "Cache worker for file content cache (C:\Program Files\Android\gradle-7.2\caches\7.0.2\fileContent)" [_thread_blocked, id=2792, stack(0x000000db15600000,0x000000db15700000)]
  0x0000027efe572800 JavaThread "Cache worker for dependencies-accessors (C:\Users\User\AndroidStudioProjects\JubitorRemake\.gradle\7.0.2\dependencies-accessors)" [_thread_blocked, id=6816, stack(0x000000db15700000,0x000000db15800000)]
  0x0000027efe570000 JavaThread "jar transforms Thread 3" [_thread_blocked, id=9736, stack(0x000000db15800000,0x000000db15900000)]
  0x0000027efe573800 JavaThread "Cache worker for Build Output Cleanup Cache (C:\Users\User\AndroidStudioProjects\JubitorRemake\.gradle\buildOutputCleanup)" [_thread_blocked, id=1340, stack(0x000000db15900000,0x000000db15a00000)]
  0x0000027efe574000 JavaThread "Build operations" [_thread_blocked, id=7984, stack(0x000000db14c00000,0x000000db14d00000)]
  0x0000027efe56f800 JavaThread "Build operations Thread 2" [_thread_in_native, id=3344, stack(0x000000db15a00000,0x000000db15b00000)]
  0x0000027efe572000 JavaThread "Build operations Thread 3" [_thread_blocked, id=5272, stack(0x000000db15b00000,0x000000db15c00000)]
  0x0000027efe576000 JavaThread "Build operations Thread 4" [_thread_blocked, id=8920, stack(0x000000db15c00000,0x000000db15d00000)]
  0x0000027efe575000 JavaThread "jar transforms Thread 4" [_thread_blocked, id=7236, stack(0x000000db15e00000,0x000000db15f00000)]
  0x0000027efe576800 JavaThread "Memory manager" [_thread_blocked, id=7620, stack(0x000000db15f00000,0x000000db16000000)]
  0x0000027efe571000 JavaThread "build event listener" [_thread_blocked, id=4020, stack(0x000000db15d00000,0x000000db15e00000)]
  0x0000027efe577800 JavaThread "pool-3-thread-1" [_thread_blocked, id=7208, stack(0x000000db16000000,0x000000db16100000)]
  0x0000027efe578800 JavaThread "build event listener" [_thread_blocked, id=4932, stack(0x000000db16100000,0x000000db16200000)]
  0x0000027efe57a000 JavaThread "Execution worker for ':'" [_thread_blocked, id=6548, stack(0x000000db16200000,0x000000db16300000)]
  0x0000027efe579000 JavaThread "Execution worker for ':' Thread 2" [_thread_blocked, id=244, stack(0x000000db16300000,0x000000db16400000)]
  0x0000027e9189b800 JavaThread "Execution worker for ':' Thread 3" [_thread_blocked, id=3856, stack(0x000000db16400000,0x000000db16500000)]
  0x0000027e91899000 JavaThread "Cache worker for execution history cache (C:\Users\User\AndroidStudioProjects\JubitorRemake\.gradle\7.0.2\executionHistory)" [_thread_blocked, id=6344, stack(0x000000db16500000,0x000000db16600000)]
  0x0000027e9189c800 JavaThread "WorkerExecutor Queue" [_thread_blocked, id=9956, stack(0x000000db16800000,0x000000db16900000)]

Other Threads:
  0x0000027efcb21800 VMThread "VM Thread" [stack: 0x000000db13000000,0x000000db13100000] [id=9288]
  0x0000027efd61b000 WatcherThread [stack: 0x000000db13a00000,0x000000db13b00000] [id=8500]
  0x0000027ef1f76000 GCTaskThread "GC Thread#0" [stack: 0x000000db12b00000,0x000000db12c00000] [id=5496]
  0x0000027efe1e5800 GCTaskThread "GC Thread#1" [stack: 0x000000db13d00000,0x000000db13e00000] [id=7176]
  0x0000027e8ffce800 GCTaskThread "GC Thread#2" [stack: 0x000000db14000000,0x000000db14100000] [id=6856]
  0x0000027e8f1ff800 GCTaskThread "GC Thread#3" [stack: 0x000000db14100000,0x000000db14200000] [id=3144]
  0x0000027ef1fa6800 ConcurrentGCThread "G1 Main Marker" [stack: 0x000000db12c00000,0x000000db12d00000] [id=724]
  0x0000027ef1fa8800 ConcurrentGCThread "G1 Conc#0" [stack: 0x000000db12d00000,0x000000db12e00000] [id=7108]
  0x0000027ef201c000 ConcurrentGCThread "G1 Refine#0" [stack: 0x000000db12e00000,0x000000db12f00000] [id=5684]
  0x0000027ef201d000 ConcurrentGCThread "G1 Young RemSet Sampling" [stack: 0x000000db12f00000,0x000000db13000000] [id=9272]

Threads with active compile tasks:
C2 CompilerThread0  38869 9951       4       java.net.URLClassLoader$1::run (5 bytes)

VM state:not at safepoint (normal execution)

VM Mutex/Monitor currently owned by a thread: None

OutOfMemory and StackOverflow Exception counts:
OutOfMemoryError java_heap_errors=1
LinkageErrors=132

Heap address: 0x0000000080000000, size: 2048 MB, Compressed Oops mode: 32-bit
Narrow klass base: 0x0000000000000000, Narrow klass shift: 3
Compressed class space size: 1073741824 Address: 0x0000000100000000

Heap:
 garbage-first heap   total 172032K, used 90506K [0x0000000080000000, 0x0000000100000000)
  region size 1024K, 24 young (24576K), 9 survivors (9216K)
 Metaspace       used 88485K, capacity 90657K, committed 91004K, reserved 1128448K
  class space    used 11400K, capacity 12168K, committed 12288K, reserved 1048576K
Heap Regions: E=young(eden), S=young(survivor), O=old, HS=humongous(starts), HC=humongous(continues), CS=collection set, F=free, A=archive, TAMS=top-at-mark-start (previous, next)
|   0|0x0000000080000000, 0x0000000080100000, 0x0000000080100000|100%|HS|  |TAMS 0x0000000080100000, 0x0000000080000000| Complete 
|   1|0x0000000080100000, 0x0000000080200000, 0x0000000080200000|100%|HC|  |TAMS 0x0000000080200000, 0x0000000080100000| Complete 
|   2|0x0000000080200000, 0x0000000080300000, 0x0000000080300000|100%|HC|  |TAMS 0x0000000080300000, 0x0000000080200000| Complete 
|   3|0x0000000080300000, 0x0000000080400000, 0x0000000080400000|100%| O|  |TAMS 0x0000000080400000, 0x0000000080300000| Untracked 
|   4|0x0000000080400000, 0x0000000080500000, 0x0000000080500000|100%| O|  |TAMS 0x0000000080500000, 0x0000000080400000| Untracked 
|   5|0x0000000080500000, 0x0000000080600000, 0x0000000080600000|100%| O|  |TAMS 0x0000000080600000, 0x0000000080500000| Untracked 
|   6|0x0000000080600000, 0x0000000080700000, 0x0000000080700000|100%| O|  |TAMS 0x0000000080700000, 0x0000000080600000| Untracked 
|   7|0x0000000080700000, 0x0000000080800000, 0x0000000080800000|100%| O|  |TAMS 0x0000000080800000, 0x0000000080700000| Untracked 
|   8|0x0000000080800000, 0x0000000080900000, 0x0000000080900000|100%| O|  |TAMS 0x0000000080900000, 0x0000000080800000| Untracked 
|   9|0x0000000080900000, 0x0000000080a00000, 0x0000000080a00000|100%| O|  |TAMS 0x0000000080a00000, 0x0000000080900000| Untracked 
|  10|0x0000000080a00000, 0x0000000080b00000, 0x0000000080b00000|100%| O|  |TAMS 0x0000000080b00000, 0x0000000080a00000| Untracked 
|  11|0x0000000080b00000, 0x0000000080c00000, 0x0000000080c00000|100%| O|  |TAMS 0x0000000080c00000, 0x0000000080b00000| Untracked 
|  12|0x0000000080c00000, 0x0000000080d00000, 0x0000000080d00000|100%| O|  |TAMS 0x0000000080d00000, 0x0000000080c00000| Untracked 
|  13|0x0000000080d00000, 0x0000000080e00000, 0x0000000080e00000|100%| O|  |TAMS 0x0000000080e00000, 0x0000000080d00000| Untracked 
|  14|0x0000000080e00000, 0x0000000080f00000, 0x0000000080f00000|100%| O|  |TAMS 0x0000000080f00000, 0x0000000080e00000| Untracked 
|  15|0x0000000080f00000, 0x0000000081000000, 0x0000000081000000|100%| O|  |TAMS 0x0000000081000000, 0x0000000080f00000| Untracked 
|  16|0x0000000081000000, 0x0000000081100000, 0x0000000081100000|100%| O|  |TAMS 0x0000000081100000, 0x0000000081000000| Untracked 
|  17|0x0000000081100000, 0x0000000081200000, 0x0000000081200000|100%|HS|  |TAMS 0x0000000081200000, 0x0000000081100000| Complete 
|  18|0x0000000081200000, 0x0000000081300000, 0x0000000081300000|100%| O|  |TAMS 0x0000000081300000, 0x0000000081200000| Untracked 
|  19|0x0000000081300000, 0x0000000081400000, 0x0000000081400000|100%| O|  |TAMS 0x0000000081400000, 0x0000000081300000| Untracked 
|  20|0x0000000081400000, 0x0000000081500000, 0x0000000081500000|100%| O|  |TAMS 0x0000000081500000, 0x0000000081400000| Untracked 
|  21|0x0000000081500000, 0x0000000081600000, 0x0000000081600000|100%| O|  |TAMS 0x0000000081600000, 0x0000000081500000| Untracked 
|  22|0x0000000081600000, 0x0000000081700000, 0x0000000081700000|100%| O|  |TAMS 0x0000000081700000, 0x0000000081600000| Untracked 
|  23|0x0000000081700000, 0x0000000081800000, 0x0000000081800000|100%|HS|  |TAMS 0x0000000081800000, 0x0000000081700000| Complete 
|  24|0x0000000081800000, 0x0000000081900000, 0x0000000081900000|100%|HS|  |TAMS 0x0000000081900000, 0x0000000081800000| Complete 
|  25|0x0000000081900000, 0x0000000081a00000, 0x0000000081a00000|100%|HC|  |TAMS 0x0000000081a00000, 0x0000000081900000| Complete 
|  26|0x0000000081a00000, 0x0000000081b00000, 0x0000000081b00000|100%| O|  |TAMS 0x0000000081b00000, 0x0000000081a00000| Untracked 
|  27|0x0000000081b00000, 0x0000000081c00000, 0x0000000081c00000|100%| O|  |TAMS 0x0000000081c00000, 0x0000000081b00000| Untracked 
|  28|0x0000000081c00000, 0x0000000081d00000, 0x0000000081d00000|100%| O|  |TAMS 0x0000000081d00000, 0x0000000081c00000| Untracked 
|  29|0x0000000081d00000, 0x0000000081e00000, 0x0000000081e00000|100%| O|  |TAMS 0x0000000081e00000, 0x0000000081d00000| Untracked 
|  30|0x0000000081e00000, 0x0000000081f00000, 0x0000000081f00000|100%| O|  |TAMS 0x0000000081f00000, 0x0000000081e00000| Untracked 
|  31|0x0000000081f00000, 0x0000000082000000, 0x0000000082000000|100%| O|  |TAMS 0x0000000082000000, 0x0000000081f00000| Untracked 
|  32|0x0000000082000000, 0x0000000082100000, 0x0000000082100000|100%| O|  |TAMS 0x0000000082100000, 0x0000000082000000| Untracked 
|  33|0x0000000082100000, 0x0000000082200000, 0x0000000082200000|100%| O|  |TAMS 0x0000000082200000, 0x0000000082100000| Untracked 
|  34|0x0000000082200000, 0x0000000082300000, 0x0000000082300000|100%| O|  |TAMS 0x0000000082300000, 0x0000000082200000| Untracked 
|  35|0x0000000082300000, 0x0000000082400000, 0x0000000082400000|100%| O|  |TAMS 0x0000000082400000, 0x0000000082300000| Untracked 
|  36|0x0000000082400000, 0x0000000082500000, 0x0000000082500000|100%| O|  |TAMS 0x0000000082500000, 0x0000000082400000| Untracked 
|  37|0x0000000082500000, 0x0000000082600000, 0x0000000082600000|100%| O|  |TAMS 0x0000000082600000, 0x0000000082500000| Untracked 
|  38|0x0000000082600000, 0x0000000082700000, 0x0000000082700000|100%| O|  |TAMS 0x0000000082700000, 0x0000000082600000| Untracked 
|  39|0x0000000082700000, 0x0000000082800000, 0x0000000082800000|100%| O|  |TAMS 0x0000000082800000, 0x0000000082700000| Untracked 
|  40|0x0000000082800000, 0x0000000082900000, 0x0000000082900000|100%| O|  |TAMS 0x0000000082900000, 0x0000000082800000| Untracked 
|  41|0x0000000082900000, 0x0000000082a00000, 0x0000000082a00000|100%| O|  |TAMS 0x0000000082a00000, 0x0000000082900000| Untracked 
|  42|0x0000000082a00000, 0x0000000082b00000, 0x0000000082b00000|100%| O|  |TAMS 0x0000000082b00000, 0x0000000082a00000| Untracked 
|  43|0x0000000082b00000, 0x0000000082c00000, 0x0000000082c00000|100%| O|  |TAMS 0x0000000082c00000, 0x0000000082b00000| Untracked 
|  44|0x0000000082c00000, 0x0000000082d00000, 0x0000000082d00000|100%| O|  |TAMS 0x0000000082d00000, 0x0000000082c00000| Untracked 
|  45|0x0000000082d00000, 0x0000000082e00000, 0x0000000082e00000|100%| O|  |TAMS 0x0000000082dd4000, 0x0000000082d00000| Untracked 
|  46|0x0000000082e00000, 0x0000000082f00000, 0x0000000082f00000|100%| O|  |TAMS 0x0000000082e00000, 0x0000000082e00000| Untracked 
|  47|0x0000000082f00000, 0x0000000083000000, 0x0000000083000000|100%| O|  |TAMS 0x0000000082f00000, 0x0000000082f00000| Untracked 
|  48|0x0000000083000000, 0x0000000083100000, 0x0000000083100000|100%| O|  |TAMS 0x0000000083000000, 0x0000000083000000| Untracked 
|  49|0x0000000083100000, 0x0000000083200000, 0x0000000083200000|100%| O|  |TAMS 0x0000000083100000, 0x0000000083100000| Untracked 
|  50|0x0000000083200000, 0x0000000083300000, 0x0000000083300000|100%| O|  |TAMS 0x0000000083200000, 0x0000000083200000| Untracked 
|  51|0x0000000083300000, 0x0000000083400000, 0x0000000083400000|100%| O|  |TAMS 0x0000000083300000, 0x0000000083300000| Untracked 
|  52|0x0000000083400000, 0x0000000083500000, 0x0000000083500000|100%| O|  |TAMS 0x0000000083400000, 0x0000000083400000| Untracked 
|  53|0x0000000083500000, 0x0000000083600000, 0x0000000083600000|100%| O|  |TAMS 0x0000000083500000, 0x0000000083500000| Untracked 
|  54|0x0000000083600000, 0x0000000083700000, 0x0000000083700000|100%| O|  |TAMS 0x0000000083600000, 0x0000000083600000| Untracked 
|  55|0x0000000083700000, 0x0000000083800000, 0x0000000083800000|100%| O|  |TAMS 0x0000000083700000, 0x0000000083700000| Untracked 
|  56|0x0000000083800000, 0x0000000083900000, 0x0000000083900000|100%| O|  |TAMS 0x0000000083800000, 0x0000000083800000| Untracked 
|  57|0x0000000083900000, 0x0000000083a00000, 0x0000000083a00000|100%| O|  |TAMS 0x0000000083900000, 0x0000000083900000| Untracked 
|  58|0x0000000083a00000, 0x0000000083b00000, 0x0000000083b00000|100%| O|  |TAMS 0x0000000083a00000, 0x0000000083a00000| Untracked 
|  59|0x0000000083b00000, 0x0000000083c00000, 0x0000000083c00000|100%| O|  |TAMS 0x0000000083b00000, 0x0000000083b00000| Untracked 
|  60|0x0000000083c00000, 0x0000000083d00000, 0x0000000083d00000|100%| O|  |TAMS 0x0000000083c00000, 0x0000000083c00000| Untracked 
|  61|0x0000000083d00000, 0x0000000083e00000, 0x0000000083e00000|100%| O|  |TAMS 0x0000000083d00000, 0x0000000083d00000| Untracked 
|  62|0x0000000083e00000, 0x0000000083f00000, 0x0000000083f00000|100%| O|  |TAMS 0x0000000083e00000, 0x0000000083e00000| Untracked 
|  63|0x0000000083f00000, 0x0000000084000000, 0x0000000084000000|100%| O|  |TAMS 0x0000000083f00000, 0x0000000083f00000| Untracked 
|  64|0x0000000084000000, 0x0000000084100000, 0x0000000084100000|100%| O|  |TAMS 0x0000000084000000, 0x0000000084000000| Untracked 
|  65|0x0000000084100000, 0x0000000084200000, 0x0000000084200000|100%| O|  |TAMS 0x0000000084100000, 0x0000000084100000| Untracked 
|  66|0x0000000084200000, 0x0000000084262800, 0x0000000084300000| 38%| O|  |TAMS 0x0000000084200000, 0x0000000084200000| Untracked 
|  67|0x0000000084300000, 0x0000000084300000, 0x0000000084400000|  0%| F|  |TAMS 0x0000000084300000, 0x0000000084300000| Untracked 
|  68|0x0000000084400000, 0x0000000084400000, 0x0000000084500000|  0%| F|  |TAMS 0x0000000084400000, 0x0000000084400000| Untracked 
|  69|0x0000000084500000, 0x0000000084500000, 0x0000000084600000|  0%| F|  |TAMS 0x0000000084500000, 0x0000000084500000| Untracked 
|  70|0x0000000084600000, 0x0000000084600000, 0x0000000084700000|  0%| F|  |TAMS 0x0000000084600000, 0x0000000084600000| Untracked 
|  71|0x0000000084700000, 0x0000000084700000, 0x0000000084800000|  0%| F|  |TAMS 0x0000000084700000, 0x0000000084700000| Untracked 
|  72|0x0000000084800000, 0x0000000084800000, 0x0000000084900000|  0%| F|  |TAMS 0x0000000084800000, 0x0000000084800000| Untracked 
|  73|0x0000000084900000, 0x0000000084900000, 0x0000000084a00000|  0%| F|  |TAMS 0x0000000084900000, 0x0000000084900000| Untracked 
|  74|0x0000000084a00000, 0x0000000084a00000, 0x0000000084b00000|  0%| F|  |TAMS 0x0000000084a00000, 0x0000000084a00000| Untracked 
|  75|0x0000000084b00000, 0x0000000084b00000, 0x0000000084c00000|  0%| F|  |TAMS 0x0000000084b00000, 0x0000000084b00000| Untracked 
|  76|0x0000000084c00000, 0x0000000084c00000, 0x0000000084d00000|  0%| F|  |TAMS 0x0000000084c00000, 0x0000000084c00000| Untracked 
|  77|0x0000000084d00000, 0x0000000084d00000, 0x0000000084e00000|  0%| F|  |TAMS 0x0000000084d00000, 0x0000000084d00000| Untracked 
|  78|0x0000000084e00000, 0x0000000084e00000, 0x0000000084f00000|  0%| F|  |TAMS 0x0000000084e00000, 0x0000000084e00000| Untracked 
|  79|0x0000000084f00000, 0x0000000084f00000, 0x0000000085000000|  0%| F|  |TAMS 0x0000000084f00000, 0x0000000084f00000| Untracked 
|  80|0x0000000085000000, 0x0000000085000000, 0x0000000085100000|  0%| F|  |TAMS 0x0000000085000000, 0x0000000085000000| Untracked 
|  81|0x0000000085100000, 0x0000000085100000, 0x0000000085200000|  0%| F|  |TAMS 0x0000000085100000, 0x0000000085100000| Untracked 
|  82|0x0000000085200000, 0x0000000085200000, 0x0000000085300000|  0%| F|  |TAMS 0x0000000085200000, 0x0000000085200000| Untracked 
|  83|0x0000000085300000, 0x0000000085300000, 0x0000000085400000|  0%| F|  |TAMS 0x0000000085300000, 0x0000000085300000| Untracked 
|  84|0x0000000085400000, 0x0000000085400000, 0x0000000085500000|  0%| F|  |TAMS 0x0000000085400000, 0x0000000085400000| Untracked 
|  85|0x0000000085500000, 0x0000000085500000, 0x0000000085600000|  0%| F|  |TAMS 0x0000000085500000, 0x0000000085500000| Untracked 
|  86|0x0000000085600000, 0x0000000085600000, 0x0000000085700000|  0%| F|  |TAMS 0x0000000085600000, 0x0000000085600000| Untracked 
|  87|0x0000000085700000, 0x0000000085700000, 0x0000000085800000|  0%| F|  |TAMS 0x0000000085700000, 0x0000000085700000| Untracked 
|  88|0x0000000085800000, 0x0000000085800000, 0x0000000085900000|  0%| F|  |TAMS 0x0000000085800000, 0x0000000085800000| Untracked 
|  89|0x0000000085900000, 0x0000000085900000, 0x0000000085a00000|  0%| F|  |TAMS 0x0000000085900000, 0x0000000085900000| Untracked 
|  90|0x0000000085a00000, 0x0000000085a00000, 0x0000000085b00000|  0%| F|  |TAMS 0x0000000085a00000, 0x0000000085a00000| Untracked 
|  91|0x0000000085b00000, 0x0000000085b00000, 0x0000000085c00000|  0%| F|  |TAMS 0x0000000085b00000, 0x0000000085b00000| Untracked 
|  92|0x0000000085c00000, 0x0000000085c00000, 0x0000000085d00000|  0%| F|  |TAMS 0x0000000085c00000, 0x0000000085c00000| Untracked 
|  93|0x0000000085d00000, 0x0000000085e00000, 0x0000000085e00000|100%| S|CS|TAMS 0x0000000085d00000, 0x0000000085d00000| Complete 
|  94|0x0000000085e00000, 0x0000000085f00000, 0x0000000085f00000|100%| S|CS|TAMS 0x0000000085e00000, 0x0000000085e00000| Complete 
|  95|0x0000000085f00000, 0x0000000086000000, 0x0000000086000000|100%| S|CS|TAMS 0x0000000085f00000, 0x0000000085f00000| Complete 
|  96|0x0000000086000000, 0x0000000086100000, 0x0000000086100000|100%| S|CS|TAMS 0x0000000086000000, 0x0000000086000000| Complete 
|  97|0x0000000086100000, 0x0000000086200000, 0x0000000086200000|100%| S|CS|TAMS 0x0000000086100000, 0x0000000086100000| Complete 
|  98|0x0000000086200000, 0x0000000086300000, 0x0000000086300000|100%| S|CS|TAMS 0x0000000086200000, 0x0000000086200000| Complete 
|  99|0x0000000086300000, 0x0000000086400000, 0x0000000086400000|100%| S|CS|TAMS 0x0000000086300000, 0x0000000086300000| Complete 
| 100|0x0000000086400000, 0x0000000086500000, 0x0000000086500000|100%| S|CS|TAMS 0x0000000086400000, 0x0000000086400000| Complete 
| 101|0x0000000086500000, 0x0000000086600000, 0x0000000086600000|100%| S|CS|TAMS 0x0000000086500000, 0x0000000086500000| Complete 
| 102|0x0000000086600000, 0x0000000086600000, 0x0000000086700000|  0%| F|  |TAMS 0x0000000086600000, 0x0000000086600000| Untracked 
| 103|0x0000000086700000, 0x0000000086700000, 0x0000000086800000|  0%| F|  |TAMS 0x0000000086700000, 0x0000000086700000| Untracked 
| 104|0x0000000086800000, 0x0000000086800000, 0x0000000086900000|  0%| F|  |TAMS 0x0000000086800000, 0x0000000086800000| Untracked 
| 105|0x0000000086900000, 0x0000000086900000, 0x0000000086a00000|  0%| F|  |TAMS 0x0000000086900000, 0x0000000086900000| Untracked 
| 106|0x0000000086a00000, 0x0000000086a00000, 0x0000000086b00000|  0%| F|  |TAMS 0x0000000086a00000, 0x0000000086a00000| Untracked 
| 107|0x0000000086b00000, 0x0000000086b00000, 0x0000000086c00000|  0%| F|  |TAMS 0x0000000086b00000, 0x0000000086b00000| Untracked 
| 108|0x0000000086c00000, 0x0000000086c00000, 0x0000000086d00000|  0%| F|  |TAMS 0x0000000086c00000, 0x0000000086c00000| Untracked 
| 109|0x0000000086d00000, 0x0000000086d00000, 0x0000000086e00000|  0%| F|  |TAMS 0x0000000086d00000, 0x0000000086d00000| Untracked 
| 110|0x0000000086e00000, 0x0000000086e00000, 0x0000000086f00000|  0%| F|  |TAMS 0x0000000086e00000, 0x0000000086e00000| Untracked 
| 111|0x0000000086f00000, 0x0000000086f00000, 0x0000000087000000|  0%| F|  |TAMS 0x0000000086f00000, 0x0000000086f00000| Untracked 
| 112|0x0000000087000000, 0x0000000087000000, 0x0000000087100000|  0%| F|  |TAMS 0x0000000087000000, 0x0000000087000000| Untracked 
| 113|0x0000000087100000, 0x0000000087100000, 0x0000000087200000|  0%| F|  |TAMS 0x0000000087100000, 0x0000000087100000| Untracked 
| 114|0x0000000087200000, 0x0000000087200000, 0x0000000087300000|  0%| F|  |TAMS 0x0000000087200000, 0x0000000087200000| Untracked 
| 115|0x0000000087300000, 0x0000000087300000, 0x0000000087400000|  0%| F|  |TAMS 0x0000000087300000, 0x0000000087300000| Untracked 
| 116|0x0000000087400000, 0x0000000087400000, 0x0000000087500000|  0%| F|  |TAMS 0x0000000087400000, 0x0000000087400000| Untracked 
| 117|0x0000000087500000, 0x0000000087500000, 0x0000000087600000|  0%| F|  |TAMS 0x0000000087500000, 0x0000000087500000| Untracked 
| 118|0x0000000087600000, 0x0000000087600000, 0x0000000087700000|  0%| F|  |TAMS 0x0000000087600000, 0x0000000087600000| Untracked 
| 119|0x0000000087700000, 0x0000000087700000, 0x0000000087800000|  0%| F|  |TAMS 0x0000000087700000, 0x0000000087700000| Untracked 
| 120|0x0000000087800000, 0x0000000087800000, 0x0000000087900000|  0%| F|  |TAMS 0x0000000087800000, 0x0000000087800000| Untracked 
| 121|0x0000000087900000, 0x0000000087900000, 0x0000000087a00000|  0%| F|  |TAMS 0x0000000087900000, 0x0000000087900000| Untracked 
| 122|0x0000000087a00000, 0x0000000087a00000, 0x0000000087b00000|  0%| F|  |TAMS 0x0000000087a00000, 0x0000000087a00000| Untracked 
| 123|0x0000000087b00000, 0x0000000087b00000, 0x0000000087c00000|  0%| F|  |TAMS 0x0000000087b00000, 0x0000000087b00000| Untracked 
| 124|0x0000000087c00000, 0x0000000087c00000, 0x0000000087d00000|  0%| F|  |TAMS 0x0000000087c00000, 0x0000000087c00000| Untracked 
| 125|0x0000000087d00000, 0x0000000087d00000, 0x0000000087e00000|  0%| F|  |TAMS 0x0000000087d00000, 0x0000000087d00000| Untracked 
| 126|0x0000000087e00000, 0x0000000087e00000, 0x0000000087f00000|  0%| F|  |TAMS 0x0000000087e00000, 0x0000000087e00000| Untracked 
| 127|0x0000000087f00000, 0x0000000087f00000, 0x0000000088000000|  0%| F|  |TAMS 0x0000000087f00000, 0x0000000087f00000| Untracked 
| 128|0x0000000088000000, 0x0000000088000000, 0x0000000088100000|  0%| F|  |TAMS 0x0000000088000000, 0x0000000088000000| Untracked 
| 129|0x0000000088100000, 0x0000000088100000, 0x0000000088200000|  0%| F|  |TAMS 0x0000000088100000, 0x0000000088100000| Untracked 
| 130|0x0000000088200000, 0x0000000088200000, 0x0000000088300000|  0%| F|  |TAMS 0x0000000088200000, 0x0000000088200000| Untracked 
| 131|0x0000000088300000, 0x0000000088300000, 0x0000000088400000|  0%| F|  |TAMS 0x0000000088300000, 0x0000000088300000| Untracked 
| 132|0x0000000088400000, 0x0000000088400000, 0x0000000088500000|  0%| F|  |TAMS 0x0000000088400000, 0x0000000088400000| Untracked 
| 133|0x0000000088500000, 0x0000000088500000, 0x0000000088600000|  0%| F|  |TAMS 0x0000000088500000, 0x0000000088500000| Untracked 
| 134|0x0000000088600000, 0x0000000088600000, 0x0000000088700000|  0%| F|  |TAMS 0x0000000088600000, 0x0000000088600000| Untracked 
| 135|0x0000000088700000, 0x0000000088700000, 0x0000000088800000|  0%| F|  |TAMS 0x0000000088700000, 0x0000000088700000| Untracked 
| 136|0x0000000088800000, 0x0000000088800000, 0x0000000088900000|  0%| F|  |TAMS 0x0000000088800000, 0x0000000088800000| Untracked 
| 137|0x0000000088900000, 0x0000000088900000, 0x0000000088a00000|  0%| F|  |TAMS 0x0000000088900000, 0x0000000088900000| Untracked 
| 138|0x0000000088a00000, 0x0000000088a00000, 0x0000000088b00000|  0%| F|  |TAMS 0x0000000088a00000, 0x0000000088a00000| Untracked 
| 139|0x0000000088b00000, 0x0000000088b00000, 0x0000000088c00000|  0%| F|  |TAMS 0x0000000088b00000, 0x0000000088b00000| Untracked 
| 140|0x0000000088c00000, 0x0000000088c00000, 0x0000000088d00000|  0%| F|  |TAMS 0x0000000088c00000, 0x0000000088c00000| Untracked 
| 141|0x0000000088d00000, 0x0000000088d00000, 0x0000000088e00000|  0%| F|  |TAMS 0x0000000088d00000, 0x0000000088d00000| Untracked 
| 142|0x0000000088e00000, 0x0000000088e00000, 0x0000000088f00000|  0%| F|  |TAMS 0x0000000088e00000, 0x0000000088e00000| Untracked 
| 143|0x0000000088f00000, 0x0000000088f00000, 0x0000000089000000|  0%| F|  |TAMS 0x0000000088f00000, 0x0000000088f00000| Untracked 
| 144|0x0000000089000000, 0x0000000089000000, 0x0000000089100000|  0%| F|  |TAMS 0x0000000089000000, 0x0000000089000000| Untracked 
| 145|0x0000000089100000, 0x0000000089100000, 0x0000000089200000|  0%| F|  |TAMS 0x0000000089100000, 0x0000000089100000| Untracked 
| 146|0x0000000089200000, 0x0000000089200000, 0x0000000089300000|  0%| F|  |TAMS 0x0000000089200000, 0x0000000089200000| Untracked 
| 147|0x0000000089300000, 0x0000000089300000, 0x0000000089400000|  0%| F|  |TAMS 0x0000000089300000, 0x0000000089300000| Untracked 
| 148|0x0000000089400000, 0x0000000089400000, 0x0000000089500000|  0%| F|  |TAMS 0x0000000089400000, 0x0000000089400000| Untracked 
| 149|0x0000000089500000, 0x0000000089500000, 0x0000000089600000|  0%| F|  |TAMS 0x0000000089500000, 0x0000000089500000| Untracked 
| 150|0x0000000089600000, 0x0000000089600000, 0x0000000089700000|  0%| F|  |TAMS 0x0000000089600000, 0x0000000089600000| Untracked 
| 151|0x0000000089700000, 0x0000000089700000, 0x0000000089800000|  0%| F|  |TAMS 0x0000000089700000, 0x0000000089700000| Untracked 
| 152|0x0000000089800000, 0x0000000089800000, 0x0000000089900000|  0%| F|  |TAMS 0x0000000089800000, 0x0000000089800000| Untracked 
| 153|0x0000000089900000, 0x00000000899fc818, 0x0000000089a00000| 98%| E|  |TAMS 0x0000000089900000, 0x0000000089900000| Complete 
| 154|0x0000000089a00000, 0x0000000089b00000, 0x0000000089b00000|100%| E|CS|TAMS 0x0000000089a00000, 0x0000000089a00000| Complete 
| 155|0x0000000089b00000, 0x0000000089c00000, 0x0000000089c00000|100%| E|CS|TAMS 0x0000000089b00000, 0x0000000089b00000| Complete 
| 156|0x0000000089c00000, 0x0000000089d00000, 0x0000000089d00000|100%| E|CS|TAMS 0x0000000089c00000, 0x0000000089c00000| Complete 
| 157|0x0000000089d00000, 0x0000000089e00000, 0x0000000089e00000|100%| E|CS|TAMS 0x0000000089d00000, 0x0000000089d00000| Complete 
| 158|0x0000000089e00000, 0x0000000089f00000, 0x0000000089f00000|100%| E|CS|TAMS 0x0000000089e00000, 0x0000000089e00000| Complete 
| 159|0x0000000089f00000, 0x000000008a000000, 0x000000008a000000|100%| E|CS|TAMS 0x0000000089f00000, 0x0000000089f00000| Complete 
| 160|0x000000008a000000, 0x000000008a100000, 0x000000008a100000|100%| E|CS|TAMS 0x000000008a000000, 0x000000008a000000| Complete 
| 161|0x000000008a100000, 0x000000008a200000, 0x000000008a200000|100%| E|CS|TAMS 0x000000008a100000, 0x000000008a100000| Complete 
| 162|0x000000008a200000, 0x000000008a300000, 0x000000008a300000|100%| E|CS|TAMS 0x000000008a200000, 0x000000008a200000| Complete 
| 163|0x000000008a300000, 0x000000008a400000, 0x000000008a400000|100%| E|  |TAMS 0x000000008a300000, 0x000000008a300000| Complete 
| 164|0x000000008a400000, 0x000000008a500000, 0x000000008a500000|100%| E|CS|TAMS 0x000000008a400000, 0x000000008a400000| Complete 
| 165|0x000000008a500000, 0x000000008a600000, 0x000000008a600000|100%| E|CS|TAMS 0x000000008a500000, 0x000000008a500000| Complete 
| 166|0x000000008a600000, 0x000000008a700000, 0x000000008a700000|100%| E|CS|TAMS 0x000000008a600000, 0x000000008a600000| Complete 
| 167|0x000000008a700000, 0x000000008a800000, 0x000000008a800000|100%| E|CS|TAMS 0x000000008a700000, 0x000000008a700000| Complete 

Card table byte_map: [0x0000027ef5e40000,0x0000027ef6240000] _byte_map_base: 0x0000027ef5a40000

Marking Bits (Prev, Next): (CMBitMap*) 0x0000027ef1f9d870, (CMBitMap*) 0x0000027ef1f9d838
 Prev Bits: [0x0000027ef8640000, 0x0000027efa640000)
 Next Bits: [0x0000027ef6640000, 0x0000027ef8640000)

Polling page: 0x0000027ef1730000

Metaspace:

Usage:
  Non-class:     76.71 MB capacity,    75.28 MB ( 98%) used,     1.19 MB (  2%) free+waste,   247.75 KB ( <1%) overhead. 
      Class:     11.88 MB capacity,    11.13 MB ( 94%) used,   656.28 KB (  5%) free+waste,   111.69 KB ( <1%) overhead. 
       Both:     88.59 MB capacity,    86.41 MB ( 98%) used,     1.83 MB (  2%) free+waste,   359.44 KB ( <1%) overhead. 

Virtual space:
  Non-class space:       78.00 MB reserved,      76.87 MB ( 99%) committed 
      Class space:        1.00 GB reserved,      12.00 MB (  1%) committed 
             Both:        1.08 GB reserved,      88.87 MB (  8%) committed 

Chunk freelists:
   Non-Class:  35.00 KB
       Class:  0 bytes
        Both:  35.00 KB

MaxMetaspaceSize: 17179869184.00 GB
CompressedClassSpaceSize: 1.00 GB

CodeHeap 'non-profiled nmethods': size=120064Kb used=5221Kb max_used=5221Kb free=114842Kb
 bounds [0x0000027e87ac0000, 0x0000027e87fe0000, 0x0000027e8f000000]
CodeHeap 'profiled nmethods': size=120000Kb used=21009Kb max_used=21009Kb free=98990Kb
 bounds [0x0000027e80590000, 0x0000027e81a20000, 0x0000027e87ac0000]
CodeHeap 'non-nmethods': size=5696Kb used=2292Kb max_used=2332Kb free=3403Kb
 bounds [0x0000027e80000000, 0x0000027e80270000, 0x0000027e80590000]
 total_blobs=10801 nmethods=9906 adapters=806
 compilation: enabled
              stopped_count=0, restarted_count=0
 full_count=0

Compilation events (20 events):
Event: 37.446 Thread 0x0000027efcb50800 nmethod 9930 0x0000027e87fd1d10 code [0x0000027e87fd1ee0, 0x0000027e87fd2b58]
Event: 37.446 Thread 0x0000027efcb50800 9932       4       jdk.internal.org.objectweb.asm.ClassWriter::newNameTypeItem (71 bytes)
Event: 37.508 Thread 0x0000027efcb50800 nmethod 9932 0x0000027e87fd3810 code [0x0000027e87fd3a20, 0x0000027e87fd4450]
Event: 37.508 Thread 0x0000027efcb50800 9940       4       jdk.internal.misc.InnocuousThread::eraseThreadLocals (23 bytes)
Event: 37.510 Thread 0x0000027efcb50800 nmethod 9940 0x0000027e87fd4a90 code [0x0000027e87fd4c20, 0x0000027e87fd4d18]
Event: 37.549 Thread 0x0000027efcb51800 9944       3       java.lang.Thread::getContextClassLoader (32 bytes)
Event: 37.550 Thread 0x0000027efcb51800 nmethod 9944 0x0000027e819df610 code [0x0000027e819df840, 0x0000027e819e00b8]
Event: 37.574 Thread 0x0000027efcb50800 9945       4       org.gradle.internal.snapshot.SearchUtil::binarySearch (160 bytes)
Event: 37.605 Thread 0x0000027efcb50800 nmethod 9945 0x0000027e87fd4d90 code [0x0000027e87fd4fe0, 0x0000027e87fd5c68]
Event: 37.606 Thread 0x0000027efcb50800 9946       4       java.io.DataOutputStream::writeLong (118 bytes)
Event: 37.607 Thread 0x0000027efcb50800 nmethod 9946 0x0000027e87fd6b10 code [0x0000027e87fd6ca0, 0x0000027e87fd6df8]
Event: 37.607 Thread 0x0000027efcb50800 9947       4       org.gradle.internal.snapshot.ChildMapFactory::childMapFromSorted (84 bytes)
Event: 37.613 Thread 0x0000027efcb50800 nmethod 9947 0x0000027e87fd6f10 code [0x0000027e87fd70e0, 0x0000027e87fd7478]
Event: 37.852 Thread 0x0000027efcb51800 9948   !   3       java.util.concurrent.ConcurrentHashMap::putVal (432 bytes)
Event: 37.856 Thread 0x0000027efcb51800 nmethod 9948 0x0000027e819e0390 code [0x0000027e819e0720, 0x0000027e819e2858]
Event: 38.002 Thread 0x0000027efcb50800 9949       4       org.gradle.internal.util.Trie::find (135 bytes)
Event: 38.012 Thread 0x0000027efcb50800 nmethod 9949 0x0000027e87fd7710 code [0x0000027e87fd78e0, 0x0000027e87fd7ba8]
Event: 38.180 Thread 0x0000027efcb50800 9950       4       java.util.concurrent.ConcurrentHashMap::addCount (289 bytes)
Event: 38.203 Thread 0x0000027efcb50800 nmethod 9950 0x0000027e87fd7f10 code [0x0000027e87fd80e0, 0x0000027e87fd8608]
Event: 38.233 Thread 0x0000027efcb50800 9951       4       java.net.URLClassLoader$1::run (5 bytes)

GC Heap History (20 events):
Event: 18.003 GC heap before
{Heap before GC invocations=13 (full 0):
 garbage-first heap   total 118784K, used 93340K [0x0000000080000000, 0x0000000100000000)
  region size 1024K, 67 young (68608K), 7 survivors (7168K)
 Metaspace       used 47410K, capacity 48670K, committed 48892K, reserved 1091584K
  class space    used 6062K, capacity 6503K, committed 6528K, reserved 1048576K
}
Event: 18.024 GC heap after
{Heap after GC invocations=14 (full 0):
 garbage-first heap   total 118784K, used 39757K [0x0000000080000000, 0x0000000100000000)
  region size 1024K, 9 young (9216K), 9 survivors (9216K)
 Metaspace       used 47410K, capacity 48670K, committed 48892K, reserved 1091584K
  class space    used 6062K, capacity 6503K, committed 6528K, reserved 1048576K
}
Event: 20.681 GC heap before
{Heap before GC invocations=14 (full 0):
 garbage-first heap   total 118784K, used 90957K [0x0000000080000000, 0x0000000100000000)
  region size 1024K, 59 young (60416K), 9 survivors (9216K)
 Metaspace       used 54408K, capacity 55713K, committed 55932K, reserved 1097728K
  class space    used 6911K, capacity 7411K, committed 7424K, reserved 1048576K
}
Event: 20.700 GC heap after
{Heap after GC invocations=15 (full 0):
 garbage-first heap   total 143360K, used 42863K [0x0000000080000000, 0x0000000100000000)
  region size 1024K, 3 young (3072K), 3 survivors (3072K)
 Metaspace       used 54408K, capacity 55713K, committed 55932K, reserved 1097728K
  class space    used 6911K, capacity 7411K, committed 7424K, reserved 1048576K
}
Event: 23.901 GC heap before
{Heap before GC invocations=15 (full 0):
 garbage-first heap   total 143360K, used 102255K [0x0000000080000000, 0x0000000100000000)
  region size 1024K, 62 young (63488K), 3 survivors (3072K)
 Metaspace       used 62308K, capacity 63872K, committed 64124K, reserved 1105920K
  class space    used 7843K, capacity 8372K, committed 8448K, reserved 1048576K
}
Event: 23.916 GC heap after
{Heap after GC invocations=16 (full 0):
 garbage-first heap   total 143360K, used 46901K [0x0000000080000000, 0x0000000100000000)
  region size 1024K, 7 young (7168K), 7 survivors (7168K)
 Metaspace       used 62308K, capacity 63872K, committed 64124K, reserved 1105920K
  class space    used 7843K, capacity 8372K, committed 8448K, reserved 1048576K
}
Event: 25.931 GC heap before
{Heap before GC invocations=16 (full 0):
 garbage-first heap   total 143360K, used 99125K [0x0000000080000000, 0x0000000100000000)
  region size 1024K, 58 young (59392K), 7 survivors (7168K)
 Metaspace       used 65508K, capacity 67046K, committed 67196K, reserved 1107968K
  class space    used 8275K, capacity 8847K, committed 8960K, reserved 1048576K
}
Event: 25.969 GC heap after
{Heap after GC invocations=17 (full 0):
 garbage-first heap   total 143360K, used 51426K [0x0000000080000000, 0x0000000100000000)
  region size 1024K, 9 young (9216K), 9 survivors (9216K)
 Metaspace       used 65508K, capacity 67046K, committed 67196K, reserved 1107968K
  class space    used 8275K, capacity 8847K, committed 8960K, reserved 1048576K
}
Event: 28.643 GC heap before
{Heap before GC invocations=18 (full 0):
 garbage-first heap   total 143360K, used 108770K [0x0000000080000000, 0x0000000100000000)
  region size 1024K, 65 young (66560K), 9 survivors (9216K)
 Metaspace       used 71840K, capacity 73516K, committed 73852K, reserved 1114112K
  class space    used 9282K, capacity 9862K, committed 9984K, reserved 1048576K
}
Event: 28.681 GC heap after
{Heap after GC invocations=19 (full 0):
 garbage-first heap   total 143360K, used 54912K [0x0000000080000000, 0x0000000100000000)
  region size 1024K, 8 young (8192K), 8 survivors (8192K)
 Metaspace       used 71840K, capacity 73516K, committed 73852K, reserved 1114112K
  class space    used 9282K, capacity 9862K, committed 9984K, reserved 1048576K
}
Event: 30.657 GC heap before
{Heap before GC invocations=20 (full 0):
 garbage-first heap   total 143360K, used 112256K [0x0000000080000000, 0x0000000100000000)
  region size 1024K, 64 young (65536K), 8 survivors (8192K)
 Metaspace       used 77635K, capacity 79451K, committed 79740K, reserved 1118208K
  class space    used 10047K, capacity 10707K, committed 10752K, reserved 1048576K
}
Event: 30.682 GC heap after
{Heap after GC invocations=21 (full 0):
 garbage-first heap   total 143360K, used 59091K [0x0000000080000000, 0x0000000100000000)
  region size 1024K, 8 young (8192K), 8 survivors (8192K)
 Metaspace       used 77635K, capacity 79451K, committed 79740K, reserved 1118208K
  class space    used 10047K, capacity 10707K, committed 10752K, reserved 1048576K
}
Event: 33.232 GC heap before
{Heap before GC invocations=21 (full 0):
 garbage-first heap   total 143360K, used 113363K [0x0000000080000000, 0x0000000100000000)
  region size 1024K, 62 young (63488K), 8 survivors (8192K)
 Metaspace       used 81240K, capacity 83257K, committed 83324K, reserved 1122304K
  class space    used 10500K, capacity 11226K, committed 11264K, reserved 1048576K
}
Event: 33.259 GC heap after
{Heap after GC invocations=22 (full 0):
 garbage-first heap   total 143360K, used 63681K [0x0000000080000000, 0x0000000100000000)
  region size 1024K, 8 young (8192K), 8 survivors (8192K)
 Metaspace       used 81240K, capacity 83257K, committed 83324K, reserved 1122304K
  class space    used 10500K, capacity 11226K, committed 11264K, reserved 1048576K
}
Event: 34.523 GC heap before
{Heap before GC invocations=22 (full 0):
 garbage-first heap   total 143360K, used 113857K [0x0000000080000000, 0x0000000100000000)
  region size 1024K, 58 young (59392K), 8 survivors (8192K)
 Metaspace       used 81878K, capacity 83963K, committed 84220K, reserved 1122304K
  class space    used 10541K, capacity 11314K, committed 11392K, reserved 1048576K
}
Event: 34.549 GC heap after
{Heap after GC invocations=23 (full 0):
 garbage-first heap   total 172032K, used 68179K [0x0000000080000000, 0x0000000100000000)
  region size 1024K, 4 young (4096K), 4 survivors (4096K)
 Metaspace       used 81878K, capacity 83963K, committed 84220K, reserved 1122304K
  class space    used 10541K, capacity 11314K, committed 11392K, reserved 1048576K
}
Event: 36.096 GC heap before
{Heap before GC invocations=23 (full 0):
 garbage-first heap   total 172032K, used 127571K [0x0000000080000000, 0x0000000100000000)
  region size 1024K, 63 young (64512K), 4 survivors (4096K)
 Metaspace       used 84470K, capacity 86688K, committed 86908K, reserved 1124352K
  class space    used 10880K, capacity 11657K, committed 11776K, reserved 1048576K
}
Event: 36.114 GC heap after
{Heap after GC invocations=24 (full 0):
 garbage-first heap   total 172032K, used 70227K [0x0000000080000000, 0x0000000100000000)
  region size 1024K, 6 young (6144K), 6 survivors (6144K)
 Metaspace       used 84470K, capacity 86688K, committed 86908K, reserved 1124352K
  class space    used 10880K, capacity 11657K, committed 11776K, reserved 1048576K
}
Event: 37.448 GC heap before
{Heap before GC invocations=24 (full 0):
 garbage-first heap   total 172032K, used 130643K [0x0000000080000000, 0x0000000100000000)
  region size 1024K, 66 young (67584K), 6 survivors (6144K)
 Metaspace       used 87347K, capacity 89547K, committed 89724K, reserved 1126400K
  class space    used 11236K, capacity 12013K, committed 12032K, reserved 1048576K
}
Event: 37.475 GC heap after
{Heap after GC invocations=25 (full 0):
 garbage-first heap   total 172032K, used 77194K [0x0000000080000000, 0x0000000100000000)
  region size 1024K, 9 young (9216K), 9 survivors (9216K)
 Metaspace       used 87347K, capacity 89547K, committed 89724K, reserved 1126400K
  class space    used 11236K, capacity 12013K, committed 12032K, reserved 1048576K
}

Deoptimization events (20 events):
Event: 37.374 Thread 0x0000027efe56f800 DEOPT PACKING pc=0x0000027e87e0239c sp=0x000000db15afabe0
Event: 37.374 Thread 0x0000027efe56f800 DEOPT UNPACKING pc=0x0000027e800278af sp=0x000000db15afabc8 mode 2
Event: 37.494 Thread 0x0000027efe56f800 Uncommon trap: trap_request=0xffffffde fr.pc=0x0000027e87c4d254 relative=0x0000000000000514
Event: 37.494 Thread 0x0000027efe56f800 Uncommon trap: reason=class_check action=maybe_recompile pc=0x0000027e87c4d254 method=java.lang.Throwable.<init>(Ljava/lang/String;Ljava/lang/Throwable;)V @ 24 c2
Event: 37.494 Thread 0x0000027efe56f800 DEOPT PACKING pc=0x0000027e87c4d254 sp=0x000000db15afdb30
Event: 37.494 Thread 0x0000027efe56f800 DEOPT UNPACKING pc=0x0000027e800278af sp=0x000000db15afdaa0 mode 2
Event: 37.689 Thread 0x0000027efe572000 Uncommon trap: trap_request=0xffffff4d fr.pc=0x0000027e87fa9f8c relative=0x000000000000162c
Event: 37.689 Thread 0x0000027efe572000 Uncommon trap: reason=unstable_if action=reinterpret pc=0x0000027e87fa9f8c method=java.util.concurrent.ConcurrentHashMap.putVal(Ljava/lang/Object;Ljava/lang/Object;Z)Ljava/lang/Object; @ 162 c2
Event: 37.689 Thread 0x0000027efe572000 DEOPT PACKING pc=0x0000027e87fa9f8c sp=0x000000db15bf28b0
Event: 37.689 Thread 0x0000027efe572000 DEOPT UNPACKING pc=0x0000027e800278af sp=0x000000db15bf2848 mode 2
Event: 37.689 Thread 0x0000027efe572000 Uncommon trap: trap_request=0xffffff4d fr.pc=0x0000027e87f37348 relative=0x0000000000000168
Event: 37.689 Thread 0x0000027efe572000 Uncommon trap: reason=unstable_if action=reinterpret pc=0x0000027e87f37348 method=com.google.common.collect.MapMakerInternalMap$Segment.getEntry(Ljava/lang/Object;I)Lcom/google/common/collect/MapMakerInternalMap$InternalEntry; @ 63 c2
Event: 37.689 Thread 0x0000027efe572000 DEOPT PACKING pc=0x0000027e87f37348 sp=0x000000db15bf2770
Event: 37.689 Thread 0x0000027efe572000 DEOPT UNPACKING pc=0x0000027e800278af sp=0x000000db15bf2728 mode 2
Event: 37.689 Thread 0x0000027efe572000 Uncommon trap: trap_request=0xffffff4d fr.pc=0x0000027e87f4a264 relative=0x0000000000001c24
Event: 37.689 Thread 0x0000027efe572000 Uncommon trap: reason=unstable_if action=reinterpret pc=0x0000027e87f4a264 method=com.google.common.collect.MapMakerInternalMap$Segment.put(Ljava/lang/Object;ILjava/lang/Object;Z)Ljava/lang/Object; @ 92 c2
Event: 37.689 Thread 0x0000027efe572000 DEOPT PACKING pc=0x0000027e87f4a264 sp=0x000000db15bf27b0
Event: 37.689 Thread 0x0000027efe572000 DEOPT UNPACKING pc=0x0000027e800278af sp=0x000000db15bf2758 mode 2
Event: 37.901 Thread 0x0000027efe572000 DEOPT PACKING pc=0x0000027e817f4a55 sp=0x000000db15bf8440
Event: 37.901 Thread 0x0000027efe572000 DEOPT UNPACKING pc=0x0000027e800276ce sp=0x000000db15bf7960 mode 0

Classes redefined (0 events):
No events

Internal exceptions (20 events):
Event: 34.814 Thread 0x0000027efe579000 Exception <a 'sun/nio/fs/WindowsException'{0x000000008a2bfb70}> (0x000000008a2bfb70) thrown at [./src/hotspot/share/prims/jni.cpp, line 615]
Event: 34.816 Thread 0x0000027efe579000 Exception <a 'sun/nio/fs/WindowsException'{0x000000008a2c0ba8}> (0x000000008a2c0ba8) thrown at [./src/hotspot/share/prims/jni.cpp, line 615]
Event: 34.816 Thread 0x0000027efe579000 Exception <a 'sun/nio/fs/WindowsException'{0x000000008a2c1a68}> (0x000000008a2c1a68) thrown at [./src/hotspot/share/prims/jni.cpp, line 615]
Event: 34.883 Thread 0x0000027efe579000 Exception <a 'java/lang/NoSuchMethodError'{0x000000008a094a60}: <clinit>> (0x000000008a094a60) thrown at [./src/hotspot/share/prims/jni.cpp, line 1362]
Event: 34.888 Thread 0x0000027efe579000 Exception <a 'java/lang/NoSuchMethodError'{0x000000008a0cb3e8}: <clinit>> (0x000000008a0cb3e8) thrown at [./src/hotspot/share/prims/jni.cpp, line 1362]
Event: 34.897 Thread 0x0000027efe579000 Exception <a 'java/lang/NoSuchMethodError'{0x000000008a0f8fa0}: <clinit>> (0x000000008a0f8fa0) thrown at [./src/hotspot/share/prims/jni.cpp, line 1362]
Event: 34.899 Thread 0x0000027efe579000 Exception <a 'java/lang/NoSuchMethodError'{0x0000000089f0c070}: <clinit>> (0x0000000089f0c070) thrown at [./src/hotspot/share/prims/jni.cpp, line 1362]
Event: 35.429 Thread 0x0000027e9189b800 Exception <a 'java/lang/NoSuchMethodError'{0x0000000088822278}: 'int java.lang.invoke.DirectMethodHandle$Holder.invokeSpecial(java.lang.Object, java.lang.Object, java.lang.Object, java.lang.Object, java.lang.Object)'> (0x0000000088822278) thrown at [./src/hotspot/share/interpreter/linkResolver.cpp, line 773]
Event: 37.372 Thread 0x0000027efe56f800 Exception <a 'java/lang/OutOfMemoryError'{0x0000000086637b20}> (0x0000000086637b20) thrown at [./src/hotspot/share/prims/jni.cpp, line 636]
Event: 37.374 Thread 0x0000027efe56f800 Implicit null exception at 0x0000027e87e00c1b to 0x0000027e87e013d4
Event: 37.374 Thread 0x0000027efe56f800 Implicit null exception at 0x0000027e87e01c20 to 0x0000027e87e0238c
Event: 37.380 Thread 0x0000027efe574000 Exception <a 'sun/nio/fs/WindowsException'{0x0000000086fa6c50}> (0x0000000086fa6c50) thrown at [./src/hotspot/share/prims/jni.cpp, line 615]
Event: 37.380 Thread 0x0000027efe572000 Exception <a 'sun/nio/fs/WindowsException'{0x0000000086664228}> (0x0000000086664228) thrown at [./src/hotspot/share/prims/jni.cpp, line 615]
Event: 37.410 Thread 0x0000027efe56f800 Exception <a 'java/lang/NoSuchMethodError'{0x00000000866b9a50}: 'void java.lang.invoke.DirectMethodHandle$Holder.invokeStatic(java.lang.Object, java.lang.Object, java.lang.Object, java.lang.Object, java.lang.Object, java.lang.Object, java.lang.Object)'> (0x00000000866b9a50) thrown at [./src/hotspot/share/interpreter/linkResolver.cpp, line 773]
Event: 37.444 Thread 0x0000027e9189c800 Exception <a 'java/lang/NoSuchMethodError'{0x0000000087f6cec8}: 'void java.lang.invoke.DirectMethodHandle$Holder.invokeStatic(java.lang.Object, long)'> (0x0000000087f6cec8) thrown at [./src/hotspot/share/interpreter/linkResolver.cpp, line 773]
Event: 37.445 Thread 0x0000027e9189c800 Exception <a 'java/lang/NoSuchMethodError'{0x0000000087f720e0}: 'java.lang.Object java.lang.invoke.DirectMethodHandle$Holder.invokeStatic(java.lang.Object, long)'> (0x0000000087f720e0) thrown at [./src/hotspot/share/interpreter/linkResolver.cpp, line 773]
Event: 37.448 Thread 0x0000027e9189c800 Exception <a 'java/lang/NoSuchMethodError'{0x0000000087f80448}: 'java.lang.Object java.lang.invoke.DirectMethodHandle$Holder.invokeStaticInit(java.lang.Object, java.lang.Object, long, java.lang.Object)'> (0x0000000087f80448) thrown at [./src/hotspot/share/interpreter/linkResolver.cpp, line 773]
Event: 37.477 Thread 0x0000027e9189c800 Exception <a 'java/lang/NoSuchMethodError'{0x000000008a7858c0}: 'java.lang.Object java.lang.invoke.DirectMethodHandle$Holder.invokeStatic(java.lang.Object, java.lang.Object, long)'> (0x000000008a7858c0) thrown at [./src/hotspot/share/interpreter/linkResolver.cpp, line 773]
Event: 37.478 Thread 0x0000027e9189c800 Exception <a 'java/lang/NoSuchMethodError'{0x000000008a78be38}: 'java.lang.Object java.lang.invoke.Invokers$Holder.linkToTargetMethod(java.lang.Object, long, java.lang.Object)'> (0x000000008a78be38) thrown at [./src/hotspot/share/interpreter/linkResolver.cpp, line 773]
Event: 37.764 Thread 0x0000027efe56f800 Exception <a 'sun/nio/fs/WindowsException'{0x000000008a2c4690}> (0x000000008a2c4690) thrown at [./src/hotspot/share/prims/jni.cpp, line 615]

Events (20 events):
Event: 38.254 loading class com/android/tools/r8/internal/zh
Event: 38.254 loading class com/android/tools/r8/internal/zh done
Event: 38.255 loading class com/android/tools/r8/internal/Yz
Event: 38.255 loading class com/android/tools/r8/internal/Yz done
Event: 38.288 loading class com/android/tools/r8/internal/vh
Event: 38.288 loading class com/android/tools/r8/internal/vh done
Event: 38.337 loading class com/android/tools/r8/internal/Ju
Event: 38.337 loading class com/android/tools/r8/internal/Ju done
Event: 38.338 loading class com/android/tools/r8/internal/zu
Event: 38.338 loading class com/android/tools/r8/internal/zu done
Event: 38.338 loading class com/android/tools/r8/internal/qi
Event: 38.338 loading class com/android/tools/r8/internal/qi done
Event: 38.339 loading class com/android/tools/r8/internal/Sh
Event: 38.339 loading class com/android/tools/r8/internal/Sh done
Event: 38.339 loading class com/android/tools/r8/internal/ue
Event: 38.339 loading class com/android/tools/r8/internal/ue done
Event: 38.340 loading class java/lang/StrictMath
Event: 38.340 loading class java/lang/StrictMath done
Event: 38.340 loading class com/android/tools/r8/graph/G$f
Event: 38.340 loading class com/android/tools/r8/graph/G$f done


Dynamic libraries:
0x00007ff7dc330000 - 0x00007ff7dc33a000 	C:\Program Files\Android\Android Studio\jre\bin\java.exe
0x00007ffe31f00000 - 0x00007ffe320f0000 	C:\Windows\SYSTEM32\ntdll.dll
0x00007ffe30650000 - 0x00007ffe30702000 	C:\Windows\System32\KERNEL32.DLL
0x00007ffe2eee0000 - 0x00007ffe2f183000 	C:\Windows\System32\KERNELBASE.dll
0x00007ffe2f1c0000 - 0x00007ffe2f2ba000 	C:\Windows\System32\ucrtbase.dll
0x00007ffe237b0000 - 0x00007ffe237c9000 	C:\Program Files\Android\Android Studio\jre\bin\jli.dll
0x00007ffe315d0000 - 0x00007ffe31764000 	C:\Windows\System32\USER32.dll
0x00007ffe2f190000 - 0x00007ffe2f1b1000 	C:\Windows\System32\win32u.dll
0x00007ffe30100000 - 0x00007ffe30126000 	C:\Windows\System32\GDI32.dll
0x00007ffe2fa40000 - 0x00007ffe2fbd4000 	C:\Windows\System32\gdi32full.dll
0x00007ffe2fc60000 - 0x00007ffe2fcfe000 	C:\Windows\System32\msvcp_win.dll
0x00007ffe229a0000 - 0x00007ffe229b7000 	C:\Program Files\Android\Android Studio\jre\bin\VCRUNTIME140.dll
0x00007ffe20f70000 - 0x00007ffe211f5000 	C:\Windows\WinSxS\amd64_microsoft.windows.common-controls_6595b64144ccf1df_6.0.18362.592_none_e6c0b1911312be02\COMCTL32.dll
0x00007ffe31900000 - 0x00007ffe3199e000 	C:\Windows\System32\msvcrt.dll
0x00007ffe30870000 - 0x00007ffe30ba6000 	C:\Windows\System32\combase.dll
0x00007ffe2ffe0000 - 0x00007ffe30100000 	C:\Windows\System32\RPCRT4.dll
0x00007ffe2fbe0000 - 0x00007ffe2fc60000 	C:\Windows\System32\bcryptPrimitives.dll
0x00007ffe2ffb0000 - 0x00007ffe2ffde000 	C:\Windows\System32\IMM32.DLL
0x00007ffe197e0000 - 0x00007ffe1987d000 	C:\Program Files\Android\Android Studio\jre\bin\msvcp140.dll
0x00007ffdf6b00000 - 0x00007ffdf75cf000 	C:\Program Files\Android\Android Studio\jre\bin\server\jvm.dll
0x00007ffe31780000 - 0x00007ffe31823000 	C:\Windows\System32\ADVAPI32.dll
0x00007ffe305b0000 - 0x00007ffe30647000 	C:\Windows\System32\sechost.dll
0x00007ffe31770000 - 0x00007ffe31778000 	C:\Windows\System32\PSAPI.DLL
0x00007ffe22110000 - 0x00007ffe22119000 	C:\Windows\SYSTEM32\WSOCK32.dll
0x00007ffe31e50000 - 0x00007ffe31ebf000 	C:\Windows\System32\WS2_32.dll
0x00007ffe2cad0000 - 0x00007ffe2caf4000 	C:\Windows\SYSTEM32\WINMM.dll
0x00007ffe24410000 - 0x00007ffe2441a000 	C:\Windows\SYSTEM32\VERSION.dll
0x00007ffe2caa0000 - 0x00007ffe2cacd000 	C:\Windows\SYSTEM32\WINMMBASE.dll
0x00007ffe2ee90000 - 0x00007ffe2eeda000 	C:\Windows\System32\cfgmgr32.dll
0x00007ffe2ede0000 - 0x00007ffe2edf1000 	C:\Windows\System32\kernel.appcore.dll
0x00007ffe220f0000 - 0x00007ffe22101000 	C:\Program Files\Android\Android Studio\jre\bin\verify.dll
0x00007ffe2d5b0000 - 0x00007ffe2d7a4000 	C:\Windows\SYSTEM32\DBGHELP.DLL
0x00007ffe1f9e0000 - 0x00007ffe1fa0a000 	C:\Windows\SYSTEM32\dbgcore.DLL
0x00007ffe194f0000 - 0x00007ffe19519000 	C:\Program Files\Android\Android Studio\jre\bin\java.dll
0x00007ffe220e0000 - 0x00007ffe220eb000 	C:\Program Files\Android\Android Studio\jre\bin\jimage.dll
0x00007ffe0cee0000 - 0x00007ffe0cef8000 	C:\Program Files\Android\Android Studio\jre\bin\zip.dll
0x00007ffe30bb0000 - 0x00007ffe31295000 	C:\Windows\System32\SHELL32.dll
0x00007ffe30710000 - 0x00007ffe307b9000 	C:\Windows\System32\shcore.dll
0x00007ffe2f2c0000 - 0x00007ffe2fa3f000 	C:\Windows\System32\windows.storage.dll
0x00007ffe2ee50000 - 0x00007ffe2ee6f000 	C:\Windows\System32\profapi.dll
0x00007ffe2ee00000 - 0x00007ffe2ee4a000 	C:\Windows\System32\powrprof.dll
0x00007ffe2edd0000 - 0x00007ffe2ede0000 	C:\Windows\System32\UMPDC.dll
0x00007ffe31330000 - 0x00007ffe31382000 	C:\Windows\System32\shlwapi.dll
0x00007ffe2fd00000 - 0x00007ffe2fd17000 	C:\Windows\System32\cryptsp.dll
0x00007ffe0b0b0000 - 0x00007ffe0b0ca000 	C:\Program Files\Android\Android Studio\jre\bin\net.dll
0x00007ffe25a90000 - 0x00007ffe25b80000 	C:\Windows\SYSTEM32\WINHTTP.dll
0x00007ffe2e640000 - 0x00007ffe2e6a7000 	C:\Windows\system32\mswsock.dll
0x00007ffe0b090000 - 0x00007ffe0b0a4000 	C:\Program Files\Android\Android Studio\jre\bin\nio.dll
0x00007ffe14720000 - 0x00007ffe14747000 	C:\Program Files\Android\gradle-7.2\native\8bec1ad78214c89d9ad589b4d07fe93259594b29d510b10fafb7a158f7737e5d\windows-amd64\native-platform.dll
0x00007ffe0c180000 - 0x00007ffe0c2bd000 	C:\Program Files\Android\gradle-7.2\native\53dbd7edfb1c66fb8903c78663c9afc45aea4f116125fa6feffd364cf09443e8\windows-amd64\native-platform-file-events.dll
0x00007ffe1b240000 - 0x00007ffe1b24a000 	C:\Program Files\Android\Android Studio\jre\bin\management.dll
0x00007ffe19a60000 - 0x00007ffe19a6c000 	C:\Program Files\Android\Android Studio\jre\bin\management_ext.dll
0x00007ffe2e1b0000 - 0x00007ffe2e1e3000 	C:\Windows\system32\rsaenh.dll
0x00007ffe2fd80000 - 0x00007ffe2fda6000 	C:\Windows\System32\bcrypt.dll
0x00007ffe2ecf0000 - 0x00007ffe2ed15000 	C:\Windows\SYSTEM32\USERENV.dll
0x00007ffe2e810000 - 0x00007ffe2e81c000 	C:\Windows\SYSTEM32\CRYPTBASE.dll
0x00007ffe2e350000 - 0x00007ffe2e38a000 	C:\Windows\SYSTEM32\IPHLPAPI.DLL
0x00007ffe30130000 - 0x00007ffe30138000 	C:\Windows\System32\NSI.dll
0x00007ffe271a0000 - 0x00007ffe271b6000 	C:\Windows\SYSTEM32\dhcpcsvc6.DLL
0x00007ffe27380000 - 0x00007ffe2739c000 	C:\Windows\SYSTEM32\dhcpcsvc.DLL
0x00007ffe2e390000 - 0x00007ffe2e45a000 	C:\Windows\SYSTEM32\DNSAPI.dll

dbghelp: loaded successfully - version: 4.0.5 - missing functions: none
symbol engine: initialized successfully - sym options: 0x614 - pdb path: .;C:\Program Files\Android\Android Studio\jre\bin;C:\Windows\SYSTEM32;C:\Windows\WinSxS\amd64_microsoft.windows.common-controls_6595b64144ccf1df_6.0.18362.592_none_e6c0b1911312be02;C:\Program Files\Android\Android Studio\jre\bin\server;C:\Program Files\Android\gradle-7.2\native\8bec1ad78214c89d9ad589b4d07fe93259594b29d510b10fafb7a158f7737e5d\windows-amd64;C:\Program Files\Android\gradle-7.2\native\53dbd7edfb1c66fb8903c78663c9afc45aea4f116125fa6feffd364cf09443e8\windows-amd64

VM Arguments:
jvm_args: --add-opens=java.base/java.util=ALL-UNNAMED --add-opens=java.base/java.lang=ALL-UNNAMED --add-opens=java.base/java.lang.invoke=ALL-UNNAMED --add-opens=java.base/java.util=ALL-UNNAMED --add-opens=java.prefs/java.util.prefs=ALL-UNNAMED --add-opens=java.prefs/java.util.prefs=ALL-UNNAMED --add-opens=java.base/java.nio.charset=ALL-UNNAMED --add-opens=java.base/java.net=ALL-UNNAMED --add-opens=java.base/java.util.concurrent.atomic=ALL-UNNAMED -Xmx2048m -Dfile.encoding=UTF-8 -Duser.country=US -Duser.language=en -Duser.variant 
java_command: org.gradle.launcher.daemon.bootstrap.GradleDaemon 7.0.2
java_class_path (initial): C:\Program Files\Android\gradle-7.2\wrapper\dists\gradle-7.0.2-bin\857tjihv64xamwrf0h14cai3r\gradle-7.0.2\lib\gradle-launcher-7.0.2.jar
Launcher Type: SUN_STANDARD

[Global flags]
     intx CICompilerCount                          = 3                                         {product} {ergonomic}
     uint ConcGCThreads                            = 1                                         {product} {ergonomic}
     uint G1ConcRefinementThreads                  = 4                                         {product} {ergonomic}
   size_t G1HeapRegionSize                         = 1048576                                   {product} {ergonomic}
    uintx GCDrainStackTargetSize                   = 64                                        {product} {ergonomic}
   size_t InitialHeapSize                          = 100663296                                 {product} {ergonomic}
   size_t MarkStackSize                            = 4194304                                   {product} {ergonomic}
   size_t MaxHeapSize                              = 2147483648                                {product} {command line}
   size_t MaxNewSize                               = 1287651328                                {product} {ergonomic}
   size_t MinHeapDeltaBytes                        = 1048576                                   {product} {ergonomic}
    uintx NonNMethodCodeHeapSize                   = 5830732                                {pd product} {ergonomic}
    uintx NonProfiledCodeHeapSize                  = 122913754                              {pd product} {ergonomic}
    uintx ProfiledCodeHeapSize                     = 122913754                              {pd product} {ergonomic}
    uintx ReservedCodeCacheSize                    = 251658240                              {pd product} {ergonomic}
     bool SegmentedCodeCache                       = true                                      {product} {ergonomic}
     bool UseCompressedClassPointers               = true                                 {lp64_product} {ergonomic}
     bool UseCompressedOops                        = true                                 {lp64_product} {ergonomic}
     bool UseG1GC                                  = true                                      {product} {ergonomic}
     bool UseLargePagesIndividualAllocation        = false                                  {pd product} {ergonomic}

Logging:
Log output configuration:
 #0: stdout all=warning uptime,level,tags
 #1: stderr all=off uptime,level,tags

Environment Variables:
PATH=C:\Program Files (x86)\NVIDIA Corporation\PhysX\Common;C:\Program Files (x86)\Common Files\Oracle\Java\javapath;C:\Windows\system32;C:\Windows;C:\Windows\System32\Wbem;C:\Windows\System32\WindowsPowerShell\v1.0\;C:\Windows\System32\OpenSSH\;C:\Users\User\AppData\Local\Microsoft\WindowsApps;C:\Users\User\AppData\Local\GitHubDesktop\bin;C:\adb;C:\Program Files\nodejs\;C:\Users\User\AppData\Local\Microsoft\WindowsApps;C:\Users\User\AppData\Local\GitHubDesktop\bin;C:\Users\User\AppData\Roaming\npm
USERNAME=User
OS=Windows_NT
PROCESSOR_IDENTIFIER=Intel64 Family 6 Model 69 Stepping 1, GenuineIntel



---------------  S Y S T E M  ---------------

OS: Windows 10 , 64 bit Build 18362 (10.0.18362.329)
OS uptime: 0 days 7:39 hours

CPU:total 4 (initial active 4) (2 cores per cpu, 2 threads per core) family 6 model 69 stepping 1 microcode 0x24, cmov, cx8, fxsr, mmx, sse, sse2, sse3, ssse3, sse4.1, sse4.2, popcnt, avx, avx2, aes, clmul, erms, lzcnt, ht, tsc, tscinvbit, bmi1, bmi2, fma

Memory: 4k page, system-wide physical 6027M (330M free)
TotalPageFile size 6027M (AvailPageFile size 10M)
current process WorkingSet (physical memory assigned to process): 411M, peak: 412M
current process commit charge ("private bytes"): 451M, peak: 459M

vm_info: OpenJDK 64-Bit Server VM (11.0.10+0-b96-7249189) for windows-amd64 JRE (11.0.10+0-b96-7249189), built on Mar 31 2021 21:44:00 by "builder" with MS VC++ 14.0 (VS2015)

END.
