#
# There is insufficient memory for the Java Runtime Environment to continue.
# Native memory allocation (malloc) failed to allocate 65552 bytes for Chunk::new
# Possible reasons:
#   The system is out of physical RAM or swap space
#   The process is running with CompressedOops enabled, and the Java Heap may be blocking the growth of the native heap
# Possible solutions:
#   Reduce memory load on the system
#   Increase physical memory or swap space
#   Check if swap backing store is full
#   Decrease Java heap size (-Xmx/-Xms)
#   Decrease number of Java threads
#   Decrease Java thread stack sizes (-Xss)
#   Set larger code cache with -XX:ReservedCodeCacheSize=
#   JVM is running with Unscaled Compressed Oops mode in which the Java heap is
#     placed in the first 4GB address space. The Java Heap base address is the
#     maximum limit for the native heap growth. Please use -XX:HeapBaseMinAddress
#     to set the Java Heap base and to place the Java Heap above 4GB virtual address.
# This output file may be truncated or incomplete.
#
#  Out of Memory Error (./src/hotspot/share/memory/arena.cpp:197), pid=9432, tid=4868
#
# JRE version: OpenJDK Runtime Environment (11.0.10) (build 11.0.10+0-b96-7249189)
# Java VM: OpenJDK 64-Bit Server VM (11.0.10+0-b96-7249189, mixed mode, tiered, compressed oops, g1 gc, windows-amd64)
# No core dump will be written. Minidumps are not enabled by default on client versions of Windows
#

---------------  S U M M A R Y ------------

Command Line: --add-opens=java.base/java.util=ALL-UNNAMED --add-opens=java.base/java.lang=ALL-UNNAMED --add-opens=java.base/java.lang.invoke=ALL-UNNAMED --add-opens=java.base/java.util=ALL-UNNAMED --add-opens=java.prefs/java.util.prefs=ALL-UNNAMED --add-opens=java.prefs/java.util.prefs=ALL-UNNAMED --add-opens=java.base/java.nio.charset=ALL-UNNAMED --add-opens=java.base/java.net=ALL-UNNAMED --add-opens=java.base/java.util.concurrent.atomic=ALL-UNNAMED -Xmx2048m -Dfile.encoding=UTF-8 -Duser.country=US -Duser.language=en -Duser.variant org.gradle.launcher.daemon.bootstrap.GradleDaemon 7.0.2

Host: Intel(R) Core(TM) i3-4030U CPU @ 1.90GHz, 4 cores, 5G,  Windows 10 , 64 bit Build 18362 (10.0.18362.329)
Time: Tue Oct 26 08:11:22 2021 SE Asia Standard Time elapsed time: 28.984221 seconds (0d 0h 0m 28s)

---------------  T H R E A D  ---------------

Current thread (0x000001f8cbcdb000):  JavaThread "C2 CompilerThread0" daemon [_thread_in_native, id=4868, stack(0x0000006a1e500000,0x0000006a1e600000)]


Current CompileTask:
C2:  28984 9607   !   4       com.google.common.collect.MapMakerInternalMap$Segment::put (298 bytes)

Stack: [0x0000006a1e500000,0x0000006a1e600000]
Native frames: (J=compiled Java code, j=interpreted, Vv=VM code, C=native code)
V  [jvm.dll+0x5ecfaa]
V  [jvm.dll+0x722bd5]
V  [jvm.dll+0x72412d]
V  [jvm.dll+0x7247e3]
V  [jvm.dll+0x242928]
V  [jvm.dll+0xbc4fc]
V  [jvm.dll+0xbca0c]
V  [jvm.dll+0xbc608]
V  [jvm.dll+0x5cc470]
V  [jvm.dll+0x505d41]
V  [jvm.dll+0x1fc985]
V  [jvm.dll+0x1fa77f]
V  [jvm.dll+0x18354c]
V  [jvm.dll+0x208ee7]
V  [jvm.dll+0x207731]
V  [jvm.dll+0x6eb1cf]
V  [jvm.dll+0x6e3d45]
V  [jvm.dll+0x5ebe96]
C  [ucrtbase.dll+0x20e72]
C  [KERNEL32.DLL+0x17bd4]
C  [ntdll.dll+0x6ced1]


---------------  P R O C E S S  ---------------

Threads class SMR info:
_java_thread_list=0x000001f8d0277f30, length=50, elements={
0x000001f8b01bd800, 0x000001f8cbcb7000, 0x000001f8cbcc4800, 0x000001f8cc652800,
0x000001f8cbcd4800, 0x000001f8cbcd8000, 0x000001f8cbcdb000, 0x000001f8cbcde000,
0x000001f8cc68f000, 0x000001f8cc781800, 0x000001f8cde7c800, 0x000001f8cdad0800,
0x000001f8cca0e800, 0x000001f8ccce4000, 0x000001f8ce566000, 0x000001f8cdba6000,
0x000001f8cdc80000, 0x000001f8ce175800, 0x000001f8ce176000, 0x000001f8ce6cb800,
0x000001f8ce6cb000, 0x000001f8ce6c9000, 0x000001f8ce6ca000, 0x000001f8d024b000,
0x000001f8d0248800, 0x000001f8d024d800, 0x000001f8d024e800, 0x000001f8d024a800,
0x000001f8d0249800, 0x000001f8d024c000, 0x000001f8d0251000, 0x000001f8d0252800,
0x000001f8d0250000, 0x000001f8d024c800, 0x000001f8d0253800, 0x000001f8d0256800,
0x000001f8d0254000, 0x000001f8d0255000, 0x000001f8d0255800, 0x000001f8d0257800,
0x000001f8cf5dc800, 0x000001f8cf5dd000, 0x000001f8cf5d8800, 0x000001f8cf5df000,
0x000001f8cf5da800, 0x000001f8cf5d9000, 0x000001f8cf5da000, 0x000001f8cf5df800,
0x000001f8cf5e0800, 0x000001f8cf5e1800
}

Java Threads: ( => current thread )
  0x000001f8b01bd800 JavaThread "main" [_thread_blocked, id=1284, stack(0x0000006a1d900000,0x0000006a1da00000)]
  0x000001f8cbcb7000 JavaThread "Reference Handler" daemon [_thread_blocked, id=1156, stack(0x0000006a1e000000,0x0000006a1e100000)]
  0x000001f8cbcc4800 JavaThread "Finalizer" daemon [_thread_blocked, id=1744, stack(0x0000006a1e100000,0x0000006a1e200000)]
  0x000001f8cc652800 JavaThread "Signal Dispatcher" daemon [_thread_blocked, id=9784, stack(0x0000006a1e200000,0x0000006a1e300000)]
  0x000001f8cbcd4800 JavaThread "Attach Listener" daemon [_thread_blocked, id=4668, stack(0x0000006a1e300000,0x0000006a1e400000)]
  0x000001f8cbcd8000 JavaThread "Service Thread" daemon [_thread_blocked, id=4116, stack(0x0000006a1e400000,0x0000006a1e500000)]
=>0x000001f8cbcdb000 JavaThread "C2 CompilerThread0" daemon [_thread_in_native, id=4868, stack(0x0000006a1e500000,0x0000006a1e600000)]
  0x000001f8cbcde000 JavaThread "C1 CompilerThread0" daemon [_thread_blocked, id=8020, stack(0x0000006a1e600000,0x0000006a1e700000)]
  0x000001f8cc68f000 JavaThread "Sweeper thread" daemon [_thread_blocked, id=5392, stack(0x0000006a1e700000,0x0000006a1e800000)]
  0x000001f8cc781800 JavaThread "Common-Cleaner" daemon [_thread_blocked, id=1964, stack(0x0000006a1e800000,0x0000006a1e900000)]
  0x000001f8cde7c800 JavaThread "Daemon health stats" [_thread_blocked, id=1176, stack(0x0000006a1ec00000,0x0000006a1ed00000)]
  0x000001f8cdad0800 JavaThread "Incoming local TCP Connector on port 65342" [_thread_in_native, id=5192, stack(0x0000006a1ed00000,0x0000006a1ee00000)]
  0x000001f8cca0e800 JavaThread "Daemon periodic checks" [_thread_blocked, id=1240, stack(0x0000006a1ee00000,0x0000006a1ef00000)]
  0x000001f8ccce4000 JavaThread "Daemon" [_thread_blocked, id=5948, stack(0x0000006a1ef00000,0x0000006a1f000000)]
  0x000001f8ce566000 JavaThread "Handler for socket connection from /127.0.0.1:65342 to /127.0.0.1:65343" [_thread_in_native, id=9720, stack(0x0000006a1f000000,0x0000006a1f100000)]
  0x000001f8cdba6000 JavaThread "Cancel handler" [_thread_blocked, id=5488, stack(0x0000006a1f100000,0x0000006a1f200000)]
  0x000001f8cdc80000 JavaThread "Daemon worker" [_thread_blocked, id=9824, stack(0x0000006a1f200000,0x0000006a1f300000)]
  0x000001f8ce175800 JavaThread "Asynchronous log dispatcher for DefaultDaemonConnection: socket connection from /127.0.0.1:65342 to /127.0.0.1:65343" [_thread_blocked, id=4200, stack(0x0000006a1f300000,0x0000006a1f400000)]
  0x000001f8ce176000 JavaThread "Stdin handler" [_thread_blocked, id=8404, stack(0x0000006a1f400000,0x0000006a1f500000)]
  0x000001f8ce6cb800 JavaThread "Daemon client event forwarder" [_thread_blocked, id=7692, stack(0x0000006a1f500000,0x0000006a1f600000)]
  0x000001f8ce6cb000 JavaThread "Cache worker for file hash cache (C:\Program Files\Android\gradle-7.2\caches\7.0.2\fileHashes)" [_thread_blocked, id=6248, stack(0x0000006a1ea00000,0x0000006a1eb00000)]
  0x000001f8ce6c9000 JavaThread "File lock request listener" [_thread_in_native, id=6768, stack(0x0000006a1f800000,0x0000006a1f900000)]
  0x000001f8ce6ca000 JavaThread "Cache worker for journal cache (C:\Program Files\Android\gradle-7.2\caches\journal-1)" [_thread_blocked, id=6148, stack(0x0000006a1f900000,0x0000006a1fa00000)]
  0x000001f8d024b000 JavaThread "Cache worker for file hash cache (C:\Users\User\AndroidStudioProjects\JubitorRemake\.gradle\7.0.2\fileHashes)" [_thread_blocked, id=6348, stack(0x0000006a1fb00000,0x0000006a1fc00000)]
  0x000001f8d0248800 JavaThread "File watcher server" daemon [_thread_in_native, id=8, stack(0x0000006a1fc00000,0x0000006a1fd00000)]
  0x000001f8d024d800 JavaThread "File watcher consumer" daemon [_thread_blocked, id=7996, stack(0x0000006a1fd00000,0x0000006a1fe00000)]
  0x000001f8d024e800 JavaThread "Cache worker for checksums cache (C:\Users\User\AndroidStudioProjects\JubitorRemake\.gradle\checksums)" [_thread_blocked, id=9632, stack(0x0000006a1fe00000,0x0000006a1ff00000)]
  0x000001f8d024a800 JavaThread "Cache worker for cache directory md-supplier (C:\Program Files\Android\gradle-7.2\caches\7.0.2\md-supplier)" [_thread_blocked, id=7480, stack(0x0000006a1ff00000,0x0000006a20000000)]
  0x000001f8d0249800 JavaThread "Cache worker for cache directory md-rule (C:\Program Files\Android\gradle-7.2\caches\7.0.2\md-rule)" [_thread_blocked, id=4620, stack(0x0000006a20000000,0x0000006a20100000)]
  0x000001f8d024c000 JavaThread "Cache worker for execution history cache (C:\Program Files\Android\gradle-7.2\caches\7.0.2\executionHistory)" [_thread_blocked, id=5836, stack(0x0000006a20100000,0x0000006a20200000)]
  0x000001f8d0251000 JavaThread "jar transforms" [_thread_blocked, id=6676, stack(0x0000006a20200000,0x0000006a20300000)]
  0x000001f8d0252800 JavaThread "jar transforms Thread 2" [_thread_blocked, id=7064, stack(0x0000006a20300000,0x0000006a20400000)]
  0x000001f8d0250000 JavaThread "Cache worker for file content cache (C:\Program Files\Android\gradle-7.2\caches\7.0.2\fileContent)" [_thread_blocked, id=9312, stack(0x0000006a20400000,0x0000006a20500000)]
  0x000001f8d024c800 JavaThread "Cache worker for dependencies-accessors (C:\Users\User\AndroidStudioProjects\JubitorRemake\.gradle\7.0.2\dependencies-accessors)" [_thread_blocked, id=2316, stack(0x0000006a20500000,0x0000006a20600000)]
  0x000001f8d0253800 JavaThread "jar transforms Thread 3" [_thread_blocked, id=3420, stack(0x0000006a20600000,0x0000006a20700000)]
  0x000001f8d0256800 JavaThread "Cache worker for Build Output Cleanup Cache (C:\Users\User\AndroidStudioProjects\JubitorRemake\.gradle\buildOutputCleanup)" [_thread_blocked, id=1452, stack(0x0000006a20700000,0x0000006a20800000)]
  0x000001f8d0254000 JavaThread "Build operations" [_thread_blocked, id=4248, stack(0x0000006a20800000,0x0000006a20900000)]
  0x000001f8d0255000 JavaThread "Build operations Thread 2" [_thread_blocked, id=9436, stack(0x0000006a20900000,0x0000006a20a00000)]
  0x000001f8d0255800 JavaThread "Build operations Thread 3" [_thread_blocked, id=5772, stack(0x0000006a20a00000,0x0000006a20b00000)]
  0x000001f8d0257800 JavaThread "Build operations Thread 4" [_thread_blocked, id=6536, stack(0x0000006a20b00000,0x0000006a20c00000)]
  0x000001f8cf5dc800 JavaThread "jar transforms Thread 4" [_thread_blocked, id=5036, stack(0x0000006a20c00000,0x0000006a20d00000)]
  0x000001f8cf5dd000 JavaThread "Memory manager" [_thread_blocked, id=6640, stack(0x0000006a20d00000,0x0000006a20e00000)]
  0x000001f8cf5d8800 JavaThread "build event listener" [_thread_blocked, id=2408, stack(0x0000006a1fa00000,0x0000006a1fb00000)]
  0x000001f8cf5df000 JavaThread "pool-3-thread-1" [_thread_blocked, id=6788, stack(0x0000006a20e00000,0x0000006a20f00000)]
  0x000001f8cf5da800 JavaThread "build event listener" [_thread_blocked, id=7772, stack(0x0000006a20f00000,0x0000006a21000000)]
  0x000001f8cf5d9000 JavaThread "Execution worker for ':'" [_thread_blocked, id=3216, stack(0x0000006a21000000,0x0000006a21100000)]
  0x000001f8cf5da000 JavaThread "Execution worker for ':' Thread 2" [_thread_blocked, id=1160, stack(0x0000006a21100000,0x0000006a21200000)]
  0x000001f8cf5df800 JavaThread "Execution worker for ':' Thread 3" [_thread_blocked, id=8760, stack(0x0000006a21200000,0x0000006a21300000)]
  0x000001f8cf5e0800 JavaThread "Cache worker for execution history cache (C:\Users\User\AndroidStudioProjects\JubitorRemake\.gradle\7.0.2\executionHistory)" [_thread_blocked, id=9664, stack(0x0000006a21300000,0x0000006a21400000)]
  0x000001f8cf5e1800 JavaThread "WorkerExecutor Queue" [_thread_blocked, id=7780, stack(0x0000006a21400000,0x0000006a21500000)]

Other Threads:
  0x000001f8cbcb3800 VMThread "VM Thread" [stack: 0x0000006a1df00000,0x0000006a1e000000] [id=8896]
  0x000001f8cc7f2800 WatcherThread [stack: 0x0000006a1e900000,0x0000006a1ea00000] [id=1040]
  0x000001f8b01d7800 GCTaskThread "GC Thread#0" [stack: 0x0000006a1da00000,0x0000006a1db00000] [id=8452]
  0x000001f8cc880800 GCTaskThread "GC Thread#1" [stack: 0x0000006a1eb00000,0x0000006a1ec00000] [id=4208]
  0x000001f8cda25800 GCTaskThread "GC Thread#2" [stack: 0x0000006a1f600000,0x0000006a1f700000] [id=10236]
  0x000001f8ce842800 GCTaskThread "GC Thread#3" [stack: 0x0000006a1f700000,0x0000006a1f800000] [id=2328]
  0x000001f8b0207800 ConcurrentGCThread "G1 Main Marker" [stack: 0x0000006a1db00000,0x0000006a1dc00000] [id=7356]
  0x000001f8b0208800 ConcurrentGCThread "G1 Conc#0" [stack: 0x0000006a1dc00000,0x0000006a1dd00000] [id=5944]
  0x000001f8b027f800 ConcurrentGCThread "G1 Refine#0" [stack: 0x0000006a1dd00000,0x0000006a1de00000] [id=9556]
  0x000001f8b0280800 ConcurrentGCThread "G1 Young RemSet Sampling" [stack: 0x0000006a1de00000,0x0000006a1df00000] [id=3080]

Threads with active compile tasks:
C2 CompilerThread0  29062 9607   !   4       com.google.common.collect.MapMakerInternalMap$Segment::put (298 bytes)

VM state:at safepoint (normal execution)

VM Mutex/Monitor currently owned by a thread:  ([mutex/lock_event])
[0x000001f8b01b8400] Threads_lock - owner thread: 0x000001f8cbcb3800
[0x000001f8b01b90f0] Heap_lock - owner thread: 0x000001f8cf5e1800

OutOfMemory and StackOverflow Exception counts:
OutOfMemoryError java_heap_errors=3
LinkageErrors=127

Heap address: 0x0000000080000000, size: 2048 MB, Compressed Oops mode: 32-bit
Narrow klass base: 0x0000000000000000, Narrow klass shift: 3
Compressed class space size: 1073741824 Address: 0x0000000100000000

Heap:
 garbage-first heap   total 172032K, used 71758K [0x0000000080000000, 0x0000000100000000)
  region size 1024K, 6 young (6144K), 6 survivors (6144K)
 Metaspace       used 87019K, capacity 89218K, committed 89264K, reserved 1138688K
  class space    used 11241K, capacity 12030K, committed 12032K, reserved 1048576K
Heap Regions: E=young(eden), S=young(survivor), O=old, HS=humongous(starts), HC=humongous(continues), CS=collection set, F=free, A=archive, TAMS=top-at-mark-start (previous, next)
|   0|0x0000000080000000, 0x0000000080100000, 0x0000000080100000|100%|HS|  |TAMS 0x0000000080100000, 0x0000000080100000| Complete 
|   1|0x0000000080100000, 0x0000000080200000, 0x0000000080200000|100%|HC|  |TAMS 0x0000000080200000, 0x0000000080200000| Complete 
|   2|0x0000000080200000, 0x0000000080300000, 0x0000000080300000|100%|HC|  |TAMS 0x0000000080300000, 0x0000000080300000| Complete 
|   3|0x0000000080300000, 0x0000000080400000, 0x0000000080400000|100%| O|  |TAMS 0x0000000080400000, 0x0000000080400000| Untracked 
|   4|0x0000000080400000, 0x0000000080500000, 0x0000000080500000|100%| O|  |TAMS 0x0000000080500000, 0x0000000080500000| Untracked 
|   5|0x0000000080500000, 0x0000000080600000, 0x0000000080600000|100%| O|  |TAMS 0x0000000080600000, 0x0000000080600000| Untracked 
|   6|0x0000000080600000, 0x0000000080700000, 0x0000000080700000|100%| O|  |TAMS 0x0000000080700000, 0x0000000080700000| Untracked 
|   7|0x0000000080700000, 0x0000000080800000, 0x0000000080800000|100%| O|  |TAMS 0x0000000080800000, 0x0000000080800000| Untracked 
|   8|0x0000000080800000, 0x0000000080900000, 0x0000000080900000|100%| O|  |TAMS 0x0000000080900000, 0x0000000080900000| Untracked 
|   9|0x0000000080900000, 0x0000000080a00000, 0x0000000080a00000|100%| O|  |TAMS 0x0000000080a00000, 0x0000000080a00000| Untracked 
|  10|0x0000000080a00000, 0x0000000080b00000, 0x0000000080b00000|100%| O|  |TAMS 0x0000000080b00000, 0x0000000080b00000| Untracked 
|  11|0x0000000080b00000, 0x0000000080c00000, 0x0000000080c00000|100%| O|  |TAMS 0x0000000080c00000, 0x0000000080c00000| Untracked 
|  12|0x0000000080c00000, 0x0000000080d00000, 0x0000000080d00000|100%| O|  |TAMS 0x0000000080d00000, 0x0000000080d00000| Untracked 
|  13|0x0000000080d00000, 0x0000000080e00000, 0x0000000080e00000|100%| O|  |TAMS 0x0000000080e00000, 0x0000000080e00000| Untracked 
|  14|0x0000000080e00000, 0x0000000080f00000, 0x0000000080f00000|100%| O|  |TAMS 0x0000000080f00000, 0x0000000080f00000| Untracked 
|  15|0x0000000080f00000, 0x0000000081000000, 0x0000000081000000|100%| O|  |TAMS 0x0000000081000000, 0x0000000081000000| Untracked 
|  16|0x0000000081000000, 0x0000000081100000, 0x0000000081100000|100%| O|  |TAMS 0x0000000081100000, 0x0000000081100000| Untracked 
|  17|0x0000000081100000, 0x0000000081200000, 0x0000000081200000|100%| O|  |TAMS 0x0000000081200000, 0x0000000081200000| Untracked 
|  18|0x0000000081200000, 0x0000000081300000, 0x0000000081300000|100%|HS|  |TAMS 0x0000000081300000, 0x0000000081300000| Complete 
|  19|0x0000000081300000, 0x0000000081400000, 0x0000000081400000|100%| O|  |TAMS 0x0000000081400000, 0x0000000081400000| Untracked 
|  20|0x0000000081400000, 0x0000000081500000, 0x0000000081500000|100%| O|  |TAMS 0x0000000081500000, 0x0000000081500000| Untracked 
|  21|0x0000000081500000, 0x0000000081600000, 0x0000000081600000|100%| O|  |TAMS 0x0000000081600000, 0x0000000081600000| Untracked 
|  22|0x0000000081600000, 0x0000000081700000, 0x0000000081700000|100%| O|  |TAMS 0x0000000081700000, 0x0000000081700000| Untracked 
|  23|0x0000000081700000, 0x0000000081800000, 0x0000000081800000|100%| O|  |TAMS 0x0000000081800000, 0x0000000081800000| Untracked 
|  24|0x0000000081800000, 0x0000000081900000, 0x0000000081900000|100%| O|  |TAMS 0x0000000081900000, 0x0000000081900000| Untracked 
|  25|0x0000000081900000, 0x0000000081a00000, 0x0000000081a00000|100%| O|  |TAMS 0x0000000081a00000, 0x0000000081a00000| Untracked 
|  26|0x0000000081a00000, 0x0000000081b00000, 0x0000000081b00000|100%|HS|  |TAMS 0x0000000081b00000, 0x0000000081b00000| Complete 
|  27|0x0000000081b00000, 0x0000000081c00000, 0x0000000081c00000|100%|HS|  |TAMS 0x0000000081c00000, 0x0000000081c00000| Complete 
|  28|0x0000000081c00000, 0x0000000081d00000, 0x0000000081d00000|100%|HC|  |TAMS 0x0000000081d00000, 0x0000000081d00000| Complete 
|  29|0x0000000081d00000, 0x0000000081e00000, 0x0000000081e00000|100%| O|  |TAMS 0x0000000081e00000, 0x0000000081e00000| Untracked 
|  30|0x0000000081e00000, 0x0000000081f00000, 0x0000000081f00000|100%| O|  |TAMS 0x0000000081f00000, 0x0000000081f00000| Untracked 
|  31|0x0000000081f00000, 0x0000000082000000, 0x0000000082000000|100%| O|  |TAMS 0x0000000082000000, 0x0000000082000000| Untracked 
|  32|0x0000000082000000, 0x0000000082100000, 0x0000000082100000|100%| O|  |TAMS 0x0000000082100000, 0x0000000082100000| Untracked 
|  33|0x0000000082100000, 0x0000000082200000, 0x0000000082200000|100%| O|  |TAMS 0x0000000082200000, 0x0000000082200000| Untracked 
|  34|0x0000000082200000, 0x0000000082300000, 0x0000000082300000|100%| O|  |TAMS 0x0000000082300000, 0x0000000082300000| Untracked 
|  35|0x0000000082300000, 0x0000000082400000, 0x0000000082400000|100%| O|  |TAMS 0x0000000082400000, 0x0000000082400000| Untracked 
|  36|0x0000000082400000, 0x0000000082500000, 0x0000000082500000|100%| O|  |TAMS 0x0000000082500000, 0x0000000082500000| Untracked 
|  37|0x0000000082500000, 0x0000000082600000, 0x0000000082600000|100%| O|  |TAMS 0x0000000082600000, 0x0000000082600000| Untracked 
|  38|0x0000000082600000, 0x0000000082700000, 0x0000000082700000|100%| O|  |TAMS 0x0000000082700000, 0x0000000082700000| Untracked 
|  39|0x0000000082700000, 0x0000000082800000, 0x0000000082800000|100%| O|  |TAMS 0x00000000827db000, 0x0000000082800000| Untracked 
|  40|0x0000000082800000, 0x0000000082900000, 0x0000000082900000|100%| O|  |TAMS 0x0000000082800000, 0x0000000082900000| Untracked 
|  41|0x0000000082900000, 0x0000000082a00000, 0x0000000082a00000|100%| O|  |TAMS 0x0000000082900000, 0x0000000082a00000| Untracked 
|  42|0x0000000082a00000, 0x0000000082b00000, 0x0000000082b00000|100%| O|  |TAMS 0x0000000082a00000, 0x0000000082b00000| Untracked 
|  43|0x0000000082b00000, 0x0000000082c00000, 0x0000000082c00000|100%| O|  |TAMS 0x0000000082b00000, 0x0000000082c00000| Untracked 
|  44|0x0000000082c00000, 0x0000000082d00000, 0x0000000082d00000|100%| O|  |TAMS 0x0000000082c00000, 0x0000000082d00000| Untracked 
|  45|0x0000000082d00000, 0x0000000082e00000, 0x0000000082e00000|100%| O|  |TAMS 0x0000000082d00000, 0x0000000082e00000| Untracked 
|  46|0x0000000082e00000, 0x0000000082f00000, 0x0000000082f00000|100%| O|  |TAMS 0x0000000082e00000, 0x0000000082f00000| Untracked 
|  47|0x0000000082f00000, 0x0000000083000000, 0x0000000083000000|100%| O|  |TAMS 0x0000000082f00000, 0x0000000083000000| Untracked 
|  48|0x0000000083000000, 0x0000000083100000, 0x0000000083100000|100%| O|  |TAMS 0x0000000083000000, 0x0000000083100000| Untracked 
|  49|0x0000000083100000, 0x0000000083200000, 0x0000000083200000|100%| O|  |TAMS 0x0000000083100000, 0x0000000083200000| Untracked 
|  50|0x0000000083200000, 0x0000000083300000, 0x0000000083300000|100%| O|  |TAMS 0x0000000083200000, 0x0000000083300000| Untracked 
|  51|0x0000000083300000, 0x0000000083400000, 0x0000000083400000|100%| O|  |TAMS 0x0000000083300000, 0x0000000083400000| Untracked 
|  52|0x0000000083400000, 0x0000000083500000, 0x0000000083500000|100%| O|  |TAMS 0x0000000083400000, 0x0000000083500000| Untracked 
|  53|0x0000000083500000, 0x0000000083600000, 0x0000000083600000|100%| O|  |TAMS 0x0000000083500000, 0x0000000083600000| Untracked 
|  54|0x0000000083600000, 0x0000000083700000, 0x0000000083700000|100%| O|  |TAMS 0x0000000083600000, 0x0000000083700000| Untracked 
|  55|0x0000000083700000, 0x0000000083800000, 0x0000000083800000|100%| O|  |TAMS 0x0000000083700000, 0x0000000083800000| Untracked 
|  56|0x0000000083800000, 0x0000000083900000, 0x0000000083900000|100%| O|  |TAMS 0x0000000083800000, 0x0000000083900000| Untracked 
|  57|0x0000000083900000, 0x0000000083a00000, 0x0000000083a00000|100%| O|  |TAMS 0x0000000083900000, 0x0000000083a00000| Untracked 
|  58|0x0000000083a00000, 0x0000000083b00000, 0x0000000083b00000|100%| O|  |TAMS 0x0000000083a00000, 0x0000000083b00000| Untracked 
|  59|0x0000000083b00000, 0x0000000083c00000, 0x0000000083c00000|100%| O|  |TAMS 0x0000000083b00000, 0x0000000083c00000| Untracked 
|  60|0x0000000083c00000, 0x0000000083d00000, 0x0000000083d00000|100%| O|  |TAMS 0x0000000083c00000, 0x0000000083d00000| Untracked 
|  61|0x0000000083d00000, 0x0000000083e00000, 0x0000000083e00000|100%| O|  |TAMS 0x0000000083d00000, 0x0000000083e00000| Untracked 
|  62|0x0000000083e00000, 0x0000000083f00000, 0x0000000083f00000|100%| O|  |TAMS 0x0000000083e00000, 0x0000000083f00000| Untracked 
|  63|0x0000000083f00000, 0x0000000084000000, 0x0000000084000000|100%| O|  |TAMS 0x0000000083f00000, 0x0000000084000000| Untracked 
|  64|0x0000000084000000, 0x00000000840bf200, 0x0000000084100000| 74%| O|  |TAMS 0x0000000084000000, 0x00000000840bf200| Untracked 
|  65|0x0000000084100000, 0x0000000084100000, 0x0000000084200000|  0%| F|  |TAMS 0x0000000084100000, 0x0000000084100000| Untracked 
|  66|0x0000000084200000, 0x0000000084200000, 0x0000000084300000|  0%| F|  |TAMS 0x0000000084200000, 0x0000000084200000| Untracked 
|  67|0x0000000084300000, 0x0000000084300000, 0x0000000084400000|  0%| F|  |TAMS 0x0000000084300000, 0x0000000084300000| Untracked 
|  68|0x0000000084400000, 0x0000000084400000, 0x0000000084500000|  0%| F|  |TAMS 0x0000000084400000, 0x0000000084400000| Untracked 
|  69|0x0000000084500000, 0x0000000084500000, 0x0000000084600000|  0%| F|  |TAMS 0x0000000084500000, 0x0000000084500000| Untracked 
|  70|0x0000000084600000, 0x0000000084600000, 0x0000000084700000|  0%| F|  |TAMS 0x0000000084600000, 0x0000000084600000| Untracked 
|  71|0x0000000084700000, 0x0000000084700000, 0x0000000084800000|  0%| F|  |TAMS 0x0000000084700000, 0x0000000084700000| Untracked 
|  72|0x0000000084800000, 0x0000000084800000, 0x0000000084900000|  0%| F|  |TAMS 0x0000000084800000, 0x0000000084800000| Untracked 
|  73|0x0000000084900000, 0x0000000084900000, 0x0000000084a00000|  0%| F|  |TAMS 0x0000000084900000, 0x0000000084900000| Untracked 
|  74|0x0000000084a00000, 0x0000000084a00000, 0x0000000084b00000|  0%| F|  |TAMS 0x0000000084a00000, 0x0000000084a00000| Untracked 
|  75|0x0000000084b00000, 0x0000000084b00000, 0x0000000084c00000|  0%| F|  |TAMS 0x0000000084b00000, 0x0000000084b00000| Untracked 
|  76|0x0000000084c00000, 0x0000000084c00000, 0x0000000084d00000|  0%| F|  |TAMS 0x0000000084c00000, 0x0000000084c00000| Untracked 
|  77|0x0000000084d00000, 0x0000000084d00000, 0x0000000084e00000|  0%| F|  |TAMS 0x0000000084d00000, 0x0000000084d00000| Untracked 
|  78|0x0000000084e00000, 0x0000000084e00000, 0x0000000084f00000|  0%| F|  |TAMS 0x0000000084e00000, 0x0000000084e00000| Untracked 
|  79|0x0000000084f00000, 0x0000000084f00000, 0x0000000085000000|  0%| F|  |TAMS 0x0000000084f00000, 0x0000000084f00000| Untracked 
|  80|0x0000000085000000, 0x0000000085000000, 0x0000000085100000|  0%| F|  |TAMS 0x0000000085000000, 0x0000000085000000| Untracked 
|  81|0x0000000085100000, 0x0000000085100000, 0x0000000085200000|  0%| F|  |TAMS 0x0000000085100000, 0x0000000085100000| Untracked 
|  82|0x0000000085200000, 0x0000000085200000, 0x0000000085300000|  0%| F|  |TAMS 0x0000000085200000, 0x0000000085200000| Untracked 
|  83|0x0000000085300000, 0x0000000085300000, 0x0000000085400000|  0%| F|  |TAMS 0x0000000085300000, 0x0000000085300000| Untracked 
|  84|0x0000000085400000, 0x0000000085400000, 0x0000000085500000|  0%| F|  |TAMS 0x0000000085400000, 0x0000000085400000| Untracked 
|  85|0x0000000085500000, 0x0000000085500000, 0x0000000085600000|  0%| F|  |TAMS 0x0000000085500000, 0x0000000085500000| Untracked 
|  86|0x0000000085600000, 0x0000000085600000, 0x0000000085700000|  0%| F|  |TAMS 0x0000000085600000, 0x0000000085600000| Untracked 
|  87|0x0000000085700000, 0x0000000085700000, 0x0000000085800000|  0%| F|  |TAMS 0x0000000085700000, 0x0000000085700000| Untracked 
|  88|0x0000000085800000, 0x0000000085800000, 0x0000000085900000|  0%| F|  |TAMS 0x0000000085800000, 0x0000000085800000| Untracked 
|  89|0x0000000085900000, 0x0000000085900000, 0x0000000085a00000|  0%| F|  |TAMS 0x0000000085900000, 0x0000000085900000| Untracked 
|  90|0x0000000085a00000, 0x0000000085a00000, 0x0000000085b00000|  0%| F|  |TAMS 0x0000000085a00000, 0x0000000085a00000| Untracked 
|  91|0x0000000085b00000, 0x0000000085b00000, 0x0000000085c00000|  0%| F|  |TAMS 0x0000000085b00000, 0x0000000085b00000| Untracked 
|  92|0x0000000085c00000, 0x0000000085c00000, 0x0000000085d00000|  0%| F|  |TAMS 0x0000000085c00000, 0x0000000085c00000| Untracked 
|  93|0x0000000085d00000, 0x0000000085d00000, 0x0000000085e00000|  0%| F|  |TAMS 0x0000000085d00000, 0x0000000085d00000| Untracked 
|  94|0x0000000085e00000, 0x0000000085e00000, 0x0000000085f00000|  0%| F|  |TAMS 0x0000000085e00000, 0x0000000085e00000| Untracked 
|  95|0x0000000085f00000, 0x0000000085f00000, 0x0000000086000000|  0%| F|  |TAMS 0x0000000085f00000, 0x0000000085f00000| Untracked 
|  96|0x0000000086000000, 0x0000000086000000, 0x0000000086100000|  0%| F|  |TAMS 0x0000000086000000, 0x0000000086000000| Untracked 
|  97|0x0000000086100000, 0x0000000086100000, 0x0000000086200000|  0%| F|  |TAMS 0x0000000086100000, 0x0000000086100000| Untracked 
|  98|0x0000000086200000, 0x0000000086200000, 0x0000000086300000|  0%| F|  |TAMS 0x0000000086200000, 0x0000000086200000| Untracked 
|  99|0x0000000086300000, 0x0000000086300000, 0x0000000086400000|  0%| F|  |TAMS 0x0000000086300000, 0x0000000086300000| Untracked 
| 100|0x0000000086400000, 0x0000000086400000, 0x0000000086500000|  0%| F|  |TAMS 0x0000000086400000, 0x0000000086400000| Untracked 
| 101|0x0000000086500000, 0x0000000086500000, 0x0000000086600000|  0%| F|  |TAMS 0x0000000086500000, 0x0000000086500000| Untracked 
| 102|0x0000000086600000, 0x0000000086600000, 0x0000000086700000|  0%| F|  |TAMS 0x0000000086600000, 0x0000000086600000| Untracked 
| 103|0x0000000086700000, 0x0000000086700000, 0x0000000086800000|  0%| F|  |TAMS 0x0000000086700000, 0x0000000086700000| Untracked 
| 104|0x0000000086800000, 0x0000000086800000, 0x0000000086900000|  0%| F|  |TAMS 0x0000000086800000, 0x0000000086800000| Untracked 
| 105|0x0000000086900000, 0x0000000086900000, 0x0000000086a00000|  0%| F|  |TAMS 0x0000000086900000, 0x0000000086900000| Untracked 
| 106|0x0000000086a00000, 0x0000000086a00000, 0x0000000086b00000|  0%| F|  |TAMS 0x0000000086a00000, 0x0000000086a00000| Untracked 
| 107|0x0000000086b00000, 0x0000000086b00000, 0x0000000086c00000|  0%| F|  |TAMS 0x0000000086b00000, 0x0000000086b00000| Untracked 
| 108|0x0000000086c00000, 0x0000000086c00000, 0x0000000086d00000|  0%| F|  |TAMS 0x0000000086c00000, 0x0000000086c00000| Untracked 
| 109|0x0000000086d00000, 0x0000000086d00000, 0x0000000086e00000|  0%| F|  |TAMS 0x0000000086d00000, 0x0000000086d00000| Untracked 
| 110|0x0000000086e00000, 0x0000000086e00000, 0x0000000086f00000|  0%| F|  |TAMS 0x0000000086e00000, 0x0000000086e00000| Untracked 
| 111|0x0000000086f00000, 0x0000000086f00000, 0x0000000087000000|  0%| F|  |TAMS 0x0000000086f00000, 0x0000000086f00000| Untracked 
| 112|0x0000000087000000, 0x0000000087000000, 0x0000000087100000|  0%| F|  |TAMS 0x0000000087000000, 0x0000000087000000| Untracked 
| 113|0x0000000087100000, 0x0000000087100000, 0x0000000087200000|  0%| F|  |TAMS 0x0000000087100000, 0x0000000087100000| Untracked 
| 114|0x0000000087200000, 0x0000000087200000, 0x0000000087300000|  0%| F|  |TAMS 0x0000000087200000, 0x0000000087200000| Untracked 
| 115|0x0000000087300000, 0x0000000087300000, 0x0000000087400000|  0%| F|  |TAMS 0x0000000087300000, 0x0000000087300000| Untracked 
| 116|0x0000000087400000, 0x0000000087400000, 0x0000000087500000|  0%| F|  |TAMS 0x0000000087400000, 0x0000000087400000| Untracked 
| 117|0x0000000087500000, 0x0000000087500000, 0x0000000087600000|  0%| F|  |TAMS 0x0000000087500000, 0x0000000087500000| Untracked 
| 118|0x0000000087600000, 0x0000000087600000, 0x0000000087700000|  0%| F|  |TAMS 0x0000000087600000, 0x0000000087600000| Untracked 
| 119|0x0000000087700000, 0x0000000087700000, 0x0000000087800000|  0%| F|  |TAMS 0x0000000087700000, 0x0000000087700000| Untracked 
| 120|0x0000000087800000, 0x0000000087800000, 0x0000000087900000|  0%| F|  |TAMS 0x0000000087800000, 0x0000000087800000| Untracked 
| 121|0x0000000087900000, 0x0000000087900000, 0x0000000087a00000|  0%| F|  |TAMS 0x0000000087900000, 0x0000000087900000| Untracked 
| 122|0x0000000087a00000, 0x0000000087a549e8, 0x0000000087b00000| 33%| S|CS|TAMS 0x0000000087a00000, 0x0000000087a00000| Complete 
| 123|0x0000000087b00000, 0x0000000087c00000, 0x0000000087c00000|100%| S|CS|TAMS 0x0000000087b00000, 0x0000000087b00000| Complete 
| 124|0x0000000087c00000, 0x0000000087d00000, 0x0000000087d00000|100%| S|CS|TAMS 0x0000000087c00000, 0x0000000087c00000| Complete 
| 125|0x0000000087d00000, 0x0000000087e00000, 0x0000000087e00000|100%| S|CS|TAMS 0x0000000087d00000, 0x0000000087d00000| Complete 
| 126|0x0000000087e00000, 0x0000000087f00000, 0x0000000087f00000|100%| S|CS|TAMS 0x0000000087e00000, 0x0000000087e00000| Complete 
| 127|0x0000000087f00000, 0x0000000088000000, 0x0000000088000000|100%| S|CS|TAMS 0x0000000087f00000, 0x0000000087f00000| Complete 
| 128|0x0000000088000000, 0x0000000088000000, 0x0000000088100000|  0%| F|  |TAMS 0x0000000088000000, 0x0000000088000000| Untracked 
| 129|0x0000000088100000, 0x0000000088100000, 0x0000000088200000|  0%| F|  |TAMS 0x0000000088100000, 0x0000000088100000| Untracked 
| 130|0x0000000088200000, 0x0000000088200000, 0x0000000088300000|  0%| F|  |TAMS 0x0000000088200000, 0x0000000088200000| Untracked 
| 131|0x0000000088300000, 0x0000000088300000, 0x0000000088400000|  0%| F|  |TAMS 0x0000000088300000, 0x0000000088300000| Untracked 
| 132|0x0000000088400000, 0x0000000088400000, 0x0000000088500000|  0%| F|  |TAMS 0x0000000088400000, 0x0000000088400000| Untracked 
| 133|0x0000000088500000, 0x0000000088500000, 0x0000000088600000|  0%| F|  |TAMS 0x0000000088500000, 0x0000000088500000| Untracked 
| 134|0x0000000088600000, 0x0000000088600000, 0x0000000088700000|  0%| F|  |TAMS 0x0000000088600000, 0x0000000088600000| Untracked 
| 135|0x0000000088700000, 0x0000000088700000, 0x0000000088800000|  0%| F|  |TAMS 0x0000000088700000, 0x0000000088700000| Untracked 
| 136|0x0000000088800000, 0x0000000088800000, 0x0000000088900000|  0%| F|  |TAMS 0x0000000088800000, 0x0000000088800000| Untracked 
| 137|0x0000000088900000, 0x0000000088900000, 0x0000000088a00000|  0%| F|  |TAMS 0x0000000088900000, 0x0000000088900000| Untracked 
| 138|0x0000000088a00000, 0x0000000088a00000, 0x0000000088b00000|  0%| F|  |TAMS 0x0000000088a00000, 0x0000000088a00000| Untracked 
| 139|0x0000000088b00000, 0x0000000088b00000, 0x0000000088c00000|  0%| F|  |TAMS 0x0000000088b00000, 0x0000000088b00000| Untracked 
| 140|0x0000000088c00000, 0x0000000088c00000, 0x0000000088d00000|  0%| F|  |TAMS 0x0000000088c00000, 0x0000000088c00000| Untracked 
| 141|0x0000000088d00000, 0x0000000088d00000, 0x0000000088e00000|  0%| F|  |TAMS 0x0000000088d00000, 0x0000000088d00000| Untracked 
| 142|0x0000000088e00000, 0x0000000088e00000, 0x0000000088f00000|  0%| F|  |TAMS 0x0000000088e00000, 0x0000000088e00000| Untracked 
| 143|0x0000000088f00000, 0x0000000088f00000, 0x0000000089000000|  0%| F|  |TAMS 0x0000000088f00000, 0x0000000088f00000| Untracked 
| 144|0x0000000089000000, 0x0000000089000000, 0x0000000089100000|  0%| F|  |TAMS 0x0000000089000000, 0x0000000089000000| Untracked 
| 145|0x0000000089100000, 0x0000000089100000, 0x0000000089200000|  0%| F|  |TAMS 0x0000000089100000, 0x0000000089100000| Untracked 
| 146|0x0000000089200000, 0x0000000089200000, 0x0000000089300000|  0%| F|  |TAMS 0x0000000089200000, 0x0000000089200000| Untracked 
| 147|0x0000000089300000, 0x0000000089300000, 0x0000000089400000|  0%| F|  |TAMS 0x0000000089300000, 0x0000000089300000| Untracked 
| 148|0x0000000089400000, 0x0000000089400000, 0x0000000089500000|  0%| F|  |TAMS 0x0000000089400000, 0x0000000089400000| Untracked 
| 149|0x0000000089500000, 0x0000000089500000, 0x0000000089600000|  0%| F|  |TAMS 0x0000000089500000, 0x0000000089500000| Untracked 
| 150|0x0000000089600000, 0x0000000089600000, 0x0000000089700000|  0%| F|  |TAMS 0x0000000089600000, 0x0000000089600000| Untracked 
| 151|0x0000000089700000, 0x0000000089700000, 0x0000000089800000|  0%| F|  |TAMS 0x0000000089700000, 0x0000000089700000| Untracked 
| 152|0x0000000089800000, 0x0000000089800000, 0x0000000089900000|  0%| F|  |TAMS 0x0000000089800000, 0x0000000089800000| Untracked 
| 153|0x0000000089900000, 0x0000000089900000, 0x0000000089a00000|  0%| F|  |TAMS 0x0000000089900000, 0x0000000089900000| Untracked 
| 154|0x0000000089a00000, 0x0000000089a00000, 0x0000000089b00000|  0%| F|  |TAMS 0x0000000089a00000, 0x0000000089a00000| Untracked 
| 155|0x0000000089b00000, 0x0000000089b00000, 0x0000000089c00000|  0%| F|  |TAMS 0x0000000089b00000, 0x0000000089b00000| Untracked 
| 156|0x0000000089c00000, 0x0000000089c00000, 0x0000000089d00000|  0%| F|  |TAMS 0x0000000089c00000, 0x0000000089c00000| Untracked 
| 157|0x0000000089d00000, 0x0000000089d00000, 0x0000000089e00000|  0%| F|  |TAMS 0x0000000089d00000, 0x0000000089d00000| Untracked 
| 158|0x0000000089e00000, 0x0000000089e00000, 0x0000000089f00000|  0%| F|  |TAMS 0x0000000089e00000, 0x0000000089e00000| Untracked 
| 159|0x0000000089f00000, 0x0000000089f00000, 0x000000008a000000|  0%| F|  |TAMS 0x0000000089f00000, 0x0000000089f00000| Untracked 
| 160|0x000000008a000000, 0x000000008a000000, 0x000000008a100000|  0%| F|  |TAMS 0x000000008a000000, 0x000000008a000000| Untracked 
| 161|0x000000008a100000, 0x000000008a100000, 0x000000008a200000|  0%| F|  |TAMS 0x000000008a100000, 0x000000008a100000| Untracked 
| 162|0x000000008a200000, 0x000000008a200000, 0x000000008a300000|  0%| F|  |TAMS 0x000000008a200000, 0x000000008a200000| Untracked 
| 163|0x000000008a300000, 0x000000008a300000, 0x000000008a400000|  0%| F|  |TAMS 0x000000008a300000, 0x000000008a300000| Untracked 
| 164|0x000000008a400000, 0x000000008a400000, 0x000000008a500000|  0%| F|  |TAMS 0x000000008a400000, 0x000000008a400000| Untracked 
| 165|0x000000008a500000, 0x000000008a500000, 0x000000008a600000|  0%| F|  |TAMS 0x000000008a500000, 0x000000008a500000| Untracked 
| 166|0x000000008a600000, 0x000000008a600000, 0x000000008a700000|  0%| F|  |TAMS 0x000000008a600000, 0x000000008a600000| Untracked 
| 167|0x000000008a700000, 0x000000008a700000, 0x000000008a800000|  0%| F|  |TAMS 0x000000008a700000, 0x000000008a700000| Untracked 

Card table byte_map: [0x000001f8c4e80000,0x000001f8c5280000] _byte_map_base: 0x000001f8c4a80000

Marking Bits (Prev, Next): (CMBitMap*) 0x000001f8b01fe8d0, (CMBitMap*) 0x000001f8b01fe898
 Prev Bits: [0x000001f8c7680000, 0x000001f8c9680000)
 Next Bits: [0x000001f8c5680000, 0x000001f8c7680000)

Polling page: 0x000001f8b0050000

Metaspace:

Usage:
  Non-class:     75.38 MB capacity,    74.00 MB ( 98%) used,     1.14 MB (  2%) free+waste,   241.75 KB ( <1%) overhead. 
      Class:     11.75 MB capacity,    10.98 MB ( 93%) used,   679.94 KB (  6%) free+waste,   108.88 KB ( <1%) overhead. 
       Both:     87.13 MB capacity,    84.98 MB ( 98%) used,     1.80 MB (  2%) free+waste,   350.63 KB ( <1%) overhead. 

Virtual space:
  Non-class space:       88.00 MB reserved,      75.42 MB ( 86%) committed 
      Class space:        1.00 GB reserved,      11.75 MB (  1%) committed 
             Both:        1.09 GB reserved,      87.17 MB (  8%) committed 

Chunk freelists:
   Non-Class:  44.00 KB
       Class:  2.00 KB
        Both:  46.00 KB

MaxMetaspaceSize: 17179869184.00 GB
CompressedClassSpaceSize: 1.00 GB

CodeHeap 'non-profiled nmethods': size=120064Kb used=5078Kb max_used=5078Kb free=114985Kb
 bounds [0x000001f8bcf10000, 0x000001f8bd410000, 0x000001f8c4450000]
CodeHeap 'profiled nmethods': size=120000Kb used=19629Kb max_used=19629Kb free=100371Kb
 bounds [0x000001f8b59e0000, 0x000001f8b6d10000, 0x000001f8bcf10000]
CodeHeap 'non-nmethods': size=5696Kb used=2283Kb max_used=2311Kb free=3412Kb
 bounds [0x000001f8b5450000, 0x000001f8b56c0000, 0x000001f8b59e0000]
 total_blobs=10412 nmethods=9528 adapters=795
 compilation: enabled
              stopped_count=0, restarted_count=0
 full_count=0

Compilation events (20 events):
Event: 28.887 Thread 0x000001f8cbcde000 9604       3       com.android.tools.r8.graph.b0::<init> (5 bytes)
Event: 28.887 Thread 0x000001f8cbcdb000 nmethod 9602 0x000001f8bd405410 code [0x000001f8bd4055c0, 0x000001f8bd4057c8]
Event: 28.887 Thread 0x000001f8cbcde000 nmethod 9604 0x000001f8b6d07a10 code [0x000001f8b6d07be0, 0x000001f8b6d07e58]
Event: 28.887 Thread 0x000001f8cbcde000 9605       3       com.android.tools.r8.graph.T::d (134 bytes)
Event: 28.888 Thread 0x000001f8cbcde000 nmethod 9605 0x000001f8b6d07f90 code [0x000001f8b6d08180, 0x000001f8b6d08608]
Event: 28.895 Thread 0x000001f8cbcde000 9606       3       com.android.tools.r8.graph.d0::r0 (22 bytes)
Event: 28.895 Thread 0x000001f8cbcde000 nmethod 9606 0x000001f8b6d08790 code [0x000001f8b6d08940, 0x000001f8b6d08ab8]
Event: 28.901 Thread 0x000001f8cbcdb000 9607   !   4       com.google.common.collect.MapMakerInternalMap$Segment::put (298 bytes)
Event: 28.924 Thread 0x000001f8cbcde000 9611       3       com.android.tools.r8.origin.PathOrigin::<init> (34 bytes)
Event: 28.925 Thread 0x000001f8cbcde000 nmethod 9611 0x000001f8b6d08b90 code [0x000001f8b6d08d60, 0x000001f8b6d09078]
Event: 28.925 Thread 0x000001f8cbcde000 9612       3       com.google.common.io.ByteStreams::combineBuffers (56 bytes)
Event: 28.926 Thread 0x000001f8cbcde000 nmethod 9612 0x000001f8b6d09190 code [0x000001f8b6d09380, 0x000001f8b6d098d8]
Event: 28.926 Thread 0x000001f8cbcde000 9613       3       com.android.builder.dexing.NoCacheJarClassFileEntry::getRelativePath (8 bytes)
Event: 28.926 Thread 0x000001f8cbcde000 nmethod 9613 0x000001f8b6d09b10 code [0x000001f8b6d09cc0, 0x000001f8b6d09e88]
Event: 28.926 Thread 0x000001f8cbcde000 9614       3       com.android.tools.r8.origin.ArchiveEntryOrigin::<init> (11 bytes)
Event: 28.926 Thread 0x000001f8cbcde000 nmethod 9614 0x000001f8b6d09f90 code [0x000001f8b6d0a160, 0x000001f8b6d0a3d8]
Event: 28.926 Thread 0x000001f8cbcde000 9615       3       com.android.tools.r8.ProgramResource::fromBytes (13 bytes)
Event: 28.927 Thread 0x000001f8cbcde000 nmethod 9615 0x000001f8b6d0a510 code [0x000001f8b6d0a6e0, 0x000001f8b6d0a8e8]
Event: 28.927 Thread 0x000001f8cbcde000 9616       3       com.android.tools.r8.utils.c$b::a (17 bytes)
Event: 28.927 Thread 0x000001f8cbcde000 nmethod 9616 0x000001f8b6d0aa10 code [0x000001f8b6d0ac20, 0x000001f8b6d0b1d8]

GC Heap History (20 events):
Event: 13.159 GC heap before
{Heap before GC invocations=11 (full 0):
 garbage-first heap   total 118784K, used 72143K [0x0000000080000000, 0x0000000100000000)
  region size 1024K, 49 young (50176K), 5 survivors (5120K)
 Metaspace       used 42426K, capacity 43434K, committed 43568K, reserved 1087488K
  class space    used 5384K, capacity 5743K, committed 5760K, reserved 1048576K
}
Event: 13.175 GC heap after
{Heap after GC invocations=12 (full 0):
 garbage-first heap   total 118784K, used 27560K [0x0000000080000000, 0x0000000100000000)
  region size 1024K, 3 young (3072K), 3 survivors (3072K)
 Metaspace       used 42426K, capacity 43434K, committed 43568K, reserved 1087488K
  class space    used 5384K, capacity 5743K, committed 5760K, reserved 1048576K
}
Event: 14.539 GC heap before
{Heap before GC invocations=12 (full 0):
 garbage-first heap   total 118784K, used 75688K [0x0000000080000000, 0x0000000100000000)
  region size 1024K, 50 young (51200K), 3 survivors (3072K)
 Metaspace       used 45817K, capacity 47018K, committed 47280K, reserved 1089536K
  class space    used 5876K, capacity 6300K, committed 6400K, reserved 1048576K
}
Event: 14.551 GC heap after
{Heap after GC invocations=13 (full 0):
 garbage-first heap   total 143360K, used 29166K [0x0000000080000000, 0x0000000100000000)
  region size 1024K, 4 young (4096K), 4 survivors (4096K)
 Metaspace       used 45817K, capacity 47018K, committed 47280K, reserved 1089536K
  class space    used 5876K, capacity 6300K, committed 6400K, reserved 1048576K
}
Event: 16.566 GC heap before
{Heap before GC invocations=13 (full 0):
 garbage-first heap   total 143360K, used 97774K [0x0000000080000000, 0x0000000100000000)
  region size 1024K, 68 young (69632K), 4 survivors (4096K)
 Metaspace       used 50480K, capacity 51819K, committed 51888K, reserved 1093632K
  class space    used 6433K, capacity 6902K, committed 6912K, reserved 1048576K
}
Event: 16.584 GC heap after
{Heap after GC invocations=14 (full 0):
 garbage-first heap   total 143360K, used 40686K [0x0000000080000000, 0x0000000100000000)
  region size 1024K, 9 young (9216K), 9 survivors (9216K)
 Metaspace       used 50480K, capacity 51819K, committed 51888K, reserved 1093632K
  class space    used 6433K, capacity 6902K, committed 6912K, reserved 1048576K
}
Event: 18.499 GC heap before
{Heap before GC invocations=14 (full 0):
 garbage-first heap   total 143360K, used 88814K [0x0000000080000000, 0x0000000100000000)
  region size 1024K, 57 young (58368K), 9 survivors (9216K)
 Metaspace       used 58269K, capacity 59722K, committed 59824K, reserved 1101824K
  class space    used 7353K, capacity 7870K, committed 7936K, reserved 1048576K
}
Event: 18.535 GC heap after
{Heap after GC invocations=15 (full 0):
 garbage-first heap   total 143360K, used 43160K [0x0000000080000000, 0x0000000100000000)
  region size 1024K, 3 young (3072K), 3 survivors (3072K)
 Metaspace       used 58269K, capacity 59722K, committed 59824K, reserved 1101824K
  class space    used 7353K, capacity 7870K, committed 7936K, reserved 1048576K
}
Event: 20.120 GC heap before
{Heap before GC invocations=16 (full 0):
 garbage-first heap   total 143360K, used 98456K [0x0000000080000000, 0x0000000100000000)
  region size 1024K, 57 young (58368K), 3 survivors (3072K)
 Metaspace       used 63920K, capacity 65422K, committed 65712K, reserved 1105920K
  class space    used 8055K, capacity 8605K, committed 8704K, reserved 1048576K
}
Event: 20.142 GC heap after
{Heap after GC invocations=17 (full 0):
 garbage-first heap   total 143360K, used 48121K [0x0000000080000000, 0x0000000100000000)
  region size 1024K, 8 young (8192K), 8 survivors (8192K)
 Metaspace       used 63920K, capacity 65422K, committed 65712K, reserved 1105920K
  class space    used 8055K, capacity 8605K, committed 8704K, reserved 1048576K
}
Event: 21.546 GC heap before
{Heap before GC invocations=17 (full 0):
 garbage-first heap   total 143360K, used 102393K [0x0000000080000000, 0x0000000100000000)
  region size 1024K, 61 young (62464K), 8 survivors (8192K)
 Metaspace       used 68237K, capacity 69815K, committed 70064K, reserved 1110016K
  class space    used 8780K, capacity 9362K, committed 9472K, reserved 1048576K
}
Event: 21.567 GC heap after
{Heap after GC invocations=18 (full 0):
 garbage-first heap   total 143360K, used 52269K [0x0000000080000000, 0x0000000100000000)
  region size 1024K, 5 young (5120K), 5 survivors (5120K)
 Metaspace       used 68237K, capacity 69815K, committed 70064K, reserved 1110016K
  class space    used 8780K, capacity 9362K, committed 9472K, reserved 1048576K
}
Event: 23.602 GC heap before
{Heap before GC invocations=18 (full 0):
 garbage-first heap   total 143360K, used 106541K [0x0000000080000000, 0x0000000100000000)
  region size 1024K, 58 young (59392K), 5 survivors (5120K)
 Metaspace       used 73007K, capacity 74728K, committed 74800K, reserved 1114112K
  class space    used 9427K, capacity 10064K, committed 10112K, reserved 1048576K
}
Event: 23.622 GC heap after
{Heap after GC invocations=19 (full 0):
 garbage-first heap   total 172032K, used 55713K [0x0000000080000000, 0x0000000100000000)
  region size 1024K, 4 young (4096K), 4 survivors (4096K)
 Metaspace       used 73007K, capacity 74728K, committed 74800K, reserved 1114112K
  class space    used 9427K, capacity 10064K, committed 10112K, reserved 1048576K
}
Event: 25.383 GC heap before
{Heap before GC invocations=19 (full 0):
 garbage-first heap   total 172032K, used 123297K [0x0000000080000000, 0x0000000100000000)
  region size 1024K, 71 young (72704K), 4 survivors (4096K)
 Metaspace       used 80640K, capacity 82674K, committed 82864K, reserved 1120256K
  class space    used 10433K, capacity 11165K, committed 11264K, reserved 1048576K
}
Event: 25.405 GC heap after
{Heap after GC invocations=20 (full 0):
 garbage-first heap   total 172032K, used 62095K [0x0000000080000000, 0x0000000100000000)
  region size 1024K, 9 young (9216K), 9 survivors (9216K)
 Metaspace       used 80640K, capacity 82674K, committed 82864K, reserved 1120256K
  class space    used 10433K, capacity 11165K, committed 11264K, reserved 1048576K
}
Event: 27.180 GC heap before
{Heap before GC invocations=20 (full 0):
 garbage-first heap   total 172032K, used 127631K [0x0000000080000000, 0x0000000100000000)
  region size 1024K, 74 young (75776K), 9 survivors (9216K)
 Metaspace       used 81739K, capacity 83824K, committed 84016K, reserved 1122304K
  class space    used 10535K, capacity 11274K, committed 11392K, reserved 1048576K
}
Event: 27.208 GC heap after
{Heap after GC invocations=21 (full 0):
 garbage-first heap   total 172032K, used 66774K [0x0000000080000000, 0x0000000100000000)
  region size 1024K, 5 young (5120K), 5 survivors (5120K)
 Metaspace       used 81739K, capacity 83824K, committed 84016K, reserved 1122304K
  class space    used 10535K, capacity 11274K, committed 11392K, reserved 1048576K
}
Event: 28.228 GC heap before
{Heap before GC invocations=21 (full 0):
 garbage-first heap   total 172032K, used 130262K [0x0000000080000000, 0x0000000100000000)
  region size 1024K, 68 young (69632K), 5 survivors (5120K)
 Metaspace       used 83803K, capacity 85896K, committed 86064K, reserved 1124352K
  class space    used 10781K, capacity 11543K, committed 11648K, reserved 1048576K
}
Event: 28.251 GC heap after
{Heap after GC invocations=22 (full 0):
 garbage-first heap   total 172032K, used 69855K [0x0000000080000000, 0x0000000100000000)
  region size 1024K, 8 young (8192K), 8 survivors (8192K)
 Metaspace       used 83803K, capacity 85896K, committed 86064K, reserved 1124352K
  class space    used 10781K, capacity 11543K, committed 11648K, reserved 1048576K
}

Deoptimization events (20 events):
Event: 28.463 Thread 0x000001f8d0255000 DEOPT PACKING pc=0x000001f8bd1eef1c sp=0x0000006a209fadb0
Event: 28.463 Thread 0x000001f8d0255000 DEOPT UNPACKING pc=0x000001f8b54778af sp=0x0000006a209fad98 mode 2
Event: 28.469 Thread 0x000001f8d0255800 Uncommon trap: trap_request=0xffffffde fr.pc=0x000001f8bd032054 relative=0x0000000000000514
Event: 28.469 Thread 0x000001f8d0255800 Uncommon trap: reason=class_check action=maybe_recompile pc=0x000001f8bd032054 method=java.lang.Throwable.<init>(Ljava/lang/String;Ljava/lang/Throwable;)V @ 24 c2
Event: 28.469 Thread 0x000001f8d0255800 DEOPT PACKING pc=0x000001f8bd032054 sp=0x0000006a20afb2c0
Event: 28.469 Thread 0x000001f8d0255800 DEOPT UNPACKING pc=0x000001f8b54778af sp=0x0000006a20afb288 mode 2
Event: 28.523 Thread 0x000001f8d0257800 Uncommon trap: trap_request=0xffffffde fr.pc=0x000001f8bd032054 relative=0x0000000000000514
Event: 28.523 Thread 0x000001f8d0257800 Uncommon trap: reason=class_check action=maybe_recompile pc=0x000001f8bd032054 method=java.lang.Throwable.<init>(Ljava/lang/String;Ljava/lang/Throwable;)V @ 24 c2
Event: 28.523 Thread 0x000001f8d0257800 DEOPT PACKING pc=0x000001f8bd032054 sp=0x0000006a20bfb0b0
Event: 28.523 Thread 0x000001f8d0257800 DEOPT UNPACKING pc=0x000001f8b54778af sp=0x0000006a20bfb078 mode 2
Event: 28.570 Thread 0x000001f8d0255800 Uncommon trap: trap_request=0xffffffde fr.pc=0x000001f8bd032054 relative=0x0000000000000514
Event: 28.570 Thread 0x000001f8d0255800 Uncommon trap: reason=class_check action=maybe_recompile pc=0x000001f8bd032054 method=java.lang.Throwable.<init>(Ljava/lang/String;Ljava/lang/Throwable;)V @ 24 c2
Event: 28.570 Thread 0x000001f8d0255800 DEOPT PACKING pc=0x000001f8bd032054 sp=0x0000006a20afe080
Event: 28.570 Thread 0x000001f8d0255800 DEOPT UNPACKING pc=0x000001f8b54778af sp=0x0000006a20afe048 mode 2
Event: 28.680 Thread 0x000001f8d0255800 Uncommon trap: trap_request=0xffffff4d fr.pc=0x000001f8bd3a4d7c relative=0x00000000000003fc
Event: 28.680 Thread 0x000001f8d0255800 Uncommon trap: reason=unstable_if action=reinterpret pc=0x000001f8bd3a4d7c method=com.google.common.collect.MapMakerInternalMap$Segment.getEntry(Ljava/lang/Object;I)Lcom/google/common/collect/MapMakerInternalMap$InternalEntry; @ 63 c2
Event: 28.680 Thread 0x000001f8d0255800 DEOPT PACKING pc=0x000001f8bd3a4d7c sp=0x0000006a20af2f00
Event: 28.680 Thread 0x000001f8d0255800 DEOPT UNPACKING pc=0x000001f8b54778af sp=0x0000006a20af2eb8 mode 2
Event: 28.836 Thread 0x000001f8d0255800 DEOPT PACKING pc=0x000001f8b6cd3b76 sp=0x0000006a20afa5f0
Event: 28.836 Thread 0x000001f8d0255800 DEOPT UNPACKING pc=0x000001f8b54776ce sp=0x0000006a20af9b10 mode 0

Classes redefined (0 events):
No events

Internal exceptions (20 events):
Event: 27.467 Thread 0x000001f8cf5df800 Exception <a 'sun/nio/fs/WindowsException'{0x0000000089736680}> (0x0000000089736680) thrown at [./src/hotspot/share/prims/jni.cpp, line 615]
Event: 27.467 Thread 0x000001f8cf5df800 Exception <a 'sun/nio/fs/WindowsException'{0x0000000089737540}> (0x0000000089737540) thrown at [./src/hotspot/share/prims/jni.cpp, line 615]
Event: 27.467 Thread 0x000001f8cf5df800 Exception <a 'sun/nio/fs/WindowsException'{0x0000000089737988}> (0x0000000089737988) thrown at [./src/hotspot/share/prims/jni.cpp, line 615]
Event: 27.467 Thread 0x000001f8cf5df800 Exception <a 'sun/nio/fs/WindowsException'{0x0000000089738830}> (0x0000000089738830) thrown at [./src/hotspot/share/prims/jni.cpp, line 615]
Event: 27.467 Thread 0x000001f8cf5df800 Exception <a 'sun/nio/fs/WindowsException'{0x0000000089738b90}> (0x0000000089738b90) thrown at [./src/hotspot/share/prims/jni.cpp, line 615]
Event: 27.467 Thread 0x000001f8cf5df800 Exception <a 'sun/nio/fs/WindowsException'{0x0000000089739a50}> (0x0000000089739a50) thrown at [./src/hotspot/share/prims/jni.cpp, line 615]
Event: 27.467 Thread 0x000001f8cf5df800 Exception <a 'sun/nio/fs/WindowsException'{0x0000000089739d50}> (0x0000000089739d50) thrown at [./src/hotspot/share/prims/jni.cpp, line 615]
Event: 27.467 Thread 0x000001f8cf5df800 Exception <a 'sun/nio/fs/WindowsException'{0x000000008973abe0}> (0x000000008973abe0) thrown at [./src/hotspot/share/prims/jni.cpp, line 615]
Event: 27.485 Thread 0x000001f8cf5df800 Exception <a 'java/lang/NoSuchMethodError'{0x00000000896c17c8}: <clinit>> (0x00000000896c17c8) thrown at [./src/hotspot/share/prims/jni.cpp, line 1362]
Event: 27.489 Thread 0x000001f8cf5df800 Exception <a 'java/lang/NoSuchMethodError'{0x00000000896f7f00}: <clinit>> (0x00000000896f7f00) thrown at [./src/hotspot/share/prims/jni.cpp, line 1362]
Event: 27.493 Thread 0x000001f8cf5df800 Exception <a 'java/lang/NoSuchMethodError'{0x0000000089525f70}: <clinit>> (0x0000000089525f70) thrown at [./src/hotspot/share/prims/jni.cpp, line 1362]
Event: 27.494 Thread 0x000001f8cf5df800 Exception <a 'java/lang/NoSuchMethodError'{0x0000000089538d08}: <clinit>> (0x0000000089538d08) thrown at [./src/hotspot/share/prims/jni.cpp, line 1362]
Event: 27.867 Thread 0x000001f8cdc80000 Exception <a 'java/lang/NoSuchMethodError'{0x0000000087edab78}: 'int java.lang.invoke.DirectMethodHandle$Holder.invokeSpecial(java.lang.Object, java.lang.Object, java.lang.Object, java.lang.Object, java.lang.Object)'> (0x0000000087edab78) thrown at [./src/hotspot/share/interpreter/linkResolver.cpp, line 773]
Event: 28.462 Thread 0x000001f8d0255000 Exception <a 'java/lang/OutOfMemoryError'{0x0000000089deec98}> (0x0000000089deec98) thrown at [./src/hotspot/share/prims/jni.cpp, line 636]
Event: 28.463 Thread 0x000001f8d0255000 Implicit null exception at 0x000001f8bd1ed79b to 0x000001f8bd1edf54
Event: 28.463 Thread 0x000001f8d0255000 Implicit null exception at 0x000001f8bd1ee7a0 to 0x000001f8bd1eef0c
Event: 28.469 Thread 0x000001f8d0255800 Exception <a 'java/lang/OutOfMemoryError'{0x000000008996a5e8}> (0x000000008996a5e8) thrown at [./src/hotspot/share/prims/jni.cpp, line 636]
Event: 28.474 Thread 0x000001f8d0255000 Exception <a 'java/lang/NoSuchMethodError'{0x00000000898061c8}: 'void java.lang.invoke.DirectMethodHandle$Holder.invokeStatic(java.lang.Object, java.lang.Object, java.lang.Object, java.lang.Object, java.lang.Object, java.lang.Object, java.lang.Object)'> (0x00000000898061c8) thrown at [./src/hotspot/share/interpreter/linkResolver.cpp, line 773]
Event: 28.523 Thread 0x000001f8d0257800 Exception <a 'java/lang/OutOfMemoryError'{0x000000008944b558}> (0x000000008944b558) thrown at [./src/hotspot/share/prims/jni.cpp, line 636]
Event: 28.672 Thread 0x000001f8d0255800 Exception <a 'sun/nio/fs/WindowsException'{0x0000000088b6c2a8}> (0x0000000088b6c2a8) thrown at [./src/hotspot/share/prims/jni.cpp, line 615]

Events (20 events):
Event: 28.929 loading class com/android/tools/r8/internal/ke
Event: 28.929 loading class com/android/tools/r8/internal/ke done
Event: 28.930 loading class com/android/tools/r8/internal/oe$b
Event: 28.930 loading class com/android/tools/r8/internal/oe$b done
Event: 28.946 loading class kotlin/reflect/jvm/internal/impl/metadata/jvm/deserialization/JvmNameResolver$Companion
Event: 28.946 loading class kotlin/reflect/jvm/internal/impl/metadata/jvm/deserialization/JvmNameResolver$Companion done
Event: 28.946 loading class com/android/tools/r8/graph/T
Event: 28.946 loading class com/android/tools/r8/graph/T done
Event: 28.946 loading class com/android/tools/r8/internal/ke$a
Event: 28.946 loading class com/android/tools/r8/internal/ke$a done
Event: 28.947 loading class kotlin/collections/IndexingIterable
Event: 28.947 loading class kotlin/collections/IndexingIterable done
Event: 28.947 loading class kotlin/collections/CollectionsKt___CollectionsKt$withIndex$1
Event: 28.947 loading class kotlin/collections/CollectionsKt___CollectionsKt$withIndex$1 done
Event: 28.947 loading class com/android/tools/r8/internal/oe$a
Event: 28.947 loading class com/android/tools/r8/internal/oe$a done
Event: 28.948 loading class kotlin/collections/IndexingIterator
Event: 28.948 loading class kotlin/collections/IndexingIterator done
Event: 28.948 loading class kotlin/collections/IndexedValue
Event: 28.948 loading class kotlin/collections/IndexedValue done


Dynamic libraries:
0x00007ff7dc330000 - 0x00007ff7dc33a000 	C:\Program Files\Android\Android Studio\jre\bin\java.exe
0x00007ffe31f00000 - 0x00007ffe320f0000 	C:\Windows\SYSTEM32\ntdll.dll
0x00007ffe30650000 - 0x00007ffe30702000 	C:\Windows\System32\KERNEL32.DLL
0x00007ffe2eee0000 - 0x00007ffe2f183000 	C:\Windows\System32\KERNELBASE.dll
0x00007ffe2f1c0000 - 0x00007ffe2f2ba000 	C:\Windows\System32\ucrtbase.dll
0x00007ffe237b0000 - 0x00007ffe237c7000 	C:\Program Files\Android\Android Studio\jre\bin\VCRUNTIME140.dll
0x00007ffe234b0000 - 0x00007ffe234c9000 	C:\Program Files\Android\Android Studio\jre\bin\jli.dll
0x00007ffe315d0000 - 0x00007ffe31764000 	C:\Windows\System32\USER32.dll
0x00007ffe2f190000 - 0x00007ffe2f1b1000 	C:\Windows\System32\win32u.dll
0x00007ffe20f70000 - 0x00007ffe211f5000 	C:\Windows\WinSxS\amd64_microsoft.windows.common-controls_6595b64144ccf1df_6.0.18362.592_none_e6c0b1911312be02\COMCTL32.dll
0x00007ffe30100000 - 0x00007ffe30126000 	C:\Windows\System32\GDI32.dll
0x00007ffe31900000 - 0x00007ffe3199e000 	C:\Windows\System32\msvcrt.dll
0x00007ffe2fa40000 - 0x00007ffe2fbd4000 	C:\Windows\System32\gdi32full.dll
0x00007ffe2fc60000 - 0x00007ffe2fcfe000 	C:\Windows\System32\msvcp_win.dll
0x00007ffe30870000 - 0x00007ffe30ba6000 	C:\Windows\System32\combase.dll
0x00007ffe2ffe0000 - 0x00007ffe30100000 	C:\Windows\System32\RPCRT4.dll
0x00007ffe2fbe0000 - 0x00007ffe2fc60000 	C:\Windows\System32\bcryptPrimitives.dll
0x00007ffe2ffb0000 - 0x00007ffe2ffde000 	C:\Windows\System32\IMM32.DLL
0x00007ffe197e0000 - 0x00007ffe1987d000 	C:\Program Files\Android\Android Studio\jre\bin\msvcp140.dll
0x00007ffdf6b00000 - 0x00007ffdf75cf000 	C:\Program Files\Android\Android Studio\jre\bin\server\jvm.dll
0x00007ffe31780000 - 0x00007ffe31823000 	C:\Windows\System32\ADVAPI32.dll
0x00007ffe305b0000 - 0x00007ffe30647000 	C:\Windows\System32\sechost.dll
0x00007ffe31770000 - 0x00007ffe31778000 	C:\Windows\System32\PSAPI.DLL
0x00007ffe22110000 - 0x00007ffe22119000 	C:\Windows\SYSTEM32\WSOCK32.dll
0x00007ffe24410000 - 0x00007ffe2441a000 	C:\Windows\SYSTEM32\VERSION.dll
0x00007ffe2cad0000 - 0x00007ffe2caf4000 	C:\Windows\SYSTEM32\WINMM.dll
0x00007ffe31e50000 - 0x00007ffe31ebf000 	C:\Windows\System32\WS2_32.dll
0x00007ffe2caa0000 - 0x00007ffe2cacd000 	C:\Windows\SYSTEM32\winmmbase.dll
0x00007ffe2ee90000 - 0x00007ffe2eeda000 	C:\Windows\System32\cfgmgr32.dll
0x00007ffe2ede0000 - 0x00007ffe2edf1000 	C:\Windows\System32\kernel.appcore.dll
0x00007ffe220f0000 - 0x00007ffe22101000 	C:\Program Files\Android\Android Studio\jre\bin\verify.dll
0x00007ffe2d5b0000 - 0x00007ffe2d7a4000 	C:\Windows\SYSTEM32\DBGHELP.DLL
0x00007ffe1f9e0000 - 0x00007ffe1fa0a000 	C:\Windows\SYSTEM32\dbgcore.DLL
0x00007ffe194f0000 - 0x00007ffe19519000 	C:\Program Files\Android\Android Studio\jre\bin\java.dll
0x00007ffe220e0000 - 0x00007ffe220eb000 	C:\Program Files\Android\Android Studio\jre\bin\jimage.dll
0x00007ffe0cee0000 - 0x00007ffe0cef8000 	C:\Program Files\Android\Android Studio\jre\bin\zip.dll
0x00007ffe30bb0000 - 0x00007ffe31295000 	C:\Windows\System32\SHELL32.dll
0x00007ffe30710000 - 0x00007ffe307b9000 	C:\Windows\System32\shcore.dll
0x00007ffe2f2c0000 - 0x00007ffe2fa3f000 	C:\Windows\System32\windows.storage.dll
0x00007ffe2ee50000 - 0x00007ffe2ee6f000 	C:\Windows\System32\profapi.dll
0x00007ffe2ee00000 - 0x00007ffe2ee4a000 	C:\Windows\System32\powrprof.dll
0x00007ffe2edd0000 - 0x00007ffe2ede0000 	C:\Windows\System32\UMPDC.dll
0x00007ffe31330000 - 0x00007ffe31382000 	C:\Windows\System32\shlwapi.dll
0x00007ffe2fd00000 - 0x00007ffe2fd17000 	C:\Windows\System32\cryptsp.dll
0x00007ffe0b0b0000 - 0x00007ffe0b0ca000 	C:\Program Files\Android\Android Studio\jre\bin\net.dll
0x00007ffe25a90000 - 0x00007ffe25b80000 	C:\Windows\SYSTEM32\WINHTTP.dll
0x00007ffe2e640000 - 0x00007ffe2e6a7000 	C:\Windows\system32\mswsock.dll
0x00007ffe0b090000 - 0x00007ffe0b0a4000 	C:\Program Files\Android\Android Studio\jre\bin\nio.dll
0x00007ffe14720000 - 0x00007ffe14747000 	C:\Program Files\Android\gradle-7.2\native\8bec1ad78214c89d9ad589b4d07fe93259594b29d510b10fafb7a158f7737e5d\windows-amd64\native-platform.dll
0x00007ffe0c180000 - 0x00007ffe0c2bd000 	C:\Program Files\Android\gradle-7.2\native\53dbd7edfb1c66fb8903c78663c9afc45aea4f116125fa6feffd364cf09443e8\windows-amd64\native-platform-file-events.dll
0x00007ffe1b240000 - 0x00007ffe1b24a000 	C:\Program Files\Android\Android Studio\jre\bin\management.dll
0x00007ffe19a60000 - 0x00007ffe19a6c000 	C:\Program Files\Android\Android Studio\jre\bin\management_ext.dll
0x00007ffe2e1b0000 - 0x00007ffe2e1e3000 	C:\Windows\system32\rsaenh.dll
0x00007ffe2fd80000 - 0x00007ffe2fda6000 	C:\Windows\System32\bcrypt.dll
0x00007ffe2ecf0000 - 0x00007ffe2ed15000 	C:\Windows\SYSTEM32\USERENV.dll
0x00007ffe2e810000 - 0x00007ffe2e81c000 	C:\Windows\SYSTEM32\CRYPTBASE.dll
0x00007ffe2e350000 - 0x00007ffe2e38a000 	C:\Windows\SYSTEM32\IPHLPAPI.DLL
0x00007ffe30130000 - 0x00007ffe30138000 	C:\Windows\System32\NSI.dll
0x00007ffe271a0000 - 0x00007ffe271b6000 	C:\Windows\SYSTEM32\dhcpcsvc6.DLL
0x00007ffe27380000 - 0x00007ffe2739c000 	C:\Windows\SYSTEM32\dhcpcsvc.DLL
0x00007ffe2e390000 - 0x00007ffe2e45a000 	C:\Windows\SYSTEM32\DNSAPI.dll

dbghelp: loaded successfully - version: 4.0.5 - missing functions: none
symbol engine: initialized successfully - sym options: 0x614 - pdb path: .;C:\Program Files\Android\Android Studio\jre\bin;C:\Windows\SYSTEM32;C:\Windows\WinSxS\amd64_microsoft.windows.common-controls_6595b64144ccf1df_6.0.18362.592_none_e6c0b1911312be02;C:\Program Files\Android\Android Studio\jre\bin\server;C:\Program Files\Android\gradle-7.2\native\8bec1ad78214c89d9ad589b4d07fe93259594b29d510b10fafb7a158f7737e5d\windows-amd64;C:\Program Files\Android\gradle-7.2\native\53dbd7edfb1c66fb8903c78663c9afc45aea4f116125fa6feffd364cf09443e8\windows-amd64

VM Arguments:
jvm_args: --add-opens=java.base/java.util=ALL-UNNAMED --add-opens=java.base/java.lang=ALL-UNNAMED --add-opens=java.base/java.lang.invoke=ALL-UNNAMED --add-opens=java.base/java.util=ALL-UNNAMED --add-opens=java.prefs/java.util.prefs=ALL-UNNAMED --add-opens=java.prefs/java.util.prefs=ALL-UNNAMED --add-opens=java.base/java.nio.charset=ALL-UNNAMED --add-opens=java.base/java.net=ALL-UNNAMED --add-opens=java.base/java.util.concurrent.atomic=ALL-UNNAMED -Xmx2048m -Dfile.encoding=UTF-8 -Duser.country=US -Duser.language=en -Duser.variant 
java_command: org.gradle.launcher.daemon.bootstrap.GradleDaemon 7.0.2
java_class_path (initial): C:\Program Files\Android\gradle-7.2\wrapper\dists\gradle-7.0.2-bin\857tjihv64xamwrf0h14cai3r\gradle-7.0.2\lib\gradle-launcher-7.0.2.jar
Launcher Type: SUN_STANDARD

[Global flags]
     intx CICompilerCount                          = 3                                         {product} {ergonomic}
     uint ConcGCThreads                            = 1                                         {product} {ergonomic}
     uint G1ConcRefinementThreads                  = 4                                         {product} {ergonomic}
   size_t G1HeapRegionSize                         = 1048576                                   {product} {ergonomic}
    uintx GCDrainStackTargetSize                   = 64                                        {product} {ergonomic}
   size_t InitialHeapSize                          = 100663296                                 {product} {ergonomic}
   size_t MarkStackSize                            = 4194304                                   {product} {ergonomic}
   size_t MaxHeapSize                              = 2147483648                                {product} {command line}
   size_t MaxNewSize                               = 1287651328                                {product} {ergonomic}
   size_t MinHeapDeltaBytes                        = 1048576                                   {product} {ergonomic}
    uintx NonNMethodCodeHeapSize                   = 5830732                                {pd product} {ergonomic}
    uintx NonProfiledCodeHeapSize                  = 122913754                              {pd product} {ergonomic}
    uintx ProfiledCodeHeapSize                     = 122913754                              {pd product} {ergonomic}
    uintx ReservedCodeCacheSize                    = 251658240                              {pd product} {ergonomic}
     bool SegmentedCodeCache                       = true                                      {product} {ergonomic}
     bool UseCompressedClassPointers               = true                                 {lp64_product} {ergonomic}
     bool UseCompressedOops                        = true                                 {lp64_product} {ergonomic}
     bool UseG1GC                                  = true                                      {product} {ergonomic}
     bool UseLargePagesIndividualAllocation        = false                                  {pd product} {ergonomic}

Logging:
Log output configuration:
 #0: stdout all=warning uptime,level,tags
 #1: stderr all=off uptime,level,tags

Environment Variables:
PATH=C:\Program Files (x86)\NVIDIA Corporation\PhysX\Common;C:\Program Files (x86)\Common Files\Oracle\Java\javapath;C:\Windows\system32;C:\Windows;C:\Windows\System32\Wbem;C:\Windows\System32\WindowsPowerShell\v1.0\;C:\Windows\System32\OpenSSH\;C:\Users\User\AppData\Local\Microsoft\WindowsApps;C:\Users\User\AppData\Local\GitHubDesktop\bin;C:\adb;C:\Program Files\nodejs\;C:\Users\User\AppData\Local\Microsoft\WindowsApps;C:\Users\User\AppData\Local\GitHubDesktop\bin;C:\Users\User\AppData\Roaming\npm
USERNAME=User
OS=Windows_NT
PROCESSOR_IDENTIFIER=Intel64 Family 6 Model 69 Stepping 1, GenuineIntel



---------------  S Y S T E M  ---------------

OS: Windows 10 , 64 bit Build 18362 (10.0.18362.329)
OS uptime: 0 days 7:41 hours

CPU:total 4 (initial active 4) (2 cores per cpu, 2 threads per core) family 6 model 69 stepping 1 microcode 0x24, cmov, cx8, fxsr, mmx, sse, sse2, sse3, ssse3, sse4.1, sse4.2, popcnt, avx, avx2, aes, clmul, erms, lzcnt, ht, tsc, tscinvbit, bmi1, bmi2, fma

Memory: 4k page, system-wide physical 6027M (327M free)
TotalPageFile size 6027M (AvailPageFile size 4M)
current process WorkingSet (physical memory assigned to process): 389M, peak: 396M
current process commit charge ("private bytes"): 423M, peak: 428M

vm_info: OpenJDK 64-Bit Server VM (11.0.10+0-b96-7249189) for windows-amd64 JRE (11.0.10+0-b96-7249189), built on Mar 31 2021 21:44:00 by "builder" with MS VC++ 14.0 (VS2015)

END.
